INFO - 2023-10-20 01:51:58 --> Session: Class initialized using 'CodeIgniter\Session\Handlers\FileHandler' driver.
INFO - 2023-10-20 01:52:20 --> Session: Class initialized using 'CodeIgniter\Session\Handlers\FileHandler' driver.
INFO - 2023-10-20 01:52:47 --> Session: Class initialized using 'CodeIgniter\Session\Handlers\FileHandler' driver.
INFO - 2023-10-20 01:53:00 --> Session: Class initialized using 'CodeIgniter\Session\Handlers\FileHandler' driver.
INFO - 2023-10-20 01:53:42 --> Session: Class initialized using 'CodeIgniter\Session\Handlers\FileHandler' driver.
INFO - 2023-10-20 01:53:48 --> Session: Class initialized using 'CodeIgniter\Session\Handlers\FileHandler' driver.
ERROR - 2023-10-20 01:53:48 --> mysqli_sql_exception: Column 'id' cannot be null in C:\xampp2\htdocs\dismat\system\Database\MySQLi\Connection.php:295
Stack trace:
#0 C:\xampp2\htdocs\dismat\system\Database\MySQLi\Connection.php(295): mysqli->query('INSERT INTO `co...', 0)
#1 C:\xampp2\htdocs\dismat\system\Database\BaseConnection.php(692): CodeIgniter\Database\MySQLi\Connection->execute('INSERT INTO `co...')
#2 C:\xampp2\htdocs\dismat\system\Database\BaseConnection.php(606): CodeIgniter\Database\BaseConnection->simpleQuery('INSERT INTO `co...')
#3 C:\xampp2\htdocs\dismat\system\Database\BaseBuilder.php(2309): CodeIgniter\Database\BaseConnection->query('INSERT INTO `co...', Array, false)
#4 C:\xampp2\htdocs\dismat\system\Model.php(330): CodeIgniter\Database\BaseBuilder->insert()
#5 C:\xampp2\htdocs\dismat\system\BaseModel.php(782): CodeIgniter\Model->doInsert(Array)
#6 C:\xampp2\htdocs\dismat\system\Model.php(730): CodeIgniter\BaseModel->insert(Array, true)
#7 C:\xampp2\htdocs\dismat\app\Models\ComprasModel.php(43): CodeIgniter\Model->insert(Array)
#8 C:\xampp2\htdocs\dismat\app\Controllers\Compras.php(54): App\Models\ComprasModel->insertaCompra('6531dda6c0a4a', '0.00', NULL)
#9 C:\xampp2\htdocs\dismat\system\CodeIgniter.php(932): App\Controllers\Compras->guarda()
#10 C:\xampp2\htdocs\dismat\system\CodeIgniter.php(497): CodeIgniter\CodeIgniter->runController(Object(App\Controllers\Compras))
#11 C:\xampp2\htdocs\dismat\system\CodeIgniter.php(366): CodeIgniter\CodeIgniter->handleRequest(NULL, Object(Config\Cache), false)
#12 C:\xampp2\htdocs\dismat\public\index.php(67): CodeIgniter\CodeIgniter->run()
#13 {main}
CRITICAL - 2023-10-20 01:53:48 --> Column 'id' cannot be null
in SYSTEMPATH\Database\MySQLi\Connection.php on line 295.
 1 SYSTEMPATH\Database\MySQLi\Connection.php(295): mysqli->query('INSERT INTO `compras` (`id`, `fechaRegistro`, `fechaActualizacion`) VALUES (NULL, \'2023-10-20 01:53:48\', \'2023-10-20 01:53:48\')', 0)
 2 SYSTEMPATH\Database\BaseConnection.php(692): CodeIgniter\Database\MySQLi\Connection->execute('INSERT INTO `compras` (`id`, `fechaRegistro`, `fechaActualizacion`) VALUES (NULL, \'2023-10-20 01:53:48\', \'2023-10-20 01:53:48\')')
 3 SYSTEMPATH\Database\BaseConnection.php(606): CodeIgniter\Database\BaseConnection->simpleQuery('INSERT INTO `compras` (`id`, `fechaRegistro`, `fechaActualizacion`) VALUES (NULL, \'2023-10-20 01:53:48\', \'2023-10-20 01:53:48\')')
 4 SYSTEMPATH\Database\BaseBuilder.php(2309): CodeIgniter\Database\BaseConnection->query('INSERT INTO `compras` (`id`, `fechaRegistro`, `fechaActualizacion`) VALUES (:id:, :fechaRegistro:, :fechaActualizacion:)', [...], false)
 5 SYSTEMPATH\Model.php(330): CodeIgniter\Database\BaseBuilder->insert()
 6 SYSTEMPATH\BaseModel.php(782): CodeIgniter\Model->doInsert([...])
 7 SYSTEMPATH\Model.php(730): CodeIgniter\BaseModel->insert([...], true)
 8 APPPATH\Models\ComprasModel.php(43): CodeIgniter\Model->insert([...])
 9 APPPATH\Controllers\Compras.php(54): App\Models\ComprasModel->insertaCompra('6531dda6c0a4a', '0.00', null)
10 SYSTEMPATH\CodeIgniter.php(932): App\Controllers\Compras->guarda()
11 SYSTEMPATH\CodeIgniter.php(497): CodeIgniter\CodeIgniter->runController(Object(App\Controllers\Compras))
12 SYSTEMPATH\CodeIgniter.php(366): CodeIgniter\CodeIgniter->handleRequest(null, Object(Config\Cache), false)
13 FCPATH\index.php(67): CodeIgniter\CodeIgniter->run()
INFO - 2023-10-20 01:53:56 --> Session: Class initialized using 'CodeIgniter\Session\Handlers\FileHandler' driver.
INFO - 2023-10-20 01:54:03 --> Session: Class initialized using 'CodeIgniter\Session\Handlers\FileHandler' driver.
ERROR - 2023-10-20 01:54:03 --> mysqli_sql_exception: Column 'id' cannot be null in C:\xampp2\htdocs\dismat\system\Database\MySQLi\Connection.php:295
Stack trace:
#0 C:\xampp2\htdocs\dismat\system\Database\MySQLi\Connection.php(295): mysqli->query('INSERT INTO `co...', 0)
#1 C:\xampp2\htdocs\dismat\system\Database\BaseConnection.php(692): CodeIgniter\Database\MySQLi\Connection->execute('INSERT INTO `co...')
#2 C:\xampp2\htdocs\dismat\system\Database\BaseConnection.php(606): CodeIgniter\Database\BaseConnection->simpleQuery('INSERT INTO `co...')
#3 C:\xampp2\htdocs\dismat\system\Database\BaseBuilder.php(2309): CodeIgniter\Database\BaseConnection->query('INSERT INTO `co...', Array, false)
#4 C:\xampp2\htdocs\dismat\system\Model.php(330): CodeIgniter\Database\BaseBuilder->insert()
#5 C:\xampp2\htdocs\dismat\system\BaseModel.php(782): CodeIgniter\Model->doInsert(Array)
#6 C:\xampp2\htdocs\dismat\system\Model.php(730): CodeIgniter\BaseModel->insert(Array, true)
#7 C:\xampp2\htdocs\dismat\app\Models\ComprasModel.php(43): CodeIgniter\Model->insert(Array)
#8 C:\xampp2\htdocs\dismat\app\Controllers\Compras.php(54): App\Models\ComprasModel->insertaCompra('6531ddb431dd0', '0.00', NULL)
#9 C:\xampp2\htdocs\dismat\system\CodeIgniter.php(932): App\Controllers\Compras->guarda()
#10 C:\xampp2\htdocs\dismat\system\CodeIgniter.php(497): CodeIgniter\CodeIgniter->runController(Object(App\Controllers\Compras))
#11 C:\xampp2\htdocs\dismat\system\CodeIgniter.php(366): CodeIgniter\CodeIgniter->handleRequest(NULL, Object(Config\Cache), false)
#12 C:\xampp2\htdocs\dismat\public\index.php(67): CodeIgniter\CodeIgniter->run()
#13 {main}
CRITICAL - 2023-10-20 01:54:03 --> Column 'id' cannot be null
in SYSTEMPATH\Database\MySQLi\Connection.php on line 295.
 1 SYSTEMPATH\Database\MySQLi\Connection.php(295): mysqli->query('INSERT INTO `compras` (`id`, `fechaRegistro`, `fechaActualizacion`) VALUES (NULL, \'2023-10-20 01:54:03\', \'2023-10-20 01:54:03\')', 0)
 2 SYSTEMPATH\Database\BaseConnection.php(692): CodeIgniter\Database\MySQLi\Connection->execute('INSERT INTO `compras` (`id`, `fechaRegistro`, `fechaActualizacion`) VALUES (NULL, \'2023-10-20 01:54:03\', \'2023-10-20 01:54:03\')')
 3 SYSTEMPATH\Database\BaseConnection.php(606): CodeIgniter\Database\BaseConnection->simpleQuery('INSERT INTO `compras` (`id`, `fechaRegistro`, `fechaActualizacion`) VALUES (NULL, \'2023-10-20 01:54:03\', \'2023-10-20 01:54:03\')')
 4 SYSTEMPATH\Database\BaseBuilder.php(2309): CodeIgniter\Database\BaseConnection->query('INSERT INTO `compras` (`id`, `fechaRegistro`, `fechaActualizacion`) VALUES (:id:, :fechaRegistro:, :fechaActualizacion:)', [...], false)
 5 SYSTEMPATH\Model.php(330): CodeIgniter\Database\BaseBuilder->insert()
 6 SYSTEMPATH\BaseModel.php(782): CodeIgniter\Model->doInsert([...])
 7 SYSTEMPATH\Model.php(730): CodeIgniter\BaseModel->insert([...], true)
 8 APPPATH\Models\ComprasModel.php(43): CodeIgniter\Model->insert([...])
 9 APPPATH\Controllers\Compras.php(54): App\Models\ComprasModel->insertaCompra('6531ddb431dd0', '0.00', null)
10 SYSTEMPATH\CodeIgniter.php(932): App\Controllers\Compras->guarda()
11 SYSTEMPATH\CodeIgniter.php(497): CodeIgniter\CodeIgniter->runController(Object(App\Controllers\Compras))
12 SYSTEMPATH\CodeIgniter.php(366): CodeIgniter\CodeIgniter->handleRequest(null, Object(Config\Cache), false)
13 FCPATH\index.php(67): CodeIgniter\CodeIgniter->run()
INFO - 2023-10-20 01:55:32 --> Session: Class initialized using 'CodeIgniter\Session\Handlers\FileHandler' driver.
INFO - 2023-10-20 01:55:47 --> Session: Class initialized using 'CodeIgniter\Session\Handlers\FileHandler' driver.
ERROR - 2023-10-20 01:55:47 --> mysqli_sql_exception: Column 'id' cannot be null in C:\xampp2\htdocs\dismat\system\Database\MySQLi\Connection.php:295
Stack trace:
#0 C:\xampp2\htdocs\dismat\system\Database\MySQLi\Connection.php(295): mysqli->query('INSERT INTO `co...', 0)
#1 C:\xampp2\htdocs\dismat\system\Database\BaseConnection.php(692): CodeIgniter\Database\MySQLi\Connection->execute('INSERT INTO `co...')
#2 C:\xampp2\htdocs\dismat\system\Database\BaseConnection.php(606): CodeIgniter\Database\BaseConnection->simpleQuery('INSERT INTO `co...')
#3 C:\xampp2\htdocs\dismat\system\Database\BaseBuilder.php(2309): CodeIgniter\Database\BaseConnection->query('INSERT INTO `co...', Array, false)
#4 C:\xampp2\htdocs\dismat\system\Model.php(330): CodeIgniter\Database\BaseBuilder->insert()
#5 C:\xampp2\htdocs\dismat\system\BaseModel.php(782): CodeIgniter\Model->doInsert(Array)
#6 C:\xampp2\htdocs\dismat\system\Model.php(730): CodeIgniter\BaseModel->insert(Array, true)
#7 C:\xampp2\htdocs\dismat\app\Models\ComprasModel.php(43): CodeIgniter\Model->insert(Array)
#8 C:\xampp2\htdocs\dismat\app\Controllers\Compras.php(54): App\Models\ComprasModel->insertaCompra('6531de14a2eb4', '0.00', NULL)
#9 C:\xampp2\htdocs\dismat\system\CodeIgniter.php(932): App\Controllers\Compras->guarda()
#10 C:\xampp2\htdocs\dismat\system\CodeIgniter.php(497): CodeIgniter\CodeIgniter->runController(Object(App\Controllers\Compras))
#11 C:\xampp2\htdocs\dismat\system\CodeIgniter.php(366): CodeIgniter\CodeIgniter->handleRequest(NULL, Object(Config\Cache), false)
#12 C:\xampp2\htdocs\dismat\public\index.php(67): CodeIgniter\CodeIgniter->run()
#13 {main}
CRITICAL - 2023-10-20 01:55:47 --> Column 'id' cannot be null
in SYSTEMPATH\Database\MySQLi\Connection.php on line 295.
 1 SYSTEMPATH\Database\MySQLi\Connection.php(295): mysqli->query('INSERT INTO `compras` (`id`, `fechaRegistro`, `fechaActualizacion`) VALUES (NULL, \'2023-10-20 01:55:47\', \'2023-10-20 01:55:47\')', 0)
 2 SYSTEMPATH\Database\BaseConnection.php(692): CodeIgniter\Database\MySQLi\Connection->execute('INSERT INTO `compras` (`id`, `fechaRegistro`, `fechaActualizacion`) VALUES (NULL, \'2023-10-20 01:55:47\', \'2023-10-20 01:55:47\')')
 3 SYSTEMPATH\Database\BaseConnection.php(606): CodeIgniter\Database\BaseConnection->simpleQuery('INSERT INTO `compras` (`id`, `fechaRegistro`, `fechaActualizacion`) VALUES (NULL, \'2023-10-20 01:55:47\', \'2023-10-20 01:55:47\')')
 4 SYSTEMPATH\Database\BaseBuilder.php(2309): CodeIgniter\Database\BaseConnection->query('INSERT INTO `compras` (`id`, `fechaRegistro`, `fechaActualizacion`) VALUES (:id:, :fechaRegistro:, :fechaActualizacion:)', [...], false)
 5 SYSTEMPATH\Model.php(330): CodeIgniter\Database\BaseBuilder->insert()
 6 SYSTEMPATH\BaseModel.php(782): CodeIgniter\Model->doInsert([...])
 7 SYSTEMPATH\Model.php(730): CodeIgniter\BaseModel->insert([...], true)
 8 APPPATH\Models\ComprasModel.php(43): CodeIgniter\Model->insert([...])
 9 APPPATH\Controllers\Compras.php(54): App\Models\ComprasModel->insertaCompra('6531de14a2eb4', '0.00', null)
10 SYSTEMPATH\CodeIgniter.php(932): App\Controllers\Compras->guarda()
11 SYSTEMPATH\CodeIgniter.php(497): CodeIgniter\CodeIgniter->runController(Object(App\Controllers\Compras))
12 SYSTEMPATH\CodeIgniter.php(366): CodeIgniter\CodeIgniter->handleRequest(null, Object(Config\Cache), false)
13 FCPATH\index.php(67): CodeIgniter\CodeIgniter->run()
INFO - 2023-10-20 01:56:00 --> Session: Class initialized using 'CodeIgniter\Session\Handlers\FileHandler' driver.
INFO - 2023-10-20 01:56:12 --> Session: Class initialized using 'CodeIgniter\Session\Handlers\FileHandler' driver.
ERROR - 2023-10-20 01:56:12 --> mysqli_sql_exception: Column 'id' cannot be null in C:\xampp2\htdocs\dismat\system\Database\MySQLi\Connection.php:295
Stack trace:
#0 C:\xampp2\htdocs\dismat\system\Database\MySQLi\Connection.php(295): mysqli->query('INSERT INTO `co...', 0)
#1 C:\xampp2\htdocs\dismat\system\Database\BaseConnection.php(692): CodeIgniter\Database\MySQLi\Connection->execute('INSERT INTO `co...')
#2 C:\xampp2\htdocs\dismat\system\Database\BaseConnection.php(606): CodeIgniter\Database\BaseConnection->simpleQuery('INSERT INTO `co...')
#3 C:\xampp2\htdocs\dismat\system\Database\BaseBuilder.php(2309): CodeIgniter\Database\BaseConnection->query('INSERT INTO `co...', Array, false)
#4 C:\xampp2\htdocs\dismat\system\Model.php(330): CodeIgniter\Database\BaseBuilder->insert()
#5 C:\xampp2\htdocs\dismat\system\BaseModel.php(782): CodeIgniter\Model->doInsert(Array)
#6 C:\xampp2\htdocs\dismat\system\Model.php(730): CodeIgniter\BaseModel->insert(Array, true)
#7 C:\xampp2\htdocs\dismat\app\Models\ComprasModel.php(43): CodeIgniter\Model->insert(Array)
#8 C:\xampp2\htdocs\dismat\app\Controllers\Compras.php(54): App\Models\ComprasModel->insertaCompra('6531de308e882', '0.00', NULL)
#9 C:\xampp2\htdocs\dismat\system\CodeIgniter.php(932): App\Controllers\Compras->guarda()
#10 C:\xampp2\htdocs\dismat\system\CodeIgniter.php(497): CodeIgniter\CodeIgniter->runController(Object(App\Controllers\Compras))
#11 C:\xampp2\htdocs\dismat\system\CodeIgniter.php(366): CodeIgniter\CodeIgniter->handleRequest(NULL, Object(Config\Cache), false)
#12 C:\xampp2\htdocs\dismat\public\index.php(67): CodeIgniter\CodeIgniter->run()
#13 {main}
CRITICAL - 2023-10-20 01:56:12 --> Column 'id' cannot be null
in SYSTEMPATH\Database\MySQLi\Connection.php on line 295.
 1 SYSTEMPATH\Database\MySQLi\Connection.php(295): mysqli->query('INSERT INTO `compras` (`id`, `fechaRegistro`, `fechaActualizacion`) VALUES (NULL, \'2023-10-20 01:56:12\', \'2023-10-20 01:56:12\')', 0)
 2 SYSTEMPATH\Database\BaseConnection.php(692): CodeIgniter\Database\MySQLi\Connection->execute('INSERT INTO `compras` (`id`, `fechaRegistro`, `fechaActualizacion`) VALUES (NULL, \'2023-10-20 01:56:12\', \'2023-10-20 01:56:12\')')
 3 SYSTEMPATH\Database\BaseConnection.php(606): CodeIgniter\Database\BaseConnection->simpleQuery('INSERT INTO `compras` (`id`, `fechaRegistro`, `fechaActualizacion`) VALUES (NULL, \'2023-10-20 01:56:12\', \'2023-10-20 01:56:12\')')
 4 SYSTEMPATH\Database\BaseBuilder.php(2309): CodeIgniter\Database\BaseConnection->query('INSERT INTO `compras` (`id`, `fechaRegistro`, `fechaActualizacion`) VALUES (:id:, :fechaRegistro:, :fechaActualizacion:)', [...], false)
 5 SYSTEMPATH\Model.php(330): CodeIgniter\Database\BaseBuilder->insert()
 6 SYSTEMPATH\BaseModel.php(782): CodeIgniter\Model->doInsert([...])
 7 SYSTEMPATH\Model.php(730): CodeIgniter\BaseModel->insert([...], true)
 8 APPPATH\Models\ComprasModel.php(43): CodeIgniter\Model->insert([...])
 9 APPPATH\Controllers\Compras.php(54): App\Models\ComprasModel->insertaCompra('6531de308e882', '0.00', null)
10 SYSTEMPATH\CodeIgniter.php(932): App\Controllers\Compras->guarda()
11 SYSTEMPATH\CodeIgniter.php(497): CodeIgniter\CodeIgniter->runController(Object(App\Controllers\Compras))
12 SYSTEMPATH\CodeIgniter.php(366): CodeIgniter\CodeIgniter->handleRequest(null, Object(Config\Cache), false)
13 FCPATH\index.php(67): CodeIgniter\CodeIgniter->run()
INFO - 2023-10-20 01:57:11 --> Session: Class initialized using 'CodeIgniter\Session\Handlers\FileHandler' driver.
CRITICAL - 2023-10-20 01:57:11 --> Object of class CodeIgniter\Session\Session could not be converted to string
in SYSTEMPATH\Database\Query.php on line 335.
 1 SYSTEMPATH\Database\Query.php(335): strtr('INSERT INTO `compras` (`id`, `fechaRegistro`, `fechaActualizacion`) VALUES (:id:, :fechaRegistro:, :fechaActualizacion:)', [...])
 2 SYSTEMPATH\Database\Query.php(310): CodeIgniter\Database\Query->matchNamedBinds('INSERT INTO `compras` (`id`, `fechaRegistro`, `fechaActualizacion`) VALUES (:id:, :fechaRegistro:, :fechaActualizacion:)', [...])
 3 SYSTEMPATH\Database\Query.php(159): CodeIgniter\Database\Query->compileBinds()
 4 SYSTEMPATH\Database\BaseConnection.php(606): CodeIgniter\Database\Query->getQuery()
 5 SYSTEMPATH\Database\BaseBuilder.php(2309): CodeIgniter\Database\BaseConnection->query('INSERT INTO `compras` (`id`, `fechaRegistro`, `fechaActualizacion`) VALUES (:id:, :fechaRegistro:, :fechaActualizacion:)', [...], false)
 6 SYSTEMPATH\Model.php(330): CodeIgniter\Database\BaseBuilder->insert()
 7 SYSTEMPATH\BaseModel.php(782): CodeIgniter\Model->doInsert([...])
 8 SYSTEMPATH\Model.php(730): CodeIgniter\BaseModel->insert([...], true)
 9 APPPATH\Models\ComprasModel.php(43): CodeIgniter\Model->insert([...])
10 APPPATH\Controllers\Compras.php(54): App\Models\ComprasModel->insertaCompra('6531de308e882', '0.00', Object(CodeIgniter\Session\Session))
11 SYSTEMPATH\CodeIgniter.php(932): App\Controllers\Compras->guarda()
12 SYSTEMPATH\CodeIgniter.php(497): CodeIgniter\CodeIgniter->runController(Object(App\Controllers\Compras))
13 SYSTEMPATH\CodeIgniter.php(366): CodeIgniter\CodeIgniter->handleRequest(null, Object(Config\Cache), false)
14 FCPATH\index.php(67): CodeIgniter\CodeIgniter->run()
CRITICAL - 2023-10-20 01:57:56 --> There is no data to insert.
in SYSTEMPATH\BaseModel.php on line 762.
 1 SYSTEMPATH\BaseModel.php(762): CodeIgniter\Database\Exceptions\DataException::forEmptyDataset('insert')
 2 SYSTEMPATH\Model.php(730): CodeIgniter\BaseModel->insert([], true)
 3 APPPATH\Models\ComprasModel.php(43): CodeIgniter\Model->insert([...])
 4 APPPATH\Controllers\Compras.php(54): App\Models\ComprasModel->insertaCompra('6531de308e882', '0.00')
 5 SYSTEMPATH\CodeIgniter.php(932): App\Controllers\Compras->guarda()
 6 SYSTEMPATH\CodeIgniter.php(497): CodeIgniter\CodeIgniter->runController(Object(App\Controllers\Compras))
 7 SYSTEMPATH\CodeIgniter.php(366): CodeIgniter\CodeIgniter->handleRequest(null, Object(Config\Cache), false)
 8 FCPATH\index.php(67): CodeIgniter\CodeIgniter->run()
CRITICAL - 2023-10-20 01:58:17 --> There is no data to insert.
in SYSTEMPATH\BaseModel.php on line 762.
 1 SYSTEMPATH\BaseModel.php(762): CodeIgniter\Database\Exceptions\DataException::forEmptyDataset('insert')
 2 SYSTEMPATH\Model.php(730): CodeIgniter\BaseModel->insert([], true)
 3 APPPATH\Models\ComprasModel.php(43): CodeIgniter\Model->insert([...])
 4 APPPATH\Controllers\Compras.php(54): App\Models\ComprasModel->insertaCompra('6531de308e882', '0.00')
 5 SYSTEMPATH\CodeIgniter.php(932): App\Controllers\Compras->guarda()
 6 SYSTEMPATH\CodeIgniter.php(497): CodeIgniter\CodeIgniter->runController(Object(App\Controllers\Compras))
 7 SYSTEMPATH\CodeIgniter.php(366): CodeIgniter\CodeIgniter->handleRequest(null, Object(Config\Cache), false)
 8 FCPATH\index.php(67): CodeIgniter\CodeIgniter->run()
CRITICAL - 2023-10-20 01:58:30 --> Unmatched '}'
in APPPATH\Models\ComprasModel.php on line 49.
 1 SYSTEMPATH\Autoloader\Autoloader.php(291): CodeIgniter\Autoloader\Autoloader->includeFile('C:\\xampp2\\htdocs\\dismat\\app\\Models\\ComprasModel.php')
 2 SYSTEMPATH\Autoloader\Autoloader.php(269): CodeIgniter\Autoloader\Autoloader->loadInNamespace('App\\Models\\ComprasModel')
 3 APPPATH\Controllers\Compras.php(14): CodeIgniter\Autoloader\Autoloader->loadClass('App\\Models\\ComprasModel')
 4 SYSTEMPATH\CodeIgniter.php(904): App\Controllers\Compras->__construct()
 5 SYSTEMPATH\CodeIgniter.php(488): CodeIgniter\CodeIgniter->createController()
 6 SYSTEMPATH\CodeIgniter.php(366): CodeIgniter\CodeIgniter->handleRequest(null, Object(Config\Cache), false)
 7 FCPATH\index.php(67): CodeIgniter\CodeIgniter->run()
CRITICAL - 2023-10-20 01:58:40 --> Call to undefined method App\Models\ComprasModel::insertaCompra
in SYSTEMPATH\Model.php on line 838.
 1 APPPATH\Controllers\Compras.php(54): CodeIgniter\Model->__call('insertaCompra', [...])
 2 SYSTEMPATH\CodeIgniter.php(932): App\Controllers\Compras->guarda()
 3 SYSTEMPATH\CodeIgniter.php(497): CodeIgniter\CodeIgniter->runController(Object(App\Controllers\Compras))
 4 SYSTEMPATH\CodeIgniter.php(366): CodeIgniter\CodeIgniter->handleRequest(null, Object(Config\Cache), false)
 5 FCPATH\index.php(67): CodeIgniter\CodeIgniter->run()
INFO - 2023-10-20 02:00:08 --> Session: Class initialized using 'CodeIgniter\Session\Handlers\FileHandler' driver.
ERROR - 2023-10-20 02:00:08 --> mysqli_sql_exception: Column 'id' cannot be null in C:\xampp2\htdocs\dismat\system\Database\MySQLi\Connection.php:295
Stack trace:
#0 C:\xampp2\htdocs\dismat\system\Database\MySQLi\Connection.php(295): mysqli->query('INSERT INTO `co...', 0)
#1 C:\xampp2\htdocs\dismat\system\Database\BaseConnection.php(692): CodeIgniter\Database\MySQLi\Connection->execute('INSERT INTO `co...')
#2 C:\xampp2\htdocs\dismat\system\Database\BaseConnection.php(606): CodeIgniter\Database\BaseConnection->simpleQuery('INSERT INTO `co...')
#3 C:\xampp2\htdocs\dismat\system\Database\BaseBuilder.php(2309): CodeIgniter\Database\BaseConnection->query('INSERT INTO `co...', Array, false)
#4 C:\xampp2\htdocs\dismat\system\Model.php(330): CodeIgniter\Database\BaseBuilder->insert()
#5 C:\xampp2\htdocs\dismat\system\BaseModel.php(782): CodeIgniter\Model->doInsert(Array)
#6 C:\xampp2\htdocs\dismat\system\Model.php(730): CodeIgniter\BaseModel->insert(Array, true)
#7 C:\xampp2\htdocs\dismat\app\Models\ComprasModel.php(43): CodeIgniter\Model->insert(Array)
#8 C:\xampp2\htdocs\dismat\app\Controllers\Compras.php(54): App\Models\ComprasModel->insertaCompra('6531de308e882', '0.00', NULL)
#9 C:\xampp2\htdocs\dismat\system\CodeIgniter.php(932): App\Controllers\Compras->guarda()
#10 C:\xampp2\htdocs\dismat\system\CodeIgniter.php(497): CodeIgniter\CodeIgniter->runController(Object(App\Controllers\Compras))
#11 C:\xampp2\htdocs\dismat\system\CodeIgniter.php(366): CodeIgniter\CodeIgniter->handleRequest(NULL, Object(Config\Cache), false)
#12 C:\xampp2\htdocs\dismat\public\index.php(67): CodeIgniter\CodeIgniter->run()
#13 {main}
CRITICAL - 2023-10-20 02:00:08 --> Column 'id' cannot be null
in SYSTEMPATH\Database\MySQLi\Connection.php on line 295.
 1 SYSTEMPATH\Database\MySQLi\Connection.php(295): mysqli->query('INSERT INTO `compras` (`id`, `fechaRegistro`, `fechaActualizacion`) VALUES (NULL, \'2023-10-20 02:00:08\', \'2023-10-20 02:00:08\')', 0)
 2 SYSTEMPATH\Database\BaseConnection.php(692): CodeIgniter\Database\MySQLi\Connection->execute('INSERT INTO `compras` (`id`, `fechaRegistro`, `fechaActualizacion`) VALUES (NULL, \'2023-10-20 02:00:08\', \'2023-10-20 02:00:08\')')
 3 SYSTEMPATH\Database\BaseConnection.php(606): CodeIgniter\Database\BaseConnection->simpleQuery('INSERT INTO `compras` (`id`, `fechaRegistro`, `fechaActualizacion`) VALUES (NULL, \'2023-10-20 02:00:08\', \'2023-10-20 02:00:08\')')
 4 SYSTEMPATH\Database\BaseBuilder.php(2309): CodeIgniter\Database\BaseConnection->query('INSERT INTO `compras` (`id`, `fechaRegistro`, `fechaActualizacion`) VALUES (:id:, :fechaRegistro:, :fechaActualizacion:)', [...], false)
 5 SYSTEMPATH\Model.php(330): CodeIgniter\Database\BaseBuilder->insert()
 6 SYSTEMPATH\BaseModel.php(782): CodeIgniter\Model->doInsert([...])
 7 SYSTEMPATH\Model.php(730): CodeIgniter\BaseModel->insert([...], true)
 8 APPPATH\Models\ComprasModel.php(43): CodeIgniter\Model->insert([...])
 9 APPPATH\Controllers\Compras.php(54): App\Models\ComprasModel->insertaCompra('6531de308e882', '0.00', null)
10 SYSTEMPATH\CodeIgniter.php(932): App\Controllers\Compras->guarda()
11 SYSTEMPATH\CodeIgniter.php(497): CodeIgniter\CodeIgniter->runController(Object(App\Controllers\Compras))
12 SYSTEMPATH\CodeIgniter.php(366): CodeIgniter\CodeIgniter->handleRequest(null, Object(Config\Cache), false)
13 FCPATH\index.php(67): CodeIgniter\CodeIgniter->run()
INFO - 2023-10-20 02:01:04 --> Session: Class initialized using 'CodeIgniter\Session\Handlers\FileHandler' driver.
ERROR - 2023-10-20 02:01:04 --> mysqli_sql_exception: Column 'id' cannot be null in C:\xampp2\htdocs\dismat\system\Database\MySQLi\Connection.php:295
Stack trace:
#0 C:\xampp2\htdocs\dismat\system\Database\MySQLi\Connection.php(295): mysqli->query('INSERT INTO `co...', 0)
#1 C:\xampp2\htdocs\dismat\system\Database\BaseConnection.php(692): CodeIgniter\Database\MySQLi\Connection->execute('INSERT INTO `co...')
#2 C:\xampp2\htdocs\dismat\system\Database\BaseConnection.php(606): CodeIgniter\Database\BaseConnection->simpleQuery('INSERT INTO `co...')
#3 C:\xampp2\htdocs\dismat\system\Database\BaseBuilder.php(2309): CodeIgniter\Database\BaseConnection->query('INSERT INTO `co...', Array, false)
#4 C:\xampp2\htdocs\dismat\system\Model.php(330): CodeIgniter\Database\BaseBuilder->insert()
#5 C:\xampp2\htdocs\dismat\system\BaseModel.php(782): CodeIgniter\Model->doInsert(Array)
#6 C:\xampp2\htdocs\dismat\system\Model.php(730): CodeIgniter\BaseModel->insert(Array, true)
#7 C:\xampp2\htdocs\dismat\app\Models\ComprasModel.php(43): CodeIgniter\Model->insert(Array)
#8 C:\xampp2\htdocs\dismat\app\Controllers\Compras.php(54): App\Models\ComprasModel->insertaCompra('6531de308e882', '0.00', NULL)
#9 C:\xampp2\htdocs\dismat\system\CodeIgniter.php(932): App\Controllers\Compras->guarda()
#10 C:\xampp2\htdocs\dismat\system\CodeIgniter.php(497): CodeIgniter\CodeIgniter->runController(Object(App\Controllers\Compras))
#11 C:\xampp2\htdocs\dismat\system\CodeIgniter.php(366): CodeIgniter\CodeIgniter->handleRequest(NULL, Object(Config\Cache), false)
#12 C:\xampp2\htdocs\dismat\public\index.php(67): CodeIgniter\CodeIgniter->run()
#13 {main}
CRITICAL - 2023-10-20 02:01:04 --> Column 'id' cannot be null
in SYSTEMPATH\Database\MySQLi\Connection.php on line 295.
 1 SYSTEMPATH\Database\MySQLi\Connection.php(295): mysqli->query('INSERT INTO `compras` (`id`, `fechaRegistro`, `fechaActualizacion`) VALUES (NULL, \'2023-10-20 02:01:04\', \'2023-10-20 02:01:04\')', 0)
 2 SYSTEMPATH\Database\BaseConnection.php(692): CodeIgniter\Database\MySQLi\Connection->execute('INSERT INTO `compras` (`id`, `fechaRegistro`, `fechaActualizacion`) VALUES (NULL, \'2023-10-20 02:01:04\', \'2023-10-20 02:01:04\')')
 3 SYSTEMPATH\Database\BaseConnection.php(606): CodeIgniter\Database\BaseConnection->simpleQuery('INSERT INTO `compras` (`id`, `fechaRegistro`, `fechaActualizacion`) VALUES (NULL, \'2023-10-20 02:01:04\', \'2023-10-20 02:01:04\')')
 4 SYSTEMPATH\Database\BaseBuilder.php(2309): CodeIgniter\Database\BaseConnection->query('INSERT INTO `compras` (`id`, `fechaRegistro`, `fechaActualizacion`) VALUES (:id:, :fechaRegistro:, :fechaActualizacion:)', [...], false)
 5 SYSTEMPATH\Model.php(330): CodeIgniter\Database\BaseBuilder->insert()
 6 SYSTEMPATH\BaseModel.php(782): CodeIgniter\Model->doInsert([...])
 7 SYSTEMPATH\Model.php(730): CodeIgniter\BaseModel->insert([...], true)
 8 APPPATH\Models\ComprasModel.php(43): CodeIgniter\Model->insert([...])
 9 APPPATH\Controllers\Compras.php(54): App\Models\ComprasModel->insertaCompra('6531de308e882', '0.00', null)
10 SYSTEMPATH\CodeIgniter.php(932): App\Controllers\Compras->guarda()
11 SYSTEMPATH\CodeIgniter.php(497): CodeIgniter\CodeIgniter->runController(Object(App\Controllers\Compras))
12 SYSTEMPATH\CodeIgniter.php(366): CodeIgniter\CodeIgniter->handleRequest(null, Object(Config\Cache), false)
13 FCPATH\index.php(67): CodeIgniter\CodeIgniter->run()
INFO - 2023-10-20 02:14:46 --> Session: Class initialized using 'CodeIgniter\Session\Handlers\FileHandler' driver.
ERROR - 2023-10-20 02:14:46 --> mysqli_sql_exception: Column 'id' cannot be null in C:\xampp2\htdocs\dismat\system\Database\MySQLi\Connection.php:295
Stack trace:
#0 C:\xampp2\htdocs\dismat\system\Database\MySQLi\Connection.php(295): mysqli->query('INSERT INTO `co...', 0)
#1 C:\xampp2\htdocs\dismat\system\Database\BaseConnection.php(692): CodeIgniter\Database\MySQLi\Connection->execute('INSERT INTO `co...')
#2 C:\xampp2\htdocs\dismat\system\Database\BaseConnection.php(606): CodeIgniter\Database\BaseConnection->simpleQuery('INSERT INTO `co...')
#3 C:\xampp2\htdocs\dismat\system\Database\BaseBuilder.php(2309): CodeIgniter\Database\BaseConnection->query('INSERT INTO `co...', Array, false)
#4 C:\xampp2\htdocs\dismat\system\Model.php(330): CodeIgniter\Database\BaseBuilder->insert()
#5 C:\xampp2\htdocs\dismat\system\BaseModel.php(782): CodeIgniter\Model->doInsert(Array)
#6 C:\xampp2\htdocs\dismat\system\Model.php(730): CodeIgniter\BaseModel->insert(Array, true)
#7 C:\xampp2\htdocs\dismat\app\Models\ComprasModel.php(43): CodeIgniter\Model->insert(Array)
#8 C:\xampp2\htdocs\dismat\app\Controllers\Compras.php(54): App\Models\ComprasModel->insertaCompra('6531de308e882', '0.00', NULL)
#9 C:\xampp2\htdocs\dismat\system\CodeIgniter.php(932): App\Controllers\Compras->guarda()
#10 C:\xampp2\htdocs\dismat\system\CodeIgniter.php(497): CodeIgniter\CodeIgniter->runController(Object(App\Controllers\Compras))
#11 C:\xampp2\htdocs\dismat\system\CodeIgniter.php(366): CodeIgniter\CodeIgniter->handleRequest(NULL, Object(Config\Cache), false)
#12 C:\xampp2\htdocs\dismat\public\index.php(67): CodeIgniter\CodeIgniter->run()
#13 {main}
CRITICAL - 2023-10-20 02:14:46 --> Column 'id' cannot be null
in SYSTEMPATH\Database\MySQLi\Connection.php on line 295.
 1 SYSTEMPATH\Database\MySQLi\Connection.php(295): mysqli->query('INSERT INTO `compras` (`id`, `fechaRegistro`, `fechaActualizacion`) VALUES (NULL, \'2023-10-20 02:14:46\', \'2023-10-20 02:14:46\')', 0)
 2 SYSTEMPATH\Database\BaseConnection.php(692): CodeIgniter\Database\MySQLi\Connection->execute('INSERT INTO `compras` (`id`, `fechaRegistro`, `fechaActualizacion`) VALUES (NULL, \'2023-10-20 02:14:46\', \'2023-10-20 02:14:46\')')
 3 SYSTEMPATH\Database\BaseConnection.php(606): CodeIgniter\Database\BaseConnection->simpleQuery('INSERT INTO `compras` (`id`, `fechaRegistro`, `fechaActualizacion`) VALUES (NULL, \'2023-10-20 02:14:46\', \'2023-10-20 02:14:46\')')
 4 SYSTEMPATH\Database\BaseBuilder.php(2309): CodeIgniter\Database\BaseConnection->query('INSERT INTO `compras` (`id`, `fechaRegistro`, `fechaActualizacion`) VALUES (:id:, :fechaRegistro:, :fechaActualizacion:)', [...], false)
 5 SYSTEMPATH\Model.php(330): CodeIgniter\Database\BaseBuilder->insert()
 6 SYSTEMPATH\BaseModel.php(782): CodeIgniter\Model->doInsert([...])
 7 SYSTEMPATH\Model.php(730): CodeIgniter\BaseModel->insert([...], true)
 8 APPPATH\Models\ComprasModel.php(43): CodeIgniter\Model->insert([...])
 9 APPPATH\Controllers\Compras.php(54): App\Models\ComprasModel->insertaCompra('6531de308e882', '0.00', null)
10 SYSTEMPATH\CodeIgniter.php(932): App\Controllers\Compras->guarda()
11 SYSTEMPATH\CodeIgniter.php(497): CodeIgniter\CodeIgniter->runController(Object(App\Controllers\Compras))
12 SYSTEMPATH\CodeIgniter.php(366): CodeIgniter\CodeIgniter->handleRequest(null, Object(Config\Cache), false)
13 FCPATH\index.php(67): CodeIgniter\CodeIgniter->run()
INFO - 2023-10-20 02:14:53 --> Session: Class initialized using 'CodeIgniter\Session\Handlers\FileHandler' driver.
INFO - 2023-10-20 02:14:57 --> Session: Class initialized using 'CodeIgniter\Session\Handlers\FileHandler' driver.
INFO - 2023-10-20 02:16:31 --> Session: Class initialized using 'CodeIgniter\Session\Handlers\FileHandler' driver.
INFO - 2023-10-20 02:23:57 --> Session: Class initialized using 'CodeIgniter\Session\Handlers\FileHandler' driver.
INFO - 2023-10-20 02:27:49 --> Session: Class initialized using 'CodeIgniter\Session\Handlers\FileHandler' driver.
INFO - 2023-10-20 02:32:22 --> Session: Class initialized using 'CodeIgniter\Session\Handlers\FileHandler' driver.
INFO - 2023-10-20 02:34:25 --> Session: Class initialized using 'CodeIgniter\Session\Handlers\FileHandler' driver.
INFO - 2023-10-20 02:43:36 --> Session: Class initialized using 'CodeIgniter\Session\Handlers\FileHandler' driver.
INFO - 2023-10-20 02:49:16 --> Session: Class initialized using 'CodeIgniter\Session\Handlers\FileHandler' driver.
INFO - 2023-10-20 02:49:24 --> Session: Class initialized using 'CodeIgniter\Session\Handlers\FileHandler' driver.
ERROR - 2023-10-20 02:49:24 --> mysqli_sql_exception: Column 'id' cannot be null in C:\xampp2\htdocs\dismat\system\Database\MySQLi\Connection.php:295
Stack trace:
#0 C:\xampp2\htdocs\dismat\system\Database\MySQLi\Connection.php(295): mysqli->query('INSERT INTO `co...', 0)
#1 C:\xampp2\htdocs\dismat\system\Database\BaseConnection.php(692): CodeIgniter\Database\MySQLi\Connection->execute('INSERT INTO `co...')
#2 C:\xampp2\htdocs\dismat\system\Database\BaseConnection.php(606): CodeIgniter\Database\BaseConnection->simpleQuery('INSERT INTO `co...')
#3 C:\xampp2\htdocs\dismat\system\Database\BaseBuilder.php(2309): CodeIgniter\Database\BaseConnection->query('INSERT INTO `co...', Array, false)
#4 C:\xampp2\htdocs\dismat\system\Model.php(330): CodeIgniter\Database\BaseBuilder->insert()
#5 C:\xampp2\htdocs\dismat\system\BaseModel.php(782): CodeIgniter\Model->doInsert(Array)
#6 C:\xampp2\htdocs\dismat\system\Model.php(730): CodeIgniter\BaseModel->insert(Array, true)
#7 C:\xampp2\htdocs\dismat\app\Models\ComprasModel.php(43): CodeIgniter\Model->insert(Array)
#8 C:\xampp2\htdocs\dismat\app\Controllers\Compras.php(54): App\Models\ComprasModel->insertaCompra('6531eaacc671d', '0.00', NULL)
#9 C:\xampp2\htdocs\dismat\system\CodeIgniter.php(932): App\Controllers\Compras->guarda()
#10 C:\xampp2\htdocs\dismat\system\CodeIgniter.php(497): CodeIgniter\CodeIgniter->runController(Object(App\Controllers\Compras))
#11 C:\xampp2\htdocs\dismat\system\CodeIgniter.php(366): CodeIgniter\CodeIgniter->handleRequest(NULL, Object(Config\Cache), false)
#12 C:\xampp2\htdocs\dismat\public\index.php(67): CodeIgniter\CodeIgniter->run()
#13 {main}
CRITICAL - 2023-10-20 02:49:24 --> Column 'id' cannot be null
in SYSTEMPATH\Database\MySQLi\Connection.php on line 295.
 1 SYSTEMPATH\Database\MySQLi\Connection.php(295): mysqli->query('INSERT INTO `compras` (`id`, `fechaRegistro`, `fechaActualizacion`) VALUES (NULL, \'2023-10-20 02:49:24\', \'2023-10-20 02:49:24\')', 0)
 2 SYSTEMPATH\Database\BaseConnection.php(692): CodeIgniter\Database\MySQLi\Connection->execute('INSERT INTO `compras` (`id`, `fechaRegistro`, `fechaActualizacion`) VALUES (NULL, \'2023-10-20 02:49:24\', \'2023-10-20 02:49:24\')')
 3 SYSTEMPATH\Database\BaseConnection.php(606): CodeIgniter\Database\BaseConnection->simpleQuery('INSERT INTO `compras` (`id`, `fechaRegistro`, `fechaActualizacion`) VALUES (NULL, \'2023-10-20 02:49:24\', \'2023-10-20 02:49:24\')')
 4 SYSTEMPATH\Database\BaseBuilder.php(2309): CodeIgniter\Database\BaseConnection->query('INSERT INTO `compras` (`id`, `fechaRegistro`, `fechaActualizacion`) VALUES (:id:, :fechaRegistro:, :fechaActualizacion:)', [...], false)
 5 SYSTEMPATH\Model.php(330): CodeIgniter\Database\BaseBuilder->insert()
 6 SYSTEMPATH\BaseModel.php(782): CodeIgniter\Model->doInsert([...])
 7 SYSTEMPATH\Model.php(730): CodeIgniter\BaseModel->insert([...], true)
 8 APPPATH\Models\ComprasModel.php(43): CodeIgniter\Model->insert([...])
 9 APPPATH\Controllers\Compras.php(54): App\Models\ComprasModel->insertaCompra('6531eaacc671d', '0.00', null)
10 SYSTEMPATH\CodeIgniter.php(932): App\Controllers\Compras->guarda()
11 SYSTEMPATH\CodeIgniter.php(497): CodeIgniter\CodeIgniter->runController(Object(App\Controllers\Compras))
12 SYSTEMPATH\CodeIgniter.php(366): CodeIgniter\CodeIgniter->handleRequest(null, Object(Config\Cache), false)
13 FCPATH\index.php(67): CodeIgniter\CodeIgniter->run()
INFO - 2023-10-20 02:49:27 --> Session: Class initialized using 'CodeIgniter\Session\Handlers\FileHandler' driver.
INFO - 2023-10-20 02:49:32 --> Session: Class initialized using 'CodeIgniter\Session\Handlers\FileHandler' driver.
ERROR - 2023-10-20 02:49:32 --> mysqli_sql_exception: Column 'id' cannot be null in C:\xampp2\htdocs\dismat\system\Database\MySQLi\Connection.php:295
Stack trace:
#0 C:\xampp2\htdocs\dismat\system\Database\MySQLi\Connection.php(295): mysqli->query('INSERT INTO `co...', 0)
#1 C:\xampp2\htdocs\dismat\system\Database\BaseConnection.php(692): CodeIgniter\Database\MySQLi\Connection->execute('INSERT INTO `co...')
#2 C:\xampp2\htdocs\dismat\system\Database\BaseConnection.php(606): CodeIgniter\Database\BaseConnection->simpleQuery('INSERT INTO `co...')
#3 C:\xampp2\htdocs\dismat\system\Database\BaseBuilder.php(2309): CodeIgniter\Database\BaseConnection->query('INSERT INTO `co...', Array, false)
#4 C:\xampp2\htdocs\dismat\system\Model.php(330): CodeIgniter\Database\BaseBuilder->insert()
#5 C:\xampp2\htdocs\dismat\system\BaseModel.php(782): CodeIgniter\Model->doInsert(Array)
#6 C:\xampp2\htdocs\dismat\system\Model.php(730): CodeIgniter\BaseModel->insert(Array, true)
#7 C:\xampp2\htdocs\dismat\app\Models\ComprasModel.php(43): CodeIgniter\Model->insert(Array)
#8 C:\xampp2\htdocs\dismat\app\Controllers\Compras.php(54): App\Models\ComprasModel->insertaCompra('6531eab7f3f45', '0.00', NULL)
#9 C:\xampp2\htdocs\dismat\system\CodeIgniter.php(932): App\Controllers\Compras->guarda()
#10 C:\xampp2\htdocs\dismat\system\CodeIgniter.php(497): CodeIgniter\CodeIgniter->runController(Object(App\Controllers\Compras))
#11 C:\xampp2\htdocs\dismat\system\CodeIgniter.php(366): CodeIgniter\CodeIgniter->handleRequest(NULL, Object(Config\Cache), false)
#12 C:\xampp2\htdocs\dismat\public\index.php(67): CodeIgniter\CodeIgniter->run()
#13 {main}
CRITICAL - 2023-10-20 02:49:32 --> Column 'id' cannot be null
in SYSTEMPATH\Database\MySQLi\Connection.php on line 295.
 1 SYSTEMPATH\Database\MySQLi\Connection.php(295): mysqli->query('INSERT INTO `compras` (`id`, `fechaRegistro`, `fechaActualizacion`) VALUES (NULL, \'2023-10-20 02:49:32\', \'2023-10-20 02:49:32\')', 0)
 2 SYSTEMPATH\Database\BaseConnection.php(692): CodeIgniter\Database\MySQLi\Connection->execute('INSERT INTO `compras` (`id`, `fechaRegistro`, `fechaActualizacion`) VALUES (NULL, \'2023-10-20 02:49:32\', \'2023-10-20 02:49:32\')')
 3 SYSTEMPATH\Database\BaseConnection.php(606): CodeIgniter\Database\BaseConnection->simpleQuery('INSERT INTO `compras` (`id`, `fechaRegistro`, `fechaActualizacion`) VALUES (NULL, \'2023-10-20 02:49:32\', \'2023-10-20 02:49:32\')')
 4 SYSTEMPATH\Database\BaseBuilder.php(2309): CodeIgniter\Database\BaseConnection->query('INSERT INTO `compras` (`id`, `fechaRegistro`, `fechaActualizacion`) VALUES (:id:, :fechaRegistro:, :fechaActualizacion:)', [...], false)
 5 SYSTEMPATH\Model.php(330): CodeIgniter\Database\BaseBuilder->insert()
 6 SYSTEMPATH\BaseModel.php(782): CodeIgniter\Model->doInsert([...])
 7 SYSTEMPATH\Model.php(730): CodeIgniter\BaseModel->insert([...], true)
 8 APPPATH\Models\ComprasModel.php(43): CodeIgniter\Model->insert([...])
 9 APPPATH\Controllers\Compras.php(54): App\Models\ComprasModel->insertaCompra('6531eab7f3f45', '0.00', null)
10 SYSTEMPATH\CodeIgniter.php(932): App\Controllers\Compras->guarda()
11 SYSTEMPATH\CodeIgniter.php(497): CodeIgniter\CodeIgniter->runController(Object(App\Controllers\Compras))
12 SYSTEMPATH\CodeIgniter.php(366): CodeIgniter\CodeIgniter->handleRequest(null, Object(Config\Cache), false)
13 FCPATH\index.php(67): CodeIgniter\CodeIgniter->run()
