INFO - 2023-09-28 01:01:31 --> Session: Class initialized using 'CodeIgniter\Session\Handlers\FileHandler' driver.
INFO - 2023-09-28 01:05:38 --> Session: Class initialized using 'CodeIgniter\Session\Handlers\FileHandler' driver.
INFO - 2023-09-28 01:09:59 --> Session: Class initialized using 'CodeIgniter\Session\Handlers\FileHandler' driver.
INFO - 2023-09-28 01:10:02 --> Session: Class initialized using 'CodeIgniter\Session\Handlers\FileHandler' driver.
CRITICAL - 2023-09-28 01:10:02 --> Undefined variable $categorias
in APPPATH\Views\productos\editar.php on line 52.
 1 APPPATH\Views\productos\editar.php(52): CodeIgniter\Debug\Exceptions->errorHandler(2, 'Undefined variable $categorias', 'C:\\xampp2\\htdocs\\dismat\\app\\Views\\productos\\editar.php', 52)
 2 SYSTEMPATH\View\View.php(224): include('C:\\xampp2\\htdocs\\dismat\\app\\Views\\productos\\editar.php')
 3 SYSTEMPATH\View\View.php(227): CodeIgniter\View\View->CodeIgniter\View\{closure}()
 4 SYSTEMPATH\Common.php(1176): CodeIgniter\View\View->render('productos/editar', [], true)
 5 APPPATH\Controllers\Productos.php(91): view('productos/editar', [...])
 6 SYSTEMPATH\CodeIgniter.php(932): App\Controllers\Productos->editar('10')
 7 SYSTEMPATH\CodeIgniter.php(497): CodeIgniter\CodeIgniter->runController(Object(App\Controllers\Productos))
 8 SYSTEMPATH\CodeIgniter.php(366): CodeIgniter\CodeIgniter->handleRequest(null, Object(Config\Cache), false)
 9 FCPATH\index.php(67): CodeIgniter\CodeIgniter->run()
INFO - 2023-09-28 01:10:02 --> Session: Class initialized using 'CodeIgniter\Session\Handlers\FileHandler' driver.
CRITICAL - 2023-09-28 01:10:02 --> Trying to access array offset on value of type null
in APPPATH\Views\productos\editar.php on line 7.
 1 APPPATH\Views\productos\editar.php(7): CodeIgniter\Debug\Exceptions->errorHandler(2, 'Trying to access array offset on value of type null', 'C:\\xampp2\\htdocs\\dismat\\app\\Views\\productos\\editar.php', 7)
 2 SYSTEMPATH\View\View.php(224): include('C:\\xampp2\\htdocs\\dismat\\app\\Views\\productos\\editar.php')
 3 SYSTEMPATH\View\View.php(227): CodeIgniter\View\View->CodeIgniter\View\{closure}()
 4 SYSTEMPATH\Common.php(1176): CodeIgniter\View\View->render('productos/editar', [], true)
 5 APPPATH\Controllers\Productos.php(91): view('productos/editar', [...])
 6 SYSTEMPATH\CodeIgniter.php(932): App\Controllers\Productos->editar('img', 'undraw_profile.svg')
 7 SYSTEMPATH\CodeIgniter.php(497): CodeIgniter\CodeIgniter->runController(Object(App\Controllers\Productos))
 8 SYSTEMPATH\CodeIgniter.php(366): CodeIgniter\CodeIgniter->handleRequest(null, Object(Config\Cache), false)
 9 FCPATH\index.php(67): CodeIgniter\CodeIgniter->run()
ERROR - 2023-09-28 01:51:51 --> Error connecting to the database: mysqli_sql_exception: Access denied for user 'root'@'localhost' (using password: NO) in C:\xampp2\htdocs\dismat\system\Database\MySQLi\Connection.php:173
Stack trace:
#0 C:\xampp2\htdocs\dismat\system\Database\MySQLi\Connection.php(173): mysqli->real_connect('localhost', 'root', Object(SensitiveParameterValue), 'dismat4', 3306, '', 0)
#1 C:\xampp2\htdocs\dismat\system\Database\BaseConnection.php(391): CodeIgniter\Database\MySQLi\Connection->connect(false)
#2 C:\xampp2\htdocs\dismat\system\Database\BaseConnection.php(574): CodeIgniter\Database\BaseConnection->initialize()
#3 C:\xampp2\htdocs\dismat\system\Database\BaseBuilder.php(1616): CodeIgniter\Database\BaseConnection->query('SELECT *\nFROM `...', Array, false)
#4 C:\xampp2\htdocs\dismat\system\Model.php(268): CodeIgniter\Database\BaseBuilder->get()
#5 C:\xampp2\htdocs\dismat\system\BaseModel.php(656): CodeIgniter\Model->doFirst()
#6 C:\xampp2\htdocs\dismat\app\Controllers\Productos.php(86): CodeIgniter\BaseModel->first()
#7 C:\xampp2\htdocs\dismat\system\CodeIgniter.php(932): App\Controllers\Productos->editar('10')
#8 C:\xampp2\htdocs\dismat\system\CodeIgniter.php(497): CodeIgniter\CodeIgniter->runController(Object(App\Controllers\Productos))
#9 C:\xampp2\htdocs\dismat\system\CodeIgniter.php(366): CodeIgniter\CodeIgniter->handleRequest(NULL, Object(Config\Cache), false)
#10 C:\xampp2\htdocs\dismat\public\index.php(67): CodeIgniter\CodeIgniter->run()
#11 {main}

Next CodeIgniter\Database\Exceptions\DatabaseException: Access denied for user '****'@'localhost' (using password: NO) in C:\xampp2\htdocs\dismat\system\Database\MySQLi\Connection.php:218
Stack trace:
#0 C:\xampp2\htdocs\dismat\system\Database\BaseConnection.php(391): CodeIgniter\Database\MySQLi\Connection->connect(false)
#1 C:\xampp2\htdocs\dismat\system\Database\BaseConnection.php(574): CodeIgniter\Database\BaseConnection->initialize()
#2 C:\xampp2\htdocs\dismat\system\Database\BaseBuilder.php(1616): CodeIgniter\Database\BaseConnection->query('SELECT *\nFROM `...', Array, false)
#3 C:\xampp2\htdocs\dismat\system\Model.php(268): CodeIgniter\Database\BaseBuilder->get()
#4 C:\xampp2\htdocs\dismat\system\BaseModel.php(656): CodeIgniter\Model->doFirst()
#5 C:\xampp2\htdocs\dismat\app\Controllers\Productos.php(86): CodeIgniter\BaseModel->first()
#6 C:\xampp2\htdocs\dismat\system\CodeIgniter.php(932): App\Controllers\Productos->editar('10')
#7 C:\xampp2\htdocs\dismat\system\CodeIgniter.php(497): CodeIgniter\CodeIgniter->runController(Object(App\Controllers\Productos))
#8 C:\xampp2\htdocs\dismat\system\CodeIgniter.php(366): CodeIgniter\CodeIgniter->handleRequest(NULL, Object(Config\Cache), false)
#9 C:\xampp2\htdocs\dismat\public\index.php(67): CodeIgniter\CodeIgniter->run()
#10 {main}
CRITICAL - 2023-09-28 01:51:51 --> Unable to connect to the database.
Main connection [MySQLi]: Access denied for user '****'@'localhost' (using password: NO)
in SYSTEMPATH\Database\BaseConnection.php on line 427.
 1 SYSTEMPATH\Database\BaseConnection.php(574): CodeIgniter\Database\BaseConnection->initialize()
 2 SYSTEMPATH\Database\BaseBuilder.php(1616): CodeIgniter\Database\BaseConnection->query('SELECT *
FROM `productos`
WHERE `id_Producto` = :id_Producto:
 LIMIT 1', [...], false)
 3 SYSTEMPATH\Model.php(268): CodeIgniter\Database\BaseBuilder->get()
 4 SYSTEMPATH\BaseModel.php(656): CodeIgniter\Model->doFirst()
 5 APPPATH\Controllers\Productos.php(86): CodeIgniter\BaseModel->first()
 6 SYSTEMPATH\CodeIgniter.php(932): App\Controllers\Productos->editar('10')
 7 SYSTEMPATH\CodeIgniter.php(497): CodeIgniter\CodeIgniter->runController(Object(App\Controllers\Productos))
 8 SYSTEMPATH\CodeIgniter.php(366): CodeIgniter\CodeIgniter->handleRequest(null, Object(Config\Cache), false)
 9 FCPATH\index.php(67): CodeIgniter\CodeIgniter->run()
