INFO - 2023-11-07 00:00:28 --> Session: Class initialized using 'CodeIgniter\Session\Handlers\FileHandler' driver.
INFO - 2023-11-07 00:00:54 --> Session: Class initialized using 'CodeIgniter\Session\Handlers\FileHandler' driver.
INFO - 2023-11-07 00:04:26 --> Session: Class initialized using 'CodeIgniter\Session\Handlers\FileHandler' driver.
INFO - 2023-11-07 00:05:02 --> Session: Class initialized using 'CodeIgniter\Session\Handlers\FileHandler' driver.
WARNING - 2023-11-07 00:05:02 --> [DEPRECATED] preg_replace(): Passing null to parameter #3 ($subject) of type array|string is deprecated in APPPATH\Controllers\Ventas.php on line 72.
 1 APPPATH\Controllers\Ventas.php(72): preg_replace('/[\\$,]/', '', null)
 2 SYSTEMPATH\CodeIgniter.php(932): App\Controllers\Ventas->guarda()
 3 SYSTEMPATH\CodeIgniter.php(497): CodeIgniter\CodeIgniter->runController(Object(App\Controllers\Ventas))
 4 SYSTEMPATH\CodeIgniter.php(366): CodeIgniter\CodeIgniter->handleRequest(null, Object(Config\Cache), false)
 5 FCPATH\index.php(67): CodeIgniter\CodeIgniter->run()
INFO - 2023-11-07 00:05:02 --> Session: Class initialized using 'CodeIgniter\Session\Handlers\FileHandler' driver.
INFO - 2023-11-07 00:05:03 --> Session: Class initialized using 'CodeIgniter\Session\Handlers\FileHandler' driver.
WARNING - 2023-11-07 00:05:03 --> [DEPRECATED] Function utf8_encode() is deprecated in APPPATH\ThirdParty\fpdf\fpdf.php on line 235.
 1 APPPATH\Controllers\Ventas.php(160): FPDF->SetTitle('ventas')
 2 SYSTEMPATH\CodeIgniter.php(932): App\Controllers\Ventas->generarVentaPdf('32')
 3 SYSTEMPATH\CodeIgniter.php(497): CodeIgniter\CodeIgniter->runController(Object(App\Controllers\Ventas))
 4 SYSTEMPATH\CodeIgniter.php(366): CodeIgniter\CodeIgniter->handleRequest(null, Object(Config\Cache), false)
 5 FCPATH\index.php(67): CodeIgniter\CodeIgniter->run()
WARNING - 2023-11-07 00:05:03 --> [DEPRECATED] Function utf8_encode() is deprecated in APPPATH\Controllers\Ventas.php on line 205.
 1 SYSTEMPATH\CodeIgniter.php(932): App\Controllers\Ventas->generarVentaPdf('32')
 2 SYSTEMPATH\CodeIgniter.php(497): CodeIgniter\CodeIgniter->runController(Object(App\Controllers\Ventas))
 3 SYSTEMPATH\CodeIgniter.php(366): CodeIgniter\CodeIgniter->handleRequest(null, Object(Config\Cache), false)
 4 FCPATH\index.php(67): CodeIgniter\CodeIgniter->run()
INFO - 2023-11-07 00:07:30 --> Session: Class initialized using 'CodeIgniter\Session\Handlers\FileHandler' driver.
INFO - 2023-11-07 00:07:31 --> Session: Class initialized using 'CodeIgniter\Session\Handlers\FileHandler' driver.
WARNING - 2023-11-07 00:07:31 --> [DEPRECATED] Function utf8_encode() is deprecated in APPPATH\ThirdParty\fpdf\fpdf.php on line 235.
 1 APPPATH\Controllers\Ventas.php(160): FPDF->SetTitle('ventas')
 2 SYSTEMPATH\CodeIgniter.php(932): App\Controllers\Ventas->generarVentaPdf('32')
 3 SYSTEMPATH\CodeIgniter.php(497): CodeIgniter\CodeIgniter->runController(Object(App\Controllers\Ventas))
 4 SYSTEMPATH\CodeIgniter.php(366): CodeIgniter\CodeIgniter->handleRequest(null, Object(Config\Cache), false)
 5 FCPATH\index.php(67): CodeIgniter\CodeIgniter->run()
WARNING - 2023-11-07 00:07:31 --> [DEPRECATED] Function utf8_encode() is deprecated in APPPATH\Controllers\Ventas.php on line 205.
 1 SYSTEMPATH\CodeIgniter.php(932): App\Controllers\Ventas->generarVentaPdf('32')
 2 SYSTEMPATH\CodeIgniter.php(497): CodeIgniter\CodeIgniter->runController(Object(App\Controllers\Ventas))
 3 SYSTEMPATH\CodeIgniter.php(366): CodeIgniter\CodeIgniter->handleRequest(null, Object(Config\Cache), false)
 4 FCPATH\index.php(67): CodeIgniter\CodeIgniter->run()
INFO - 2023-11-07 00:07:42 --> Session: Class initialized using 'CodeIgniter\Session\Handlers\FileHandler' driver.
INFO - 2023-11-07 00:10:20 --> Session: Class initialized using 'CodeIgniter\Session\Handlers\FileHandler' driver.
CRITICAL - 2023-11-07 00:10:20 --> Array to string conversion
in APPPATH\Views\ventas\listaVentas.php on line 36.
 1 APPPATH\Views\ventas\listaVentas.php(36): CodeIgniter\Debug\Exceptions->errorHandler(2, 'Array to string conversion', 'C:\\xampp2\\htdocs\\dismat\\app\\Views\\ventas\\listaVentas.php', 36)
 2 SYSTEMPATH\View\View.php(224): include('C:\\xampp2\\htdocs\\dismat\\app\\Views\\ventas\\listaVentas.php')
 3 SYSTEMPATH\View\View.php(227): CodeIgniter\View\View->CodeIgniter\View\{closure}()
 4 SYSTEMPATH\Common.php(1176): CodeIgniter\View\View->render('ventas/listaVentas', [], true)
 5 APPPATH\Controllers\Ventas.php(43): view('ventas/listaVentas', [...])
 6 SYSTEMPATH\CodeIgniter.php(932): App\Controllers\Ventas->lista()
 7 SYSTEMPATH\CodeIgniter.php(497): CodeIgniter\CodeIgniter->runController(Object(App\Controllers\Ventas))
 8 SYSTEMPATH\CodeIgniter.php(366): CodeIgniter\CodeIgniter->handleRequest(null, Object(Config\Cache), false)
 9 FCPATH\index.php(67): CodeIgniter\CodeIgniter->run()
INFO - 2023-11-07 00:11:04 --> Session: Class initialized using 'CodeIgniter\Session\Handlers\FileHandler' driver.
CRITICAL - 2023-11-07 00:11:04 --> Undefined variable $id_Venta
in APPPATH\Views\ventas\listaVentas.php on line 39.
 1 APPPATH\Views\ventas\listaVentas.php(39): CodeIgniter\Debug\Exceptions->errorHandler(2, 'Undefined variable $id_Venta', 'C:\\xampp2\\htdocs\\dismat\\app\\Views\\ventas\\listaVentas.php', 39)
 2 SYSTEMPATH\View\View.php(224): include('C:\\xampp2\\htdocs\\dismat\\app\\Views\\ventas\\listaVentas.php')
 3 SYSTEMPATH\View\View.php(227): CodeIgniter\View\View->CodeIgniter\View\{closure}()
 4 SYSTEMPATH\Common.php(1176): CodeIgniter\View\View->render('ventas/listaVentas', [], true)
 5 APPPATH\Controllers\Ventas.php(43): view('ventas/listaVentas', [...])
 6 SYSTEMPATH\CodeIgniter.php(932): App\Controllers\Ventas->lista()
 7 SYSTEMPATH\CodeIgniter.php(497): CodeIgniter\CodeIgniter->runController(Object(App\Controllers\Ventas))
 8 SYSTEMPATH\CodeIgniter.php(366): CodeIgniter\CodeIgniter->handleRequest(null, Object(Config\Cache), false)
 9 FCPATH\index.php(67): CodeIgniter\CodeIgniter->run()
INFO - 2023-11-07 00:11:20 --> Session: Class initialized using 'CodeIgniter\Session\Handlers\FileHandler' driver.
INFO - 2023-11-07 00:11:38 --> Session: Class initialized using 'CodeIgniter\Session\Handlers\FileHandler' driver.
INFO - 2023-11-07 00:11:54 --> Session: Class initialized using 'CodeIgniter\Session\Handlers\FileHandler' driver.
INFO - 2023-11-07 00:12:11 --> Session: Class initialized using 'CodeIgniter\Session\Handlers\FileHandler' driver.
INFO - 2023-11-07 00:12:12 --> Session: Class initialized using 'CodeIgniter\Session\Handlers\FileHandler' driver.
INFO - 2023-11-07 00:12:14 --> Session: Class initialized using 'CodeIgniter\Session\Handlers\FileHandler' driver.
CRITICAL - 2023-11-07 00:12:14 --> Too few arguments to function App\Controllers\Ventas::generarVentaPdf(), 0 passed in C:\xampp2\htdocs\dismat\system\CodeIgniter.php on line 932 and exactly 1 expected
in APPPATH\Controllers\Ventas.php on line 152.
 1 SYSTEMPATH\CodeIgniter.php(932): App\Controllers\Ventas->generarVentaPdf()
 2 SYSTEMPATH\CodeIgniter.php(497): CodeIgniter\CodeIgniter->runController(Object(App\Controllers\Ventas))
 3 SYSTEMPATH\CodeIgniter.php(366): CodeIgniter\CodeIgniter->handleRequest(null, Object(Config\Cache), false)
 4 FCPATH\index.php(67): CodeIgniter\CodeIgniter->run()
INFO - 2023-11-07 00:12:17 --> Session: Class initialized using 'CodeIgniter\Session\Handlers\FileHandler' driver.
INFO - 2023-11-07 00:13:45 --> Session: Class initialized using 'CodeIgniter\Session\Handlers\FileHandler' driver.
INFO - 2023-11-07 00:16:34 --> Session: Class initialized using 'CodeIgniter\Session\Handlers\FileHandler' driver.
INFO - 2023-11-07 00:17:12 --> Session: Class initialized using 'CodeIgniter\Session\Handlers\FileHandler' driver.
INFO - 2023-11-07 00:18:20 --> Session: Class initialized using 'CodeIgniter\Session\Handlers\FileHandler' driver.
INFO - 2023-11-07 00:19:20 --> Session: Class initialized using 'CodeIgniter\Session\Handlers\FileHandler' driver.
INFO - 2023-11-07 00:20:43 --> Session: Class initialized using 'CodeIgniter\Session\Handlers\FileHandler' driver.
INFO - 2023-11-07 00:20:48 --> Session: Class initialized using 'CodeIgniter\Session\Handlers\FileHandler' driver.
INFO - 2023-11-07 00:22:44 --> Session: Class initialized using 'CodeIgniter\Session\Handlers\FileHandler' driver.
WARNING - 2023-11-07 00:22:44 --> [DEPRECATED] preg_replace(): Passing null to parameter #3 ($subject) of type array|string is deprecated in APPPATH\Controllers\Ventas.php on line 72.
 1 APPPATH\Controllers\Ventas.php(72): preg_replace('/[\\$,]/', '', null)
 2 SYSTEMPATH\CodeIgniter.php(932): App\Controllers\Ventas->guarda()
 3 SYSTEMPATH\CodeIgniter.php(497): CodeIgniter\CodeIgniter->runController(Object(App\Controllers\Ventas))
 4 SYSTEMPATH\CodeIgniter.php(366): CodeIgniter\CodeIgniter->handleRequest(null, Object(Config\Cache), false)
 5 FCPATH\index.php(67): CodeIgniter\CodeIgniter->run()
INFO - 2023-11-07 00:22:45 --> Session: Class initialized using 'CodeIgniter\Session\Handlers\FileHandler' driver.
INFO - 2023-11-07 00:22:45 --> Session: Class initialized using 'CodeIgniter\Session\Handlers\FileHandler' driver.
WARNING - 2023-11-07 00:22:45 --> [DEPRECATED] Function utf8_encode() is deprecated in APPPATH\ThirdParty\fpdf\fpdf.php on line 235.
 1 APPPATH\Controllers\Ventas.php(160): FPDF->SetTitle('ventas')
 2 SYSTEMPATH\CodeIgniter.php(932): App\Controllers\Ventas->generarVentaPdf('33')
 3 SYSTEMPATH\CodeIgniter.php(497): CodeIgniter\CodeIgniter->runController(Object(App\Controllers\Ventas))
 4 SYSTEMPATH\CodeIgniter.php(366): CodeIgniter\CodeIgniter->handleRequest(null, Object(Config\Cache), false)
 5 FCPATH\index.php(67): CodeIgniter\CodeIgniter->run()
WARNING - 2023-11-07 00:22:45 --> [DEPRECATED] Function utf8_encode() is deprecated in APPPATH\Controllers\Ventas.php on line 205.
 1 SYSTEMPATH\CodeIgniter.php(932): App\Controllers\Ventas->generarVentaPdf('33')
 2 SYSTEMPATH\CodeIgniter.php(497): CodeIgniter\CodeIgniter->runController(Object(App\Controllers\Ventas))
 3 SYSTEMPATH\CodeIgniter.php(366): CodeIgniter\CodeIgniter->handleRequest(null, Object(Config\Cache), false)
 4 FCPATH\index.php(67): CodeIgniter\CodeIgniter->run()
INFO - 2023-11-07 00:33:38 --> Session: Class initialized using 'CodeIgniter\Session\Handlers\FileHandler' driver.
INFO - 2023-11-07 00:33:38 --> Session: Class initialized using 'CodeIgniter\Session\Handlers\FileHandler' driver.
WARNING - 2023-11-07 00:33:39 --> [DEPRECATED] Function utf8_encode() is deprecated in APPPATH\ThirdParty\fpdf\fpdf.php on line 235.
 1 APPPATH\Controllers\Ventas.php(160): FPDF->SetTitle('ventas')
 2 SYSTEMPATH\CodeIgniter.php(932): App\Controllers\Ventas->generarVentaPdf('33')
 3 SYSTEMPATH\CodeIgniter.php(497): CodeIgniter\CodeIgniter->runController(Object(App\Controllers\Ventas))
 4 SYSTEMPATH\CodeIgniter.php(366): CodeIgniter\CodeIgniter->handleRequest(null, Object(Config\Cache), false)
 5 FCPATH\index.php(67): CodeIgniter\CodeIgniter->run()
WARNING - 2023-11-07 00:33:39 --> [DEPRECATED] Function utf8_encode() is deprecated in APPPATH\Controllers\Ventas.php on line 205.
 1 SYSTEMPATH\CodeIgniter.php(932): App\Controllers\Ventas->generarVentaPdf('33')
 2 SYSTEMPATH\CodeIgniter.php(497): CodeIgniter\CodeIgniter->runController(Object(App\Controllers\Ventas))
 3 SYSTEMPATH\CodeIgniter.php(366): CodeIgniter\CodeIgniter->handleRequest(null, Object(Config\Cache), false)
 4 FCPATH\index.php(67): CodeIgniter\CodeIgniter->run()
INFO - 2023-11-07 00:33:56 --> Session: Class initialized using 'CodeIgniter\Session\Handlers\FileHandler' driver.
INFO - 2023-11-07 00:35:13 --> Session: Class initialized using 'CodeIgniter\Session\Handlers\FileHandler' driver.
INFO - 2023-11-07 00:35:47 --> Session: Class initialized using 'CodeIgniter\Session\Handlers\FileHandler' driver.
INFO - 2023-11-07 00:38:24 --> Session: Class initialized using 'CodeIgniter\Session\Handlers\FileHandler' driver.
INFO - 2023-11-07 00:38:43 --> Session: Class initialized using 'CodeIgniter\Session\Handlers\FileHandler' driver.
INFO - 2023-11-07 00:40:14 --> Session: Class initialized using 'CodeIgniter\Session\Handlers\FileHandler' driver.
INFO - 2023-11-07 00:42:53 --> Session: Class initialized using 'CodeIgniter\Session\Handlers\FileHandler' driver.
INFO - 2023-11-07 00:44:41 --> Session: Class initialized using 'CodeIgniter\Session\Handlers\FileHandler' driver.
INFO - 2023-11-07 00:46:37 --> Session: Class initialized using 'CodeIgniter\Session\Handlers\FileHandler' driver.
INFO - 2023-11-07 00:47:22 --> Session: Class initialized using 'CodeIgniter\Session\Handlers\FileHandler' driver.
INFO - 2023-11-07 00:47:23 --> Session: Class initialized using 'CodeIgniter\Session\Handlers\FileHandler' driver.
INFO - 2023-11-07 00:47:23 --> Session: Class initialized using 'CodeIgniter\Session\Handlers\FileHandler' driver.
WARNING - 2023-11-07 00:47:23 --> [DEPRECATED] Function utf8_encode() is deprecated in APPPATH\ThirdParty\fpdf\fpdf.php on line 235.
 1 APPPATH\Controllers\Ventas.php(160): FPDF->SetTitle('ventas')
 2 SYSTEMPATH\CodeIgniter.php(932): App\Controllers\Ventas->generarVentaPdf('34')
 3 SYSTEMPATH\CodeIgniter.php(497): CodeIgniter\CodeIgniter->runController(Object(App\Controllers\Ventas))
 4 SYSTEMPATH\CodeIgniter.php(366): CodeIgniter\CodeIgniter->handleRequest(null, Object(Config\Cache), false)
 5 FCPATH\index.php(67): CodeIgniter\CodeIgniter->run()
WARNING - 2023-11-07 00:47:23 --> [DEPRECATED] Function utf8_encode() is deprecated in APPPATH\Controllers\Ventas.php on line 205.
 1 SYSTEMPATH\CodeIgniter.php(932): App\Controllers\Ventas->generarVentaPdf('34')
 2 SYSTEMPATH\CodeIgniter.php(497): CodeIgniter\CodeIgniter->runController(Object(App\Controllers\Ventas))
 3 SYSTEMPATH\CodeIgniter.php(366): CodeIgniter\CodeIgniter->handleRequest(null, Object(Config\Cache), false)
 4 FCPATH\index.php(67): CodeIgniter\CodeIgniter->run()
INFO - 2023-11-07 00:58:16 --> Session: Class initialized using 'CodeIgniter\Session\Handlers\FileHandler' driver.
INFO - 2023-11-07 00:58:16 --> Session: Class initialized using 'CodeIgniter\Session\Handlers\FileHandler' driver.
WARNING - 2023-11-07 00:58:16 --> [DEPRECATED] Function utf8_encode() is deprecated in APPPATH\ThirdParty\fpdf\fpdf.php on line 235.
 1 APPPATH\Controllers\Ventas.php(160): FPDF->SetTitle('ventas')
 2 SYSTEMPATH\CodeIgniter.php(932): App\Controllers\Ventas->generarVentaPdf('34')
 3 SYSTEMPATH\CodeIgniter.php(497): CodeIgniter\CodeIgniter->runController(Object(App\Controllers\Ventas))
 4 SYSTEMPATH\CodeIgniter.php(366): CodeIgniter\CodeIgniter->handleRequest(null, Object(Config\Cache), false)
 5 FCPATH\index.php(67): CodeIgniter\CodeIgniter->run()
WARNING - 2023-11-07 00:58:16 --> [DEPRECATED] Function utf8_encode() is deprecated in APPPATH\Controllers\Ventas.php on line 211.
 1 SYSTEMPATH\CodeIgniter.php(932): App\Controllers\Ventas->generarVentaPdf('34')
 2 SYSTEMPATH\CodeIgniter.php(497): CodeIgniter\CodeIgniter->runController(Object(App\Controllers\Ventas))
 3 SYSTEMPATH\CodeIgniter.php(366): CodeIgniter\CodeIgniter->handleRequest(null, Object(Config\Cache), false)
 4 FCPATH\index.php(67): CodeIgniter\CodeIgniter->run()
INFO - 2023-11-07 01:00:30 --> Session: Class initialized using 'CodeIgniter\Session\Handlers\FileHandler' driver.
INFO - 2023-11-07 01:00:31 --> Session: Class initialized using 'CodeIgniter\Session\Handlers\FileHandler' driver.
WARNING - 2023-11-07 01:00:31 --> [DEPRECATED] Function utf8_encode() is deprecated in APPPATH\ThirdParty\fpdf\fpdf.php on line 235.
 1 APPPATH\Controllers\Ventas.php(160): FPDF->SetTitle('ventas')
 2 SYSTEMPATH\CodeIgniter.php(932): App\Controllers\Ventas->generarVentaPdf('34')
 3 SYSTEMPATH\CodeIgniter.php(497): CodeIgniter\CodeIgniter->runController(Object(App\Controllers\Ventas))
 4 SYSTEMPATH\CodeIgniter.php(366): CodeIgniter\CodeIgniter->handleRequest(null, Object(Config\Cache), false)
 5 FCPATH\index.php(67): CodeIgniter\CodeIgniter->run()
CRITICAL - 2023-11-07 01:00:31 --> foreach() argument must be of type array|object, string given
in APPPATH\Controllers\Ventas.php on line 189.
 1 APPPATH\Controllers\Ventas.php(189): CodeIgniter\Debug\Exceptions->errorHandler(2, 'foreach() argument must be of type array|object, string given', 'C:\\xampp2\\htdocs\\dismat\\app\\Controllers\\Ventas.php', 189)
 2 SYSTEMPATH\CodeIgniter.php(932): App\Controllers\Ventas->generarVentaPdf('34')
 3 SYSTEMPATH\CodeIgniter.php(497): CodeIgniter\CodeIgniter->runController(Object(App\Controllers\Ventas))
 4 SYSTEMPATH\CodeIgniter.php(366): CodeIgniter\CodeIgniter->handleRequest(null, Object(Config\Cache), false)
 5 FCPATH\index.php(67): CodeIgniter\CodeIgniter->run()
INFO - 2023-11-07 01:01:06 --> Session: Class initialized using 'CodeIgniter\Session\Handlers\FileHandler' driver.
INFO - 2023-11-07 01:01:07 --> Session: Class initialized using 'CodeIgniter\Session\Handlers\FileHandler' driver.
WARNING - 2023-11-07 01:01:07 --> [DEPRECATED] Function utf8_encode() is deprecated in APPPATH\ThirdParty\fpdf\fpdf.php on line 235.
 1 APPPATH\Controllers\Ventas.php(160): FPDF->SetTitle('ventas')
 2 SYSTEMPATH\CodeIgniter.php(932): App\Controllers\Ventas->generarVentaPdf('34')
 3 SYSTEMPATH\CodeIgniter.php(497): CodeIgniter\CodeIgniter->runController(Object(App\Controllers\Ventas))
 4 SYSTEMPATH\CodeIgniter.php(366): CodeIgniter\CodeIgniter->handleRequest(null, Object(Config\Cache), false)
 5 FCPATH\index.php(67): CodeIgniter\CodeIgniter->run()
CRITICAL - 2023-11-07 01:01:07 --> Cannot access offset of type string on string
in APPPATH\Controllers\Ventas.php on line 190.
 1 SYSTEMPATH\CodeIgniter.php(932): App\Controllers\Ventas->generarVentaPdf('34')
 2 SYSTEMPATH\CodeIgniter.php(497): CodeIgniter\CodeIgniter->runController(Object(App\Controllers\Ventas))
 3 SYSTEMPATH\CodeIgniter.php(366): CodeIgniter\CodeIgniter->handleRequest(null, Object(Config\Cache), false)
 4 FCPATH\index.php(67): CodeIgniter\CodeIgniter->run()
INFO - 2023-11-07 01:02:04 --> Session: Class initialized using 'CodeIgniter\Session\Handlers\FileHandler' driver.
INFO - 2023-11-07 01:02:05 --> Session: Class initialized using 'CodeIgniter\Session\Handlers\FileHandler' driver.
WARNING - 2023-11-07 01:02:05 --> [DEPRECATED] Function utf8_encode() is deprecated in APPPATH\ThirdParty\fpdf\fpdf.php on line 235.
 1 APPPATH\Controllers\Ventas.php(160): FPDF->SetTitle('ventas')
 2 SYSTEMPATH\CodeIgniter.php(932): App\Controllers\Ventas->generarVentaPdf('34')
 3 SYSTEMPATH\CodeIgniter.php(497): CodeIgniter\CodeIgniter->runController(Object(App\Controllers\Ventas))
 4 SYSTEMPATH\CodeIgniter.php(366): CodeIgniter\CodeIgniter->handleRequest(null, Object(Config\Cache), false)
 5 FCPATH\index.php(67): CodeIgniter\CodeIgniter->run()
CRITICAL - 2023-11-07 01:02:05 --> Cannot access offset of type string on string
in APPPATH\Controllers\Ventas.php on line 190.
 1 SYSTEMPATH\CodeIgniter.php(932): App\Controllers\Ventas->generarVentaPdf('34')
 2 SYSTEMPATH\CodeIgniter.php(497): CodeIgniter\CodeIgniter->runController(Object(App\Controllers\Ventas))
 3 SYSTEMPATH\CodeIgniter.php(366): CodeIgniter\CodeIgniter->handleRequest(null, Object(Config\Cache), false)
 4 FCPATH\index.php(67): CodeIgniter\CodeIgniter->run()
INFO - 2023-11-07 01:02:36 --> Session: Class initialized using 'CodeIgniter\Session\Handlers\FileHandler' driver.
INFO - 2023-11-07 01:02:36 --> Session: Class initialized using 'CodeIgniter\Session\Handlers\FileHandler' driver.
WARNING - 2023-11-07 01:02:36 --> [DEPRECATED] Function utf8_encode() is deprecated in APPPATH\ThirdParty\fpdf\fpdf.php on line 235.
 1 APPPATH\Controllers\Ventas.php(160): FPDF->SetTitle('ventas')
 2 SYSTEMPATH\CodeIgniter.php(932): App\Controllers\Ventas->generarVentaPdf('34')
 3 SYSTEMPATH\CodeIgniter.php(497): CodeIgniter\CodeIgniter->runController(Object(App\Controllers\Ventas))
 4 SYSTEMPATH\CodeIgniter.php(366): CodeIgniter\CodeIgniter->handleRequest(null, Object(Config\Cache), false)
 5 FCPATH\index.php(67): CodeIgniter\CodeIgniter->run()
CRITICAL - 2023-11-07 01:02:36 --> Cannot access offset of type string on string
in APPPATH\Controllers\Ventas.php on line 203.
 1 SYSTEMPATH\CodeIgniter.php(932): App\Controllers\Ventas->generarVentaPdf('34')
 2 SYSTEMPATH\CodeIgniter.php(497): CodeIgniter\CodeIgniter->runController(Object(App\Controllers\Ventas))
 3 SYSTEMPATH\CodeIgniter.php(366): CodeIgniter\CodeIgniter->handleRequest(null, Object(Config\Cache), false)
 4 FCPATH\index.php(67): CodeIgniter\CodeIgniter->run()
INFO - 2023-11-07 01:03:09 --> Session: Class initialized using 'CodeIgniter\Session\Handlers\FileHandler' driver.
INFO - 2023-11-07 01:03:10 --> Session: Class initialized using 'CodeIgniter\Session\Handlers\FileHandler' driver.
WARNING - 2023-11-07 01:03:10 --> [DEPRECATED] Function utf8_encode() is deprecated in APPPATH\ThirdParty\fpdf\fpdf.php on line 235.
 1 APPPATH\Controllers\Ventas.php(160): FPDF->SetTitle('ventas')
 2 SYSTEMPATH\CodeIgniter.php(932): App\Controllers\Ventas->generarVentaPdf('34')
 3 SYSTEMPATH\CodeIgniter.php(497): CodeIgniter\CodeIgniter->runController(Object(App\Controllers\Ventas))
 4 SYSTEMPATH\CodeIgniter.php(366): CodeIgniter\CodeIgniter->handleRequest(null, Object(Config\Cache), false)
 5 FCPATH\index.php(67): CodeIgniter\CodeIgniter->run()
CRITICAL - 2023-11-07 01:03:10 --> Cannot access offset of type string on string
in APPPATH\Controllers\Ventas.php on line 203.
 1 SYSTEMPATH\CodeIgniter.php(932): App\Controllers\Ventas->generarVentaPdf('34')
 2 SYSTEMPATH\CodeIgniter.php(497): CodeIgniter\CodeIgniter->runController(Object(App\Controllers\Ventas))
 3 SYSTEMPATH\CodeIgniter.php(366): CodeIgniter\CodeIgniter->handleRequest(null, Object(Config\Cache), false)
 4 FCPATH\index.php(67): CodeIgniter\CodeIgniter->run()
INFO - 2023-11-07 01:03:52 --> Session: Class initialized using 'CodeIgniter\Session\Handlers\FileHandler' driver.
INFO - 2023-11-07 01:03:52 --> Session: Class initialized using 'CodeIgniter\Session\Handlers\FileHandler' driver.
WARNING - 2023-11-07 01:03:52 --> [DEPRECATED] Function utf8_encode() is deprecated in APPPATH\ThirdParty\fpdf\fpdf.php on line 235.
 1 APPPATH\Controllers\Ventas.php(160): FPDF->SetTitle('ventas')
 2 SYSTEMPATH\CodeIgniter.php(932): App\Controllers\Ventas->generarVentaPdf('34')
 3 SYSTEMPATH\CodeIgniter.php(497): CodeIgniter\CodeIgniter->runController(Object(App\Controllers\Ventas))
 4 SYSTEMPATH\CodeIgniter.php(366): CodeIgniter\CodeIgniter->handleRequest(null, Object(Config\Cache), false)
 5 FCPATH\index.php(67): CodeIgniter\CodeIgniter->run()
WARNING - 2023-11-07 01:03:52 --> [DEPRECATED] Function utf8_encode() is deprecated in APPPATH\Controllers\Ventas.php on line 211.
 1 SYSTEMPATH\CodeIgniter.php(932): App\Controllers\Ventas->generarVentaPdf('34')
 2 SYSTEMPATH\CodeIgniter.php(497): CodeIgniter\CodeIgniter->runController(Object(App\Controllers\Ventas))
 3 SYSTEMPATH\CodeIgniter.php(366): CodeIgniter\CodeIgniter->handleRequest(null, Object(Config\Cache), false)
 4 FCPATH\index.php(67): CodeIgniter\CodeIgniter->run()
INFO - 2023-11-07 01:04:55 --> Session: Class initialized using 'CodeIgniter\Session\Handlers\FileHandler' driver.
INFO - 2023-11-07 01:04:56 --> Session: Class initialized using 'CodeIgniter\Session\Handlers\FileHandler' driver.
WARNING - 2023-11-07 01:04:56 --> [DEPRECATED] Function utf8_encode() is deprecated in APPPATH\ThirdParty\fpdf\fpdf.php on line 235.
 1 APPPATH\Controllers\Ventas.php(160): FPDF->SetTitle('ventas')
 2 SYSTEMPATH\CodeIgniter.php(932): App\Controllers\Ventas->generarVentaPdf('34')
 3 SYSTEMPATH\CodeIgniter.php(497): CodeIgniter\CodeIgniter->runController(Object(App\Controllers\Ventas))
 4 SYSTEMPATH\CodeIgniter.php(366): CodeIgniter\CodeIgniter->handleRequest(null, Object(Config\Cache), false)
 5 FCPATH\index.php(67): CodeIgniter\CodeIgniter->run()
WARNING - 2023-11-07 01:04:56 --> [DEPRECATED] Function utf8_encode() is deprecated in APPPATH\Controllers\Ventas.php on line 211.
 1 SYSTEMPATH\CodeIgniter.php(932): App\Controllers\Ventas->generarVentaPdf('34')
 2 SYSTEMPATH\CodeIgniter.php(497): CodeIgniter\CodeIgniter->runController(Object(App\Controllers\Ventas))
 3 SYSTEMPATH\CodeIgniter.php(366): CodeIgniter\CodeIgniter->handleRequest(null, Object(Config\Cache), false)
 4 FCPATH\index.php(67): CodeIgniter\CodeIgniter->run()
INFO - 2023-11-07 01:05:03 --> Session: Class initialized using 'CodeIgniter\Session\Handlers\FileHandler' driver.
INFO - 2023-11-07 01:05:21 --> Session: Class initialized using 'CodeIgniter\Session\Handlers\FileHandler' driver.
INFO - 2023-11-07 01:05:27 --> Session: Class initialized using 'CodeIgniter\Session\Handlers\FileHandler' driver.
INFO - 2023-11-07 01:05:59 --> Session: Class initialized using 'CodeIgniter\Session\Handlers\FileHandler' driver.
INFO - 2023-11-07 01:06:00 --> Session: Class initialized using 'CodeIgniter\Session\Handlers\FileHandler' driver.
INFO - 2023-11-07 01:06:01 --> Session: Class initialized using 'CodeIgniter\Session\Handlers\FileHandler' driver.
WARNING - 2023-11-07 01:06:01 --> [DEPRECATED] Function utf8_encode() is deprecated in APPPATH\ThirdParty\fpdf\fpdf.php on line 235.
 1 APPPATH\Controllers\Ventas.php(160): FPDF->SetTitle('ventas')
 2 SYSTEMPATH\CodeIgniter.php(932): App\Controllers\Ventas->generarVentaPdf('35')
 3 SYSTEMPATH\CodeIgniter.php(497): CodeIgniter\CodeIgniter->runController(Object(App\Controllers\Ventas))
 4 SYSTEMPATH\CodeIgniter.php(366): CodeIgniter\CodeIgniter->handleRequest(null, Object(Config\Cache), false)
 5 FCPATH\index.php(67): CodeIgniter\CodeIgniter->run()
WARNING - 2023-11-07 01:06:01 --> [DEPRECATED] Function utf8_encode() is deprecated in APPPATH\Controllers\Ventas.php on line 211.
 1 SYSTEMPATH\CodeIgniter.php(932): App\Controllers\Ventas->generarVentaPdf('35')
 2 SYSTEMPATH\CodeIgniter.php(497): CodeIgniter\CodeIgniter->runController(Object(App\Controllers\Ventas))
 3 SYSTEMPATH\CodeIgniter.php(366): CodeIgniter\CodeIgniter->handleRequest(null, Object(Config\Cache), false)
 4 FCPATH\index.php(67): CodeIgniter\CodeIgniter->run()
INFO - 2023-11-07 01:06:14 --> Session: Class initialized using 'CodeIgniter\Session\Handlers\FileHandler' driver.
INFO - 2023-11-07 01:06:23 --> Session: Class initialized using 'CodeIgniter\Session\Handlers\FileHandler' driver.
CRITICAL - 2023-11-07 01:06:23 --> Too few arguments to function App\Controllers\Ventas::generarVentaPdf(), 0 passed in C:\xampp2\htdocs\dismat\system\CodeIgniter.php on line 932 and exactly 1 expected
in APPPATH\Controllers\Ventas.php on line 152.
 1 SYSTEMPATH\CodeIgniter.php(932): App\Controllers\Ventas->generarVentaPdf()
 2 SYSTEMPATH\CodeIgniter.php(497): CodeIgniter\CodeIgniter->runController(Object(App\Controllers\Ventas))
 3 SYSTEMPATH\CodeIgniter.php(366): CodeIgniter\CodeIgniter->handleRequest(null, Object(Config\Cache), false)
 4 FCPATH\index.php(67): CodeIgniter\CodeIgniter->run()
INFO - 2023-11-07 01:06:26 --> Session: Class initialized using 'CodeIgniter\Session\Handlers\FileHandler' driver.
INFO - 2023-11-07 01:08:54 --> Session: Class initialized using 'CodeIgniter\Session\Handlers\FileHandler' driver.
INFO - 2023-11-07 01:10:12 --> Session: Class initialized using 'CodeIgniter\Session\Handlers\FileHandler' driver.
INFO - 2023-11-07 01:10:15 --> Session: Class initialized using 'CodeIgniter\Session\Handlers\FileHandler' driver.
INFO - 2023-11-07 01:10:38 --> Session: Class initialized using 'CodeIgniter\Session\Handlers\FileHandler' driver.
INFO - 2023-11-07 01:10:49 --> Session: Class initialized using 'CodeIgniter\Session\Handlers\FileHandler' driver.
INFO - 2023-11-07 01:10:53 --> Session: Class initialized using 'CodeIgniter\Session\Handlers\FileHandler' driver.
INFO - 2023-11-07 01:10:56 --> Session: Class initialized using 'CodeIgniter\Session\Handlers\FileHandler' driver.
INFO - 2023-11-07 01:11:04 --> Session: Class initialized using 'CodeIgniter\Session\Handlers\FileHandler' driver.
INFO - 2023-11-07 01:11:10 --> Session: Class initialized using 'CodeIgniter\Session\Handlers\FileHandler' driver.
INFO - 2023-11-07 01:11:35 --> Session: Class initialized using 'CodeIgniter\Session\Handlers\FileHandler' driver.
INFO - 2023-11-07 01:11:36 --> Session: Class initialized using 'CodeIgniter\Session\Handlers\FileHandler' driver.
INFO - 2023-11-07 01:11:36 --> Session: Class initialized using 'CodeIgniter\Session\Handlers\FileHandler' driver.
WARNING - 2023-11-07 01:11:36 --> [DEPRECATED] Function utf8_encode() is deprecated in APPPATH\ThirdParty\fpdf\fpdf.php on line 235.
 1 APPPATH\Controllers\Ventas.php(160): FPDF->SetTitle('ventas')
 2 SYSTEMPATH\CodeIgniter.php(932): App\Controllers\Ventas->generarVentaPdf('36')
 3 SYSTEMPATH\CodeIgniter.php(497): CodeIgniter\CodeIgniter->runController(Object(App\Controllers\Ventas))
 4 SYSTEMPATH\CodeIgniter.php(366): CodeIgniter\CodeIgniter->handleRequest(null, Object(Config\Cache), false)
 5 FCPATH\index.php(67): CodeIgniter\CodeIgniter->run()
WARNING - 2023-11-07 01:11:36 --> [DEPRECATED] Function utf8_encode() is deprecated in APPPATH\Controllers\Ventas.php on line 211.
 1 SYSTEMPATH\CodeIgniter.php(932): App\Controllers\Ventas->generarVentaPdf('36')
 2 SYSTEMPATH\CodeIgniter.php(497): CodeIgniter\CodeIgniter->runController(Object(App\Controllers\Ventas))
 3 SYSTEMPATH\CodeIgniter.php(366): CodeIgniter\CodeIgniter->handleRequest(null, Object(Config\Cache), false)
 4 FCPATH\index.php(67): CodeIgniter\CodeIgniter->run()
INFO - 2023-11-07 01:12:01 --> Session: Class initialized using 'CodeIgniter\Session\Handlers\FileHandler' driver.
INFO - 2023-11-07 01:12:41 --> Session: Class initialized using 'CodeIgniter\Session\Handlers\FileHandler' driver.
INFO - 2023-11-07 01:12:45 --> Session: Class initialized using 'CodeIgniter\Session\Handlers\FileHandler' driver.
CRITICAL - 2023-11-07 01:12:45 --> Too few arguments to function App\Controllers\Ventas::muestraVentaPdf(), 0 passed in C:\xampp2\htdocs\dismat\system\CodeIgniter.php on line 932 and exactly 1 expected
in APPPATH\Controllers\Ventas.php on line 143.
 1 SYSTEMPATH\CodeIgniter.php(932): App\Controllers\Ventas->muestraVentaPdf()
 2 SYSTEMPATH\CodeIgniter.php(497): CodeIgniter\CodeIgniter->runController(Object(App\Controllers\Ventas))
 3 SYSTEMPATH\CodeIgniter.php(366): CodeIgniter\CodeIgniter->handleRequest(null, Object(Config\Cache), false)
 4 FCPATH\index.php(67): CodeIgniter\CodeIgniter->run()
INFO - 2023-11-07 01:12:49 --> Session: Class initialized using 'CodeIgniter\Session\Handlers\FileHandler' driver.
INFO - 2023-11-07 01:13:23 --> Session: Class initialized using 'CodeIgniter\Session\Handlers\FileHandler' driver.
CRITICAL - 2023-11-07 01:13:23 --> Undefined variable $id_Venta
in APPPATH\Views\ventas\listaVentas.php on line 40.
 1 APPPATH\Views\ventas\listaVentas.php(40): CodeIgniter\Debug\Exceptions->errorHandler(2, 'Undefined variable $id_Venta', 'C:\\xampp2\\htdocs\\dismat\\app\\Views\\ventas\\listaVentas.php', 40)
 2 SYSTEMPATH\View\View.php(224): include('C:\\xampp2\\htdocs\\dismat\\app\\Views\\ventas\\listaVentas.php')
 3 SYSTEMPATH\View\View.php(227): CodeIgniter\View\View->CodeIgniter\View\{closure}()
 4 SYSTEMPATH\Common.php(1176): CodeIgniter\View\View->render('ventas/listaVentas', [], true)
 5 APPPATH\Controllers\Ventas.php(43): view('ventas/listaVentas', [...])
 6 SYSTEMPATH\CodeIgniter.php(932): App\Controllers\Ventas->lista()
 7 SYSTEMPATH\CodeIgniter.php(497): CodeIgniter\CodeIgniter->runController(Object(App\Controllers\Ventas))
 8 SYSTEMPATH\CodeIgniter.php(366): CodeIgniter\CodeIgniter->handleRequest(null, Object(Config\Cache), false)
 9 FCPATH\index.php(67): CodeIgniter\CodeIgniter->run()
INFO - 2023-11-07 01:13:43 --> Session: Class initialized using 'CodeIgniter\Session\Handlers\FileHandler' driver.
INFO - 2023-11-07 01:13:48 --> Session: Class initialized using 'CodeIgniter\Session\Handlers\FileHandler' driver.
INFO - 2023-11-07 01:17:35 --> Session: Class initialized using 'CodeIgniter\Session\Handlers\FileHandler' driver.
INFO - 2023-11-07 01:17:36 --> Session: Class initialized using 'CodeIgniter\Session\Handlers\FileHandler' driver.
INFO - 2023-11-07 01:17:36 --> Session: Class initialized using 'CodeIgniter\Session\Handlers\FileHandler' driver.
WARNING - 2023-11-07 01:17:36 --> [DEPRECATED] Function utf8_encode() is deprecated in APPPATH\ThirdParty\fpdf\fpdf.php on line 235.
 1 APPPATH\Controllers\Ventas.php(160): FPDF->SetTitle('ventas')
 2 SYSTEMPATH\CodeIgniter.php(932): App\Controllers\Ventas->generarVentaPdf('37')
 3 SYSTEMPATH\CodeIgniter.php(497): CodeIgniter\CodeIgniter->runController(Object(App\Controllers\Ventas))
 4 SYSTEMPATH\CodeIgniter.php(366): CodeIgniter\CodeIgniter->handleRequest(null, Object(Config\Cache), false)
 5 FCPATH\index.php(67): CodeIgniter\CodeIgniter->run()
WARNING - 2023-11-07 01:17:36 --> [DEPRECATED] Function utf8_encode() is deprecated in APPPATH\Controllers\Ventas.php on line 211.
 1 SYSTEMPATH\CodeIgniter.php(932): App\Controllers\Ventas->generarVentaPdf('37')
 2 SYSTEMPATH\CodeIgniter.php(497): CodeIgniter\CodeIgniter->runController(Object(App\Controllers\Ventas))
 3 SYSTEMPATH\CodeIgniter.php(366): CodeIgniter\CodeIgniter->handleRequest(null, Object(Config\Cache), false)
 4 FCPATH\index.php(67): CodeIgniter\CodeIgniter->run()
INFO - 2023-11-07 01:19:15 --> Session: Class initialized using 'CodeIgniter\Session\Handlers\FileHandler' driver.
INFO - 2023-11-07 01:19:20 --> Session: Class initialized using 'CodeIgniter\Session\Handlers\FileHandler' driver.
CRITICAL - 2023-11-07 01:19:20 --> Too few arguments to function App\Controllers\Ventas::muestraVentaPdf(), 0 passed in C:\xampp2\htdocs\dismat\system\CodeIgniter.php on line 932 and exactly 1 expected
in APPPATH\Controllers\Ventas.php on line 143.
 1 SYSTEMPATH\CodeIgniter.php(932): App\Controllers\Ventas->muestraVentaPdf()
 2 SYSTEMPATH\CodeIgniter.php(497): CodeIgniter\CodeIgniter->runController(Object(App\Controllers\Ventas))
 3 SYSTEMPATH\CodeIgniter.php(366): CodeIgniter\CodeIgniter->handleRequest(null, Object(Config\Cache), false)
 4 FCPATH\index.php(67): CodeIgniter\CodeIgniter->run()
INFO - 2023-11-07 01:19:27 --> Session: Class initialized using 'CodeIgniter\Session\Handlers\FileHandler' driver.
INFO - 2023-11-07 16:49:26 --> Session: Class initialized using 'CodeIgniter\Session\Handlers\FileHandler' driver.
INFO - 2023-11-07 16:49:52 --> Session: Class initialized using 'CodeIgniter\Session\Handlers\FileHandler' driver.
INFO - 2023-11-07 16:50:10 --> Session: Class initialized using 'CodeIgniter\Session\Handlers\FileHandler' driver.
INFO - 2023-11-07 16:50:54 --> Session: Class initialized using 'CodeIgniter\Session\Handlers\FileHandler' driver.
INFO - 2023-11-07 16:51:21 --> Session: Class initialized using 'CodeIgniter\Session\Handlers\FileHandler' driver.
INFO - 2023-11-07 16:53:20 --> Session: Class initialized using 'CodeIgniter\Session\Handlers\FileHandler' driver.
INFO - 2023-11-07 16:53:20 --> Session: Class initialized using 'CodeIgniter\Session\Handlers\FileHandler' driver.
INFO - 2023-11-07 17:06:14 --> Session: Class initialized using 'CodeIgniter\Session\Handlers\FileHandler' driver.
INFO - 2023-11-07 17:06:24 --> Session: Class initialized using 'CodeIgniter\Session\Handlers\FileHandler' driver.
INFO - 2023-11-07 17:06:26 --> Session: Class initialized using 'CodeIgniter\Session\Handlers\FileHandler' driver.
INFO - 2023-11-07 17:14:15 --> Session: Class initialized using 'CodeIgniter\Session\Handlers\FileHandler' driver.
INFO - 2023-11-07 17:14:43 --> Session: Class initialized using 'CodeIgniter\Session\Handlers\FileHandler' driver.
INFO - 2023-11-07 17:15:12 --> Session: Class initialized using 'CodeIgniter\Session\Handlers\FileHandler' driver.
INFO - 2023-11-07 17:15:19 --> Session: Class initialized using 'CodeIgniter\Session\Handlers\FileHandler' driver.
INFO - 2023-11-07 17:16:09 --> Session: Class initialized using 'CodeIgniter\Session\Handlers\FileHandler' driver.
INFO - 2023-11-07 17:18:18 --> Session: Class initialized using 'CodeIgniter\Session\Handlers\FileHandler' driver.
INFO - 2023-11-07 17:19:20 --> Session: Class initialized using 'CodeIgniter\Session\Handlers\FileHandler' driver.
INFO - 2023-11-07 17:20:18 --> Session: Class initialized using 'CodeIgniter\Session\Handlers\FileHandler' driver.
INFO - 2023-11-07 17:21:37 --> Session: Class initialized using 'CodeIgniter\Session\Handlers\FileHandler' driver.
INFO - 2023-11-07 17:21:46 --> Session: Class initialized using 'CodeIgniter\Session\Handlers\FileHandler' driver.
INFO - 2023-11-07 17:22:57 --> Session: Class initialized using 'CodeIgniter\Session\Handlers\FileHandler' driver.
INFO - 2023-11-07 17:23:55 --> Session: Class initialized using 'CodeIgniter\Session\Handlers\FileHandler' driver.
INFO - 2023-11-07 17:24:19 --> Session: Class initialized using 'CodeIgniter\Session\Handlers\FileHandler' driver.
INFO - 2023-11-07 17:24:19 --> Session: Class initialized using 'CodeIgniter\Session\Handlers\FileHandler' driver.
INFO - 2023-11-07 17:24:20 --> Session: Class initialized using 'CodeIgniter\Session\Handlers\FileHandler' driver.
WARNING - 2023-11-07 17:24:20 --> [DEPRECATED] Function utf8_encode() is deprecated in APPPATH\ThirdParty\fpdf\fpdf.php on line 235.
 1 APPPATH\Controllers\Ventas.php(160): FPDF->SetTitle('ventas')
 2 SYSTEMPATH\CodeIgniter.php(932): App\Controllers\Ventas->generarVentaPdf('38')
 3 SYSTEMPATH\CodeIgniter.php(497): CodeIgniter\CodeIgniter->runController(Object(App\Controllers\Ventas))
 4 SYSTEMPATH\CodeIgniter.php(366): CodeIgniter\CodeIgniter->handleRequest(null, Object(Config\Cache), false)
 5 FCPATH\index.php(67): CodeIgniter\CodeIgniter->run()
WARNING - 2023-11-07 17:24:20 --> [DEPRECATED] Function utf8_encode() is deprecated in APPPATH\Controllers\Ventas.php on line 211.
 1 SYSTEMPATH\CodeIgniter.php(932): App\Controllers\Ventas->generarVentaPdf('38')
 2 SYSTEMPATH\CodeIgniter.php(497): CodeIgniter\CodeIgniter->runController(Object(App\Controllers\Ventas))
 3 SYSTEMPATH\CodeIgniter.php(366): CodeIgniter\CodeIgniter->handleRequest(null, Object(Config\Cache), false)
 4 FCPATH\index.php(67): CodeIgniter\CodeIgniter->run()
INFO - 2023-11-07 17:27:25 --> Session: Class initialized using 'CodeIgniter\Session\Handlers\FileHandler' driver.
