WARNING - 2023-09-08 00:14:30 --> [DEPRECATED] strpos(): Passing null to parameter #1 ($haystack) of type string is deprecated in SYSTEMPATH\Email\Email.php on line 737.
 1 SYSTEMPATH\Email\Email.php(737): strpos(null, ',')
 2 SYSTEMPATH\Email\Email.php(550): CodeIgniter\Email\Email->stringToArray(null)
 3 APPPATH\Controllers\Usuarios.php(292): CodeIgniter\Email\Email->setTo(null)
 4 SYSTEMPATH\CodeIgniter.php(932): App\Controllers\Usuarios->enviar()
 5 SYSTEMPATH\CodeIgniter.php(497): CodeIgniter\CodeIgniter->runController(Object(App\Controllers\Usuarios))
 6 SYSTEMPATH\CodeIgniter.php(366): CodeIgniter\CodeIgniter->handleRequest(null, Object(Config\Cache), false)
 7 FCPATH\index.php(67): CodeIgniter\CodeIgniter->run()
WARNING - 2023-09-08 00:14:30 --> [DEPRECATED] trim(): Passing null to parameter #1 ($string) of type string is deprecated in SYSTEMPATH\Email\Email.php on line 737.
 1 SYSTEMPATH\Email\Email.php(737): trim(null)
 2 SYSTEMPATH\Email\Email.php(550): CodeIgniter\Email\Email->stringToArray(null)
 3 APPPATH\Controllers\Usuarios.php(292): CodeIgniter\Email\Email->setTo(null)
 4 SYSTEMPATH\CodeIgniter.php(932): App\Controllers\Usuarios->enviar()
 5 SYSTEMPATH\CodeIgniter.php(497): CodeIgniter\CodeIgniter->runController(Object(App\Controllers\Usuarios))
 6 SYSTEMPATH\CodeIgniter.php(366): CodeIgniter\CodeIgniter->handleRequest(null, Object(Config\Cache), false)
 7 FCPATH\index.php(67): CodeIgniter\CodeIgniter->run()
ERROR - 2023-09-08 00:14:31 --> Email: sendWithSmtp throwed ErrorException: fsockopen(): SSL operation failed with code 1. OpenSSL Error messages:
error:0A00010B:SSL routines::wrong version number in C:\xampp2\htdocs\dismat\system\Email\Email.php:1863
Stack trace:
#0 [internal function]: CodeIgniter\Debug\Exceptions->errorHandler(2, 'fsockopen(): SS...', 'C:\\xampp2\\htdoc...', 1863)
#1 C:\xampp2\htdocs\dismat\system\Email\Email.php(1863): fsockopen('ssl://smtp.gmai...', 587, NULL, NULL, 5)
#2 C:\xampp2\htdocs\dismat\system\Email\Email.php(1782): CodeIgniter\Email\Email->SMTPConnect()
#3 C:\xampp2\htdocs\dismat\system\Email\Email.php(1667): CodeIgniter\Email\Email->sendWithSmtp()
#4 C:\xampp2\htdocs\dismat\system\Email\Email.php(1565): CodeIgniter\Email\Email->spoolEmail()
#5 C:\xampp2\htdocs\dismat\app\Controllers\Usuarios.php(297): CodeIgniter\Email\Email->send()
#6 C:\xampp2\htdocs\dismat\system\CodeIgniter.php(932): App\Controllers\Usuarios->enviar()
#7 C:\xampp2\htdocs\dismat\system\CodeIgniter.php(497): CodeIgniter\CodeIgniter->runController(Object(App\Controllers\Usuarios))
#8 C:\xampp2\htdocs\dismat\system\CodeIgniter.php(366): CodeIgniter\CodeIgniter->handleRequest(NULL, Object(Config\Cache), false)
#9 C:\xampp2\htdocs\dismat\public\index.php(67): CodeIgniter\CodeIgniter->run()
#10 {main}
ERROR - 2023-09-08 00:14:31 --> Email: Unable to send email using SMTP. Your server might not be configured to send mail using this method.
ERROR - 2023-09-08 00:14:31 --> 
ERROR - 2023-09-08 00:14:33 --> Email: sendWithSmtp throwed ErrorException: fsockopen(): SSL operation failed with code 1. OpenSSL Error messages:
error:0A00010B:SSL routines::wrong version number in C:\xampp2\htdocs\dismat\system\Email\Email.php:1863
Stack trace:
#0 [internal function]: CodeIgniter\Debug\Exceptions->errorHandler(2, 'fsockopen(): SS...', 'C:\\xampp2\\htdoc...', 1863)
#1 C:\xampp2\htdocs\dismat\system\Email\Email.php(1863): fsockopen('ssl://smtp.gmai...', 587, NULL, NULL, 5)
#2 C:\xampp2\htdocs\dismat\system\Email\Email.php(1782): CodeIgniter\Email\Email->SMTPConnect()
#3 C:\xampp2\htdocs\dismat\system\Email\Email.php(1667): CodeIgniter\Email\Email->sendWithSmtp()
#4 C:\xampp2\htdocs\dismat\system\Email\Email.php(1565): CodeIgniter\Email\Email->spoolEmail()
#5 C:\xampp2\htdocs\dismat\app\Controllers\Usuarios.php(299): CodeIgniter\Email\Email->send()
#6 C:\xampp2\htdocs\dismat\system\CodeIgniter.php(932): App\Controllers\Usuarios->enviar()
#7 C:\xampp2\htdocs\dismat\system\CodeIgniter.php(497): CodeIgniter\CodeIgniter->runController(Object(App\Controllers\Usuarios))
#8 C:\xampp2\htdocs\dismat\system\CodeIgniter.php(366): CodeIgniter\CodeIgniter->handleRequest(NULL, Object(Config\Cache), false)
#9 C:\xampp2\htdocs\dismat\public\index.php(67): CodeIgniter\CodeIgniter->run()
#10 {main}
ERROR - 2023-09-08 00:14:33 --> Email: Unable to send email using SMTP. Your server might not be configured to send mail using this method.
ERROR - 2023-09-08 00:14:33 --> Unable to send email using SMTP. Your server might not be configured to send mail using this method.
INFO - 2023-09-08 00:19:30 --> Session: Class initialized using 'CodeIgniter\Session\Handlers\FileHandler' driver.
INFO - 2023-09-08 00:20:04 --> Session: Class initialized using 'CodeIgniter\Session\Handlers\FileHandler' driver.
INFO - 2023-09-08 00:20:09 --> Session: Class initialized using 'CodeIgniter\Session\Handlers\FileHandler' driver.
INFO - 2023-09-08 00:20:23 --> Session: Class initialized using 'CodeIgniter\Session\Handlers\FileHandler' driver.
INFO - 2023-09-08 00:21:09 --> Session: Class initialized using 'CodeIgniter\Session\Handlers\FileHandler' driver.
INFO - 2023-09-08 00:21:20 --> Session: Class initialized using 'CodeIgniter\Session\Handlers\FileHandler' driver.
INFO - 2023-09-08 00:21:44 --> Session: Class initialized using 'CodeIgniter\Session\Handlers\FileHandler' driver.
INFO - 2023-09-08 00:21:48 --> Session: Class initialized using 'CodeIgniter\Session\Handlers\FileHandler' driver.
INFO - 2023-09-08 00:26:09 --> Session: Class initialized using 'CodeIgniter\Session\Handlers\FileHandler' driver.
INFO - 2023-09-08 00:26:18 --> Session: Class initialized using 'CodeIgniter\Session\Handlers\FileHandler' driver.
INFO - 2023-09-08 00:26:24 --> Session: Class initialized using 'CodeIgniter\Session\Handlers\FileHandler' driver.
INFO - 2023-09-08 00:27:20 --> Session: Class initialized using 'CodeIgniter\Session\Handlers\FileHandler' driver.
INFO - 2023-09-08 00:27:56 --> Session: Class initialized using 'CodeIgniter\Session\Handlers\FileHandler' driver.
INFO - 2023-09-08 00:27:59 --> Session: Class initialized using 'CodeIgniter\Session\Handlers\FileHandler' driver.
INFO - 2023-09-08 00:28:00 --> Session: Class initialized using 'CodeIgniter\Session\Handlers\FileHandler' driver.
CRITICAL - 2023-09-08 00:28:00 --> Trying to access array offset on value of type null
in APPPATH\Views\usuarios\editar.php on line 11.
 1 APPPATH\Views\usuarios\editar.php(11): CodeIgniter\Debug\Exceptions->errorHandler(2, 'Trying to access array offset on value of type null', 'C:\\xampp2\\htdocs\\dismat\\app\\Views\\usuarios\\editar.php', 11)
 2 SYSTEMPATH\View\View.php(224): include('C:\\xampp2\\htdocs\\dismat\\app\\Views\\usuarios\\editar.php')
 3 SYSTEMPATH\View\View.php(227): CodeIgniter\View\View->CodeIgniter\View\{closure}()
 4 SYSTEMPATH\Common.php(1176): CodeIgniter\View\View->render('usuarios/editar', [], true)
 5 APPPATH\Controllers\Usuarios.php(163): view('usuarios/editar', [...])
 6 SYSTEMPATH\CodeIgniter.php(932): App\Controllers\Usuarios->editar('img', 'undraw_profile.svg')
 7 SYSTEMPATH\CodeIgniter.php(497): CodeIgniter\CodeIgniter->runController(Object(App\Controllers\Usuarios))
 8 SYSTEMPATH\CodeIgniter.php(366): CodeIgniter\CodeIgniter->handleRequest(null, Object(Config\Cache), false)
 9 FCPATH\index.php(67): CodeIgniter\CodeIgniter->run()
INFO - 2023-09-08 00:28:03 --> Session: Class initialized using 'CodeIgniter\Session\Handlers\FileHandler' driver.
WARNING - 2023-09-08 00:28:07 --> [DEPRECATED] strpos(): Passing null to parameter #1 ($haystack) of type string is deprecated in SYSTEMPATH\Email\Email.php on line 737.
 1 SYSTEMPATH\Email\Email.php(737): strpos(null, ',')
 2 SYSTEMPATH\Email\Email.php(550): CodeIgniter\Email\Email->stringToArray(null)
 3 APPPATH\Controllers\Usuarios.php(288): CodeIgniter\Email\Email->setTo(null)
 4 SYSTEMPATH\CodeIgniter.php(932): App\Controllers\Usuarios->enviar()
 5 SYSTEMPATH\CodeIgniter.php(497): CodeIgniter\CodeIgniter->runController(Object(App\Controllers\Usuarios))
 6 SYSTEMPATH\CodeIgniter.php(366): CodeIgniter\CodeIgniter->handleRequest(null, Object(Config\Cache), false)
 7 FCPATH\index.php(67): CodeIgniter\CodeIgniter->run()
WARNING - 2023-09-08 00:28:07 --> [DEPRECATED] trim(): Passing null to parameter #1 ($string) of type string is deprecated in SYSTEMPATH\Email\Email.php on line 737.
 1 SYSTEMPATH\Email\Email.php(737): trim(null)
 2 SYSTEMPATH\Email\Email.php(550): CodeIgniter\Email\Email->stringToArray(null)
 3 APPPATH\Controllers\Usuarios.php(288): CodeIgniter\Email\Email->setTo(null)
 4 SYSTEMPATH\CodeIgniter.php(932): App\Controllers\Usuarios->enviar()
 5 SYSTEMPATH\CodeIgniter.php(497): CodeIgniter\CodeIgniter->runController(Object(App\Controllers\Usuarios))
 6 SYSTEMPATH\CodeIgniter.php(366): CodeIgniter\CodeIgniter->handleRequest(null, Object(Config\Cache), false)
 7 FCPATH\index.php(67): CodeIgniter\CodeIgniter->run()
ERROR - 2023-09-08 00:28:08 --> Email: sendWithSmtp throwed ErrorException: fsockopen(): SSL operation failed with code 1. OpenSSL Error messages:
error:0A00010B:SSL routines::wrong version number in C:\xampp2\htdocs\dismat\system\Email\Email.php:1863
Stack trace:
#0 [internal function]: CodeIgniter\Debug\Exceptions->errorHandler(2, 'fsockopen(): SS...', 'C:\\xampp2\\htdoc...', 1863)
#1 C:\xampp2\htdocs\dismat\system\Email\Email.php(1863): fsockopen('ssl://smtp.gmai...', 587, NULL, NULL, 5)
#2 C:\xampp2\htdocs\dismat\system\Email\Email.php(1782): CodeIgniter\Email\Email->SMTPConnect()
#3 C:\xampp2\htdocs\dismat\system\Email\Email.php(1667): CodeIgniter\Email\Email->sendWithSmtp()
#4 C:\xampp2\htdocs\dismat\system\Email\Email.php(1565): CodeIgniter\Email\Email->spoolEmail()
#5 C:\xampp2\htdocs\dismat\app\Controllers\Usuarios.php(295): CodeIgniter\Email\Email->send()
#6 C:\xampp2\htdocs\dismat\system\CodeIgniter.php(932): App\Controllers\Usuarios->enviar()
#7 C:\xampp2\htdocs\dismat\system\CodeIgniter.php(497): CodeIgniter\CodeIgniter->runController(Object(App\Controllers\Usuarios))
#8 C:\xampp2\htdocs\dismat\system\CodeIgniter.php(366): CodeIgniter\CodeIgniter->handleRequest(NULL, Object(Config\Cache), false)
#9 C:\xampp2\htdocs\dismat\public\index.php(67): CodeIgniter\CodeIgniter->run()
#10 {main}
ERROR - 2023-09-08 00:28:08 --> Email: Unable to send email using SMTP. Your server might not be configured to send mail using this method.
ERROR - 2023-09-08 00:28:08 --> 
INFO - 2023-09-08 01:28:15 --> Session: Class initialized using 'CodeIgniter\Session\Handlers\FileHandler' driver.
INFO - 2023-09-08 22:08:59 --> Session: Class initialized using 'CodeIgniter\Session\Handlers\FileHandler' driver.
INFO - 2023-09-08 22:09:55 --> Session: Class initialized using 'CodeIgniter\Session\Handlers\FileHandler' driver.
