INFO - 2023-10-27 00:03:08 --> Session: Class initialized using 'CodeIgniter\Session\Handlers\FileHandler' driver.
INFO - 2023-10-27 00:03:21 --> Session: Class initialized using 'CodeIgniter\Session\Handlers\FileHandler' driver.
INFO - 2023-10-27 00:18:50 --> Session: Class initialized using 'CodeIgniter\Session\Handlers\FileHandler' driver.
WARNING - 2023-10-27 00:19:08 --> [DEPRECATED] preg_replace(): Passing null to parameter #3 ($subject) of type array|string is deprecated in APPPATH\Controllers\Ventas.php on line 58.
 1 APPPATH\Controllers\Ventas.php(58): preg_replace('/[\\$,]/', '', null)
 2 SYSTEMPATH\CodeIgniter.php(932): App\Controllers\Ventas->guarda()
 3 SYSTEMPATH\CodeIgniter.php(497): CodeIgniter\CodeIgniter->runController(Object(App\Controllers\Ventas))
 4 SYSTEMPATH\CodeIgniter.php(366): CodeIgniter\CodeIgniter->handleRequest(null, Object(Config\Cache), false)
 5 FCPATH\index.php(67): CodeIgniter\CodeIgniter->run()
INFO - 2023-10-27 00:19:08 --> Session: Class initialized using 'CodeIgniter\Session\Handlers\FileHandler' driver.
ERROR - 2023-10-27 00:19:08 --> mysqli_sql_exception: Column 'id' cannot be null in C:\xampp2\htdocs\dismat\system\Database\MySQLi\Connection.php:295
Stack trace:
#0 C:\xampp2\htdocs\dismat\system\Database\MySQLi\Connection.php(295): mysqli->query('INSERT INTO `ve...', 0)
#1 C:\xampp2\htdocs\dismat\system\Database\BaseConnection.php(692): CodeIgniter\Database\MySQLi\Connection->execute('INSERT INTO `ve...')
#2 C:\xampp2\htdocs\dismat\system\Database\BaseConnection.php(606): CodeIgniter\Database\BaseConnection->simpleQuery('INSERT INTO `ve...')
#3 C:\xampp2\htdocs\dismat\system\Database\BaseBuilder.php(2309): CodeIgniter\Database\BaseConnection->query('INSERT INTO `ve...', Array, false)
#4 C:\xampp2\htdocs\dismat\system\Model.php(330): CodeIgniter\Database\BaseBuilder->insert()
#5 C:\xampp2\htdocs\dismat\system\BaseModel.php(782): CodeIgniter\Model->doInsert(Array)
#6 C:\xampp2\htdocs\dismat\system\Model.php(730): CodeIgniter\BaseModel->insert(Array, true)
#7 C:\xampp2\htdocs\dismat\app\Models\VentasModel.php(45): CodeIgniter\Model->insert(Array)
#8 C:\xampp2\htdocs\dismat\app\Controllers\Ventas.php(64): App\Models\VentasModel->insertarVenta(''653b01eac1e8b'', '', NULL, NULL)
#9 C:\xampp2\htdocs\dismat\system\CodeIgniter.php(932): App\Controllers\Ventas->guarda()
#10 C:\xampp2\htdocs\dismat\system\CodeIgniter.php(497): CodeIgniter\CodeIgniter->runController(Object(App\Controllers\Ventas))
#11 C:\xampp2\htdocs\dismat\system\CodeIgniter.php(366): CodeIgniter\CodeIgniter->handleRequest(NULL, Object(Config\Cache), false)
#12 C:\xampp2\htdocs\dismat\public\index.php(67): CodeIgniter\CodeIgniter->run()
#13 {main}
CRITICAL - 2023-10-27 00:19:08 --> Column 'id' cannot be null
in SYSTEMPATH\Database\MySQLi\Connection.php on line 295.
 1 SYSTEMPATH\Database\MySQLi\Connection.php(295): mysqli->query('INSERT INTO `ventas` (`notaR`, `total`, `id`, `id_cliente`, `fechaRegistro`, `fechaActualizacion`) VALUES (\'\\\'653b01eac1e8b\\\'\', \'\', NULL, NULL, \'2023-10-27 00:19:08\', \'2023-10-27 00:19:08\')', 0)
 2 SYSTEMPATH\Database\BaseConnection.php(692): CodeIgniter\Database\MySQLi\Connection->execute('INSERT INTO `ventas` (`notaR`, `total`, `id`, `id_cliente`, `fechaRegistro`, `fechaActualizacion`) VALUES (\'\\\'653b01eac1e8b\\\'\', \'\', NULL, NULL, \'2023-10-27 00:19:08\', \'2023-10-27 00:19:08\')')
 3 SYSTEMPATH\Database\BaseConnection.php(606): CodeIgniter\Database\BaseConnection->simpleQuery('INSERT INTO `ventas` (`notaR`, `total`, `id`, `id_cliente`, `fechaRegistro`, `fechaActualizacion`) VALUES (\'\\\'653b01eac1e8b\\\'\', \'\', NULL, NULL, \'2023-10-27 00:19:08\', \'2023-10-27 00:19:08\')')
 4 SYSTEMPATH\Database\BaseBuilder.php(2309): CodeIgniter\Database\BaseConnection->query('INSERT INTO `ventas` (`notaR`, `total`, `id`, `id_cliente`, `fechaRegistro`, `fechaActualizacion`) VALUES (:notaR:, :total:, :id:, :id_cliente:, :fechaRegistro:, :fechaActualizacion:)', [...], false)
 5 SYSTEMPATH\Model.php(330): CodeIgniter\Database\BaseBuilder->insert()
 6 SYSTEMPATH\BaseModel.php(782): CodeIgniter\Model->doInsert([...])
 7 SYSTEMPATH\Model.php(730): CodeIgniter\BaseModel->insert([...], true)
 8 APPPATH\Models\VentasModel.php(45): CodeIgniter\Model->insert([...])
 9 APPPATH\Controllers\Ventas.php(64): App\Models\VentasModel->insertarVenta('\'653b01eac1e8b\'', '', null, null)
10 SYSTEMPATH\CodeIgniter.php(932): App\Controllers\Ventas->guarda()
11 SYSTEMPATH\CodeIgniter.php(497): CodeIgniter\CodeIgniter->runController(Object(App\Controllers\Ventas))
12 SYSTEMPATH\CodeIgniter.php(366): CodeIgniter\CodeIgniter->handleRequest(null, Object(Config\Cache), false)
13 FCPATH\index.php(67): CodeIgniter\CodeIgniter->run()
