INFO - 2023-11-17 01:08:41 --> Session: Class initialized using 'CodeIgniter\Session\Handlers\FileHandler' driver.
INFO - 2023-11-17 01:08:42 --> Session: Class initialized using 'CodeIgniter\Session\Handlers\FileHandler' driver.
INFO - 2023-11-17 01:13:38 --> Session: Class initialized using 'CodeIgniter\Session\Handlers\FileHandler' driver.
CRITICAL - 2023-11-17 01:13:47 --> Too few arguments to function App\Controllers\Empleados::detalles(), 0 passed in C:\xampp2\htdocs\dismat\system\CodeIgniter.php on line 932 and exactly 1 expected
in APPPATH\Controllers\Empleados.php on line 115.
 1 SYSTEMPATH\CodeIgniter.php(932): App\Controllers\Empleados->detalles()
 2 SYSTEMPATH\CodeIgniter.php(497): CodeIgniter\CodeIgniter->runController(Object(App\Controllers\Empleados))
 3 SYSTEMPATH\CodeIgniter.php(366): CodeIgniter\CodeIgniter->handleRequest(null, Object(Config\Cache), false)
 4 FCPATH\index.php(67): CodeIgniter\CodeIgniter->run()
INFO - 2023-11-17 01:23:07 --> Session: Class initialized using 'CodeIgniter\Session\Handlers\FileHandler' driver.
CRITICAL - 2023-11-17 01:23:07 --> Undefined variable $id_Empleado
in APPPATH\Views\empleados\detalle.php on line 6.
 1 APPPATH\Views\empleados\detalle.php(6): CodeIgniter\Debug\Exceptions->errorHandler(2, 'Undefined variable $id_Empleado', 'C:\\xampp2\\htdocs\\dismat\\app\\Views\\empleados\\detalle.php', 6)
 2 SYSTEMPATH\View\View.php(224): include('C:\\xampp2\\htdocs\\dismat\\app\\Views\\empleados\\detalle.php')
 3 SYSTEMPATH\View\View.php(227): CodeIgniter\View\View->CodeIgniter\View\{closure}()
 4 SYSTEMPATH\Common.php(1176): CodeIgniter\View\View->render('empleados/detalle', [], true)
 5 APPPATH\Controllers\Empleados.php(119): view('empleados/detalle', [...])
 6 SYSTEMPATH\CodeIgniter.php(932): App\Controllers\Empleados->detalles()
 7 SYSTEMPATH\CodeIgniter.php(497): CodeIgniter\CodeIgniter->runController(Object(App\Controllers\Empleados))
 8 SYSTEMPATH\CodeIgniter.php(366): CodeIgniter\CodeIgniter->handleRequest(null, Object(Config\Cache), false)
 9 FCPATH\index.php(67): CodeIgniter\CodeIgniter->run()
INFO - 2023-11-17 01:23:44 --> Session: Class initialized using 'CodeIgniter\Session\Handlers\FileHandler' driver.
CRITICAL - 2023-11-17 01:37:13 --> Too few arguments to function App\Controllers\Empleados::detalles(), 0 passed in C:\xampp2\htdocs\dismat\system\CodeIgniter.php on line 932 and exactly 1 expected
in APPPATH\Controllers\Empleados.php on line 115.
 1 SYSTEMPATH\CodeIgniter.php(932): App\Controllers\Empleados->detalles()
 2 SYSTEMPATH\CodeIgniter.php(497): CodeIgniter\CodeIgniter->runController(Object(App\Controllers\Empleados))
 3 SYSTEMPATH\CodeIgniter.php(366): CodeIgniter\CodeIgniter->handleRequest(null, Object(Config\Cache), false)
 4 FCPATH\index.php(67): CodeIgniter\CodeIgniter->run()
CRITICAL - 2023-11-17 01:43:56 --> Too few arguments to function App\Controllers\Empleados::detalles(), 0 passed in C:\xampp2\htdocs\dismat\system\CodeIgniter.php on line 932 and exactly 1 expected
in APPPATH\Controllers\Empleados.php on line 115.
 1 SYSTEMPATH\CodeIgniter.php(932): App\Controllers\Empleados->detalles()
 2 SYSTEMPATH\CodeIgniter.php(497): CodeIgniter\CodeIgniter->runController(Object(App\Controllers\Empleados))
 3 SYSTEMPATH\CodeIgniter.php(366): CodeIgniter\CodeIgniter->handleRequest(null, Object(Config\Cache), false)
 4 FCPATH\index.php(67): CodeIgniter\CodeIgniter->run()
CRITICAL - 2023-11-17 01:44:02 --> Too few arguments to function App\Controllers\Empleados::detalles(), 0 passed in C:\xampp2\htdocs\dismat\system\CodeIgniter.php on line 932 and exactly 1 expected
in APPPATH\Controllers\Empleados.php on line 115.
 1 SYSTEMPATH\CodeIgniter.php(932): App\Controllers\Empleados->detalles()
 2 SYSTEMPATH\CodeIgniter.php(497): CodeIgniter\CodeIgniter->runController(Object(App\Controllers\Empleados))
 3 SYSTEMPATH\CodeIgniter.php(366): CodeIgniter\CodeIgniter->handleRequest(null, Object(Config\Cache), false)
 4 FCPATH\index.php(67): CodeIgniter\CodeIgniter->run()
CRITICAL - 2023-11-17 01:46:49 --> Too few arguments to function App\Controllers\Empleados::detalles(), 0 passed in C:\xampp2\htdocs\dismat\system\CodeIgniter.php on line 932 and exactly 1 expected
in APPPATH\Controllers\Empleados.php on line 115.
 1 SYSTEMPATH\CodeIgniter.php(932): App\Controllers\Empleados->detalles()
 2 SYSTEMPATH\CodeIgniter.php(497): CodeIgniter\CodeIgniter->runController(Object(App\Controllers\Empleados))
 3 SYSTEMPATH\CodeIgniter.php(366): CodeIgniter\CodeIgniter->handleRequest(null, Object(Config\Cache), false)
 4 FCPATH\index.php(67): CodeIgniter\CodeIgniter->run()
CRITICAL - 2023-11-17 01:46:50 --> Too few arguments to function App\Controllers\Empleados::detalles(), 0 passed in C:\xampp2\htdocs\dismat\system\CodeIgniter.php on line 932 and exactly 1 expected
in APPPATH\Controllers\Empleados.php on line 115.
 1 SYSTEMPATH\CodeIgniter.php(932): App\Controllers\Empleados->detalles()
 2 SYSTEMPATH\CodeIgniter.php(497): CodeIgniter\CodeIgniter->runController(Object(App\Controllers\Empleados))
 3 SYSTEMPATH\CodeIgniter.php(366): CodeIgniter\CodeIgniter->handleRequest(null, Object(Config\Cache), false)
 4 FCPATH\index.php(67): CodeIgniter\CodeIgniter->run()
CRITICAL - 2023-11-17 02:22:12 --> Too few arguments to function App\Controllers\Empleados::detalles(), 0 passed in C:\xampp2\htdocs\dismat\system\CodeIgniter.php on line 932 and exactly 1 expected
in APPPATH\Controllers\Empleados.php on line 115.
 1 SYSTEMPATH\CodeIgniter.php(932): App\Controllers\Empleados->detalles()
 2 SYSTEMPATH\CodeIgniter.php(497): CodeIgniter\CodeIgniter->runController(Object(App\Controllers\Empleados))
 3 SYSTEMPATH\CodeIgniter.php(366): CodeIgniter\CodeIgniter->handleRequest(null, Object(Config\Cache), false)
 4 FCPATH\index.php(67): CodeIgniter\CodeIgniter->run()
CRITICAL - 2023-11-17 03:01:01 --> Too few arguments to function App\Controllers\Empleados::detalles(), 0 passed in C:\xampp2\htdocs\dismat\system\CodeIgniter.php on line 932 and exactly 1 expected
in APPPATH\Controllers\Empleados.php on line 115.
 1 SYSTEMPATH\CodeIgniter.php(932): App\Controllers\Empleados->detalles()
 2 SYSTEMPATH\CodeIgniter.php(497): CodeIgniter\CodeIgniter->runController(Object(App\Controllers\Empleados))
 3 SYSTEMPATH\CodeIgniter.php(366): CodeIgniter\CodeIgniter->handleRequest(null, Object(Config\Cache), false)
 4 FCPATH\index.php(67): CodeIgniter\CodeIgniter->run()
CRITICAL - 2023-11-17 03:27:46 --> Too few arguments to function App\Controllers\Empleados::detalles(), 0 passed in C:\xampp2\htdocs\dismat\system\CodeIgniter.php on line 932 and exactly 1 expected
in APPPATH\Controllers\Empleados.php on line 115.
 1 SYSTEMPATH\CodeIgniter.php(932): App\Controllers\Empleados->detalles()
 2 SYSTEMPATH\CodeIgniter.php(497): CodeIgniter\CodeIgniter->runController(Object(App\Controllers\Empleados))
 3 SYSTEMPATH\CodeIgniter.php(366): CodeIgniter\CodeIgniter->handleRequest(null, Object(Config\Cache), false)
 4 FCPATH\index.php(67): CodeIgniter\CodeIgniter->run()
CRITICAL - 2023-11-17 03:27:48 --> Too few arguments to function App\Controllers\Empleados::detalles(), 0 passed in C:\xampp2\htdocs\dismat\system\CodeIgniter.php on line 932 and exactly 1 expected
in APPPATH\Controllers\Empleados.php on line 115.
 1 SYSTEMPATH\CodeIgniter.php(932): App\Controllers\Empleados->detalles()
 2 SYSTEMPATH\CodeIgniter.php(497): CodeIgniter\CodeIgniter->runController(Object(App\Controllers\Empleados))
 3 SYSTEMPATH\CodeIgniter.php(366): CodeIgniter\CodeIgniter->handleRequest(null, Object(Config\Cache), false)
 4 FCPATH\index.php(67): CodeIgniter\CodeIgniter->run()
