CRITICAL - 2023-10-31 02:32:49 --> "App\Models\TemporalModel" model class does not have a valid dateFormat.
in SYSTEMPATH\BaseModel.php on line 1300.
 1 SYSTEMPATH\BaseModel.php(1300): CodeIgniter\Exceptions\ModelException::forNoDateFormat('App\\Models\\TemporalModel')
 2 SYSTEMPATH\BaseModel.php(1267): CodeIgniter\BaseModel->intToDate(1698719568)
 3 SYSTEMPATH\BaseModel.php(766): CodeIgniter\BaseModel->setDate()
 4 SYSTEMPATH\Model.php(730): CodeIgniter\BaseModel->insert([...], false)
 5 SYSTEMPATH\BaseModel.php(692): CodeIgniter\Model->insert([...], false)
 6 APPPATH\Controllers\Temporal.php(32): CodeIgniter\BaseModel->save([...])
 7 SYSTEMPATH\CodeIgniter.php(932): App\Controllers\Temporal->insertar('12', '1', '653ff77368965')
 8 SYSTEMPATH\CodeIgniter.php(497): CodeIgniter\CodeIgniter->runController(Object(App\Controllers\Temporal))
 9 SYSTEMPATH\CodeIgniter.php(366): CodeIgniter\CodeIgniter->handleRequest(null, Object(Config\Cache), false)
10 FCPATH\index.php(67): CodeIgniter\CodeIgniter->run()
INFO - 2023-10-31 02:35:28 --> Session: Class initialized using 'CodeIgniter\Session\Handlers\FileHandler' driver.
CRITICAL - 2023-10-31 02:35:39 --> "App\Models\TemporalModel" model class does not have a valid dateFormat.
in SYSTEMPATH\BaseModel.php on line 1300.
 1 SYSTEMPATH\BaseModel.php(1300): CodeIgniter\Exceptions\ModelException::forNoDateFormat('App\\Models\\TemporalModel')
 2 SYSTEMPATH\BaseModel.php(1267): CodeIgniter\BaseModel->intToDate(1698719739)
 3 SYSTEMPATH\BaseModel.php(766): CodeIgniter\BaseModel->setDate()
 4 SYSTEMPATH\Model.php(730): CodeIgniter\BaseModel->insert([...], false)
 5 SYSTEMPATH\BaseModel.php(692): CodeIgniter\Model->insert([...], false)
 6 APPPATH\Controllers\Temporal.php(32): CodeIgniter\BaseModel->save([...])
 7 SYSTEMPATH\CodeIgniter.php(932): App\Controllers\Temporal->insertar('12', '10', '654067f07acb5')
 8 SYSTEMPATH\CodeIgniter.php(497): CodeIgniter\CodeIgniter->runController(Object(App\Controllers\Temporal))
 9 SYSTEMPATH\CodeIgniter.php(366): CodeIgniter\CodeIgniter->handleRequest(null, Object(Config\Cache), false)
10 FCPATH\index.php(67): CodeIgniter\CodeIgniter->run()
INFO - 2023-10-31 02:35:44 --> Session: Class initialized using 'CodeIgniter\Session\Handlers\FileHandler' driver.
CRITICAL - 2023-10-31 02:35:50 --> "App\Models\TemporalModel" model class does not have a valid dateFormat.
in SYSTEMPATH\BaseModel.php on line 1300.
 1 SYSTEMPATH\BaseModel.php(1300): CodeIgniter\Exceptions\ModelException::forNoDateFormat('App\\Models\\TemporalModel')
 2 SYSTEMPATH\BaseModel.php(1267): CodeIgniter\BaseModel->intToDate(1698719750)
 3 SYSTEMPATH\BaseModel.php(766): CodeIgniter\BaseModel->setDate()
 4 SYSTEMPATH\Model.php(730): CodeIgniter\BaseModel->insert([...], false)
 5 SYSTEMPATH\BaseModel.php(692): CodeIgniter\Model->insert([...], false)
 6 APPPATH\Controllers\Temporal.php(32): CodeIgniter\BaseModel->save([...])
 7 SYSTEMPATH\CodeIgniter.php(932): App\Controllers\Temporal->insertar('12', '10', '654067f07acb5')
 8 SYSTEMPATH\CodeIgniter.php(497): CodeIgniter\CodeIgniter->runController(Object(App\Controllers\Temporal))
 9 SYSTEMPATH\CodeIgniter.php(366): CodeIgniter\CodeIgniter->handleRequest(null, Object(Config\Cache), false)
10 FCPATH\index.php(67): CodeIgniter\CodeIgniter->run()
CRITICAL - 2023-10-31 02:35:51 --> "App\Models\TemporalModel" model class does not have a valid dateFormat.
in SYSTEMPATH\BaseModel.php on line 1300.
 1 SYSTEMPATH\BaseModel.php(1300): CodeIgniter\Exceptions\ModelException::forNoDateFormat('App\\Models\\TemporalModel')
 2 SYSTEMPATH\BaseModel.php(1267): CodeIgniter\BaseModel->intToDate(1698719751)
 3 SYSTEMPATH\BaseModel.php(766): CodeIgniter\BaseModel->setDate()
 4 SYSTEMPATH\Model.php(730): CodeIgniter\BaseModel->insert([...], false)
 5 SYSTEMPATH\BaseModel.php(692): CodeIgniter\Model->insert([...], false)
 6 APPPATH\Controllers\Temporal.php(32): CodeIgniter\BaseModel->save([...])
 7 SYSTEMPATH\CodeIgniter.php(932): App\Controllers\Temporal->insertar('12', '10', '654067f07acb5')
 8 SYSTEMPATH\CodeIgniter.php(497): CodeIgniter\CodeIgniter->runController(Object(App\Controllers\Temporal))
 9 SYSTEMPATH\CodeIgniter.php(366): CodeIgniter\CodeIgniter->handleRequest(null, Object(Config\Cache), false)
10 FCPATH\index.php(67): CodeIgniter\CodeIgniter->run()
CRITICAL - 2023-10-31 02:35:51 --> "App\Models\TemporalModel" model class does not have a valid dateFormat.
in SYSTEMPATH\BaseModel.php on line 1300.
 1 SYSTEMPATH\BaseModel.php(1300): CodeIgniter\Exceptions\ModelException::forNoDateFormat('App\\Models\\TemporalModel')
 2 SYSTEMPATH\BaseModel.php(1267): CodeIgniter\BaseModel->intToDate(1698719751)
 3 SYSTEMPATH\BaseModel.php(766): CodeIgniter\BaseModel->setDate()
 4 SYSTEMPATH\Model.php(730): CodeIgniter\BaseModel->insert([...], false)
 5 SYSTEMPATH\BaseModel.php(692): CodeIgniter\Model->insert([...], false)
 6 APPPATH\Controllers\Temporal.php(32): CodeIgniter\BaseModel->save([...])
 7 SYSTEMPATH\CodeIgniter.php(932): App\Controllers\Temporal->insertar('12', '10', '654067f07acb5')
 8 SYSTEMPATH\CodeIgniter.php(497): CodeIgniter\CodeIgniter->runController(Object(App\Controllers\Temporal))
 9 SYSTEMPATH\CodeIgniter.php(366): CodeIgniter\CodeIgniter->handleRequest(null, Object(Config\Cache), false)
10 FCPATH\index.php(67): CodeIgniter\CodeIgniter->run()
CRITICAL - 2023-10-31 02:35:51 --> "App\Models\TemporalModel" model class does not have a valid dateFormat.
in SYSTEMPATH\BaseModel.php on line 1300.
 1 SYSTEMPATH\BaseModel.php(1300): CodeIgniter\Exceptions\ModelException::forNoDateFormat('App\\Models\\TemporalModel')
 2 SYSTEMPATH\BaseModel.php(1267): CodeIgniter\BaseModel->intToDate(1698719751)
 3 SYSTEMPATH\BaseModel.php(766): CodeIgniter\BaseModel->setDate()
 4 SYSTEMPATH\Model.php(730): CodeIgniter\BaseModel->insert([...], false)
 5 SYSTEMPATH\BaseModel.php(692): CodeIgniter\Model->insert([...], false)
 6 APPPATH\Controllers\Temporal.php(32): CodeIgniter\BaseModel->save([...])
 7 SYSTEMPATH\CodeIgniter.php(932): App\Controllers\Temporal->insertar('12', '10', '654067f07acb5')
 8 SYSTEMPATH\CodeIgniter.php(497): CodeIgniter\CodeIgniter->runController(Object(App\Controllers\Temporal))
 9 SYSTEMPATH\CodeIgniter.php(366): CodeIgniter\CodeIgniter->handleRequest(null, Object(Config\Cache), false)
10 FCPATH\index.php(67): CodeIgniter\CodeIgniter->run()
INFO - 2023-10-31 03:15:45 --> Session: Class initialized using 'CodeIgniter\Session\Handlers\FileHandler' driver.
CRITICAL - 2023-10-31 03:16:22 --> "App\Models\TemporalModel" model class does not have a valid dateFormat.
in SYSTEMPATH\BaseModel.php on line 1300.
 1 SYSTEMPATH\BaseModel.php(1300): CodeIgniter\Exceptions\ModelException::forNoDateFormat('App\\Models\\TemporalModel')
 2 SYSTEMPATH\BaseModel.php(1267): CodeIgniter\BaseModel->intToDate(1698722182)
 3 SYSTEMPATH\BaseModel.php(766): CodeIgniter\BaseModel->setDate()
 4 SYSTEMPATH\Model.php(730): CodeIgniter\BaseModel->insert([...], false)
 5 SYSTEMPATH\BaseModel.php(692): CodeIgniter\Model->insert([...], false)
 6 APPPATH\Controllers\Temporal.php(32): CodeIgniter\BaseModel->save([...])
 7 SYSTEMPATH\CodeIgniter.php(932): App\Controllers\Temporal->insertar('12', '10', '65407161246a5')
 8 SYSTEMPATH\CodeIgniter.php(497): CodeIgniter\CodeIgniter->runController(Object(App\Controllers\Temporal))
 9 SYSTEMPATH\CodeIgniter.php(366): CodeIgniter\CodeIgniter->handleRequest(null, Object(Config\Cache), false)
10 FCPATH\index.php(67): CodeIgniter\CodeIgniter->run()
INFO - 2023-10-31 03:18:27 --> Session: Class initialized using 'CodeIgniter\Session\Handlers\FileHandler' driver.
CRITICAL - 2023-10-31 03:18:34 --> "App\Models\TemporalModel" model class does not have a valid dateFormat.
in SYSTEMPATH\BaseModel.php on line 1300.
 1 SYSTEMPATH\BaseModel.php(1300): CodeIgniter\Exceptions\ModelException::forNoDateFormat('App\\Models\\TemporalModel')
 2 SYSTEMPATH\BaseModel.php(1267): CodeIgniter\BaseModel->intToDate(1698722314)
 3 SYSTEMPATH\BaseModel.php(766): CodeIgniter\BaseModel->setDate()
 4 SYSTEMPATH\Model.php(730): CodeIgniter\BaseModel->insert([...], false)
 5 SYSTEMPATH\BaseModel.php(692): CodeIgniter\Model->insert([...], false)
 6 APPPATH\Controllers\Temporal.php(32): CodeIgniter\BaseModel->save([...])
 7 SYSTEMPATH\CodeIgniter.php(932): App\Controllers\Temporal->insertar('12', '10', '654072039c7f0')
 8 SYSTEMPATH\CodeIgniter.php(497): CodeIgniter\CodeIgniter->runController(Object(App\Controllers\Temporal))
 9 SYSTEMPATH\CodeIgniter.php(366): CodeIgniter\CodeIgniter->handleRequest(null, Object(Config\Cache), false)
10 FCPATH\index.php(67): CodeIgniter\CodeIgniter->run()
INFO - 2023-10-31 03:21:04 --> Session: Class initialized using 'CodeIgniter\Session\Handlers\FileHandler' driver.
CRITICAL - 2023-10-31 03:21:12 --> "App\Models\TemporalModel" model class does not have a valid dateFormat.
in SYSTEMPATH\BaseModel.php on line 1300.
 1 SYSTEMPATH\BaseModel.php(1300): CodeIgniter\Exceptions\ModelException::forNoDateFormat('App\\Models\\TemporalModel')
 2 SYSTEMPATH\BaseModel.php(1267): CodeIgniter\BaseModel->intToDate(1698722472)
 3 SYSTEMPATH\BaseModel.php(766): CodeIgniter\BaseModel->setDate()
 4 SYSTEMPATH\Model.php(730): CodeIgniter\BaseModel->insert([...], false)
 5 SYSTEMPATH\BaseModel.php(692): CodeIgniter\Model->insert([...], false)
 6 APPPATH\Controllers\Temporal.php(32): CodeIgniter\BaseModel->save([...])
 7 SYSTEMPATH\CodeIgniter.php(932): App\Controllers\Temporal->insertar('12', '1', '654072a01edf1')
 8 SYSTEMPATH\CodeIgniter.php(497): CodeIgniter\CodeIgniter->runController(Object(App\Controllers\Temporal))
 9 SYSTEMPATH\CodeIgniter.php(366): CodeIgniter\CodeIgniter->handleRequest(null, Object(Config\Cache), false)
10 FCPATH\index.php(67): CodeIgniter\CodeIgniter->run()
INFO - 2023-10-31 03:26:07 --> Session: Class initialized using 'CodeIgniter\Session\Handlers\FileHandler' driver.
INFO - 2023-10-31 03:26:09 --> Session: Class initialized using 'CodeIgniter\Session\Handlers\FileHandler' driver.
INFO - 2023-10-31 03:27:41 --> Session: Class initialized using 'CodeIgniter\Session\Handlers\FileHandler' driver.
CRITICAL - 2023-10-31 03:27:52 --> "App\Models\TemporalModel" model class does not have a valid dateFormat.
in SYSTEMPATH\BaseModel.php on line 1300.
 1 SYSTEMPATH\BaseModel.php(1300): CodeIgniter\Exceptions\ModelException::forNoDateFormat('App\\Models\\TemporalModel')
 2 SYSTEMPATH\BaseModel.php(1267): CodeIgniter\BaseModel->intToDate(1698722872)
 3 SYSTEMPATH\BaseModel.php(766): CodeIgniter\BaseModel->setDate()
 4 SYSTEMPATH\Model.php(730): CodeIgniter\BaseModel->insert([...], false)
 5 SYSTEMPATH\BaseModel.php(692): CodeIgniter\Model->insert([...], false)
 6 APPPATH\Controllers\Temporal.php(32): CodeIgniter\BaseModel->save([...])
 7 SYSTEMPATH\CodeIgniter.php(932): App\Controllers\Temporal->insertar('12', '1', '6540742d17a12')
 8 SYSTEMPATH\CodeIgniter.php(497): CodeIgniter\CodeIgniter->runController(Object(App\Controllers\Temporal))
 9 SYSTEMPATH\CodeIgniter.php(366): CodeIgniter\CodeIgniter->handleRequest(null, Object(Config\Cache), false)
10 FCPATH\index.php(67): CodeIgniter\CodeIgniter->run()
INFO - 2023-10-31 03:29:33 --> Session: Class initialized using 'CodeIgniter\Session\Handlers\FileHandler' driver.
CRITICAL - 2023-10-31 03:29:46 --> Undefined array key "precio_compraU"
in APPPATH\Controllers\Temporal.php on line 67.
 1 APPPATH\Controllers\Temporal.php(67): CodeIgniter\Debug\Exceptions->errorHandler(2, 'Undefined array key "precio_compraU"', 'C:\\xampp2\\htdocs\\dismat\\app\\Controllers\\Temporal.php', 67)
 2 APPPATH\Controllers\Temporal.php(46): App\Controllers\Temporal->cargarProductos('6540749d1ece0')
 3 SYSTEMPATH\CodeIgniter.php(932): App\Controllers\Temporal->insertar('12', '1', '6540749d1ece0')
 4 SYSTEMPATH\CodeIgniter.php(497): CodeIgniter\CodeIgniter->runController(Object(App\Controllers\Temporal))
 5 SYSTEMPATH\CodeIgniter.php(366): CodeIgniter\CodeIgniter->handleRequest(null, Object(Config\Cache), false)
 6 FCPATH\index.php(67): CodeIgniter\CodeIgniter->run()
INFO - 2023-10-31 03:31:03 --> Session: Class initialized using 'CodeIgniter\Session\Handlers\FileHandler' driver.
WARNING - 2023-10-31 03:31:17 --> [DEPRECATED] preg_replace(): Passing null to parameter #3 ($subject) of type array|string is deprecated in APPPATH\Controllers\Ventas.php on line 68.
 1 APPPATH\Controllers\Ventas.php(68): preg_replace('/[\\$,]/', '', null)
 2 SYSTEMPATH\CodeIgniter.php(932): App\Controllers\Ventas->guarda()
 3 SYSTEMPATH\CodeIgniter.php(497): CodeIgniter\CodeIgniter->runController(Object(App\Controllers\Ventas))
 4 SYSTEMPATH\CodeIgniter.php(366): CodeIgniter\CodeIgniter->handleRequest(null, Object(Config\Cache), false)
 5 FCPATH\index.php(67): CodeIgniter\CodeIgniter->run()
INFO - 2023-10-31 03:31:17 --> Session: Class initialized using 'CodeIgniter\Session\Handlers\FileHandler' driver.
ERROR - 2023-10-31 03:31:17 --> mysqli_sql_exception: Column 'id' cannot be null in C:\xampp2\htdocs\dismat\system\Database\MySQLi\Connection.php:295
Stack trace:
#0 C:\xampp2\htdocs\dismat\system\Database\MySQLi\Connection.php(295): mysqli->query('INSERT INTO `ve...', 0)
#1 C:\xampp2\htdocs\dismat\system\Database\BaseConnection.php(692): CodeIgniter\Database\MySQLi\Connection->execute('INSERT INTO `ve...')
#2 C:\xampp2\htdocs\dismat\system\Database\BaseConnection.php(606): CodeIgniter\Database\BaseConnection->simpleQuery('INSERT INTO `ve...')
#3 C:\xampp2\htdocs\dismat\system\Database\BaseBuilder.php(2309): CodeIgniter\Database\BaseConnection->query('INSERT INTO `ve...', Array, false)
#4 C:\xampp2\htdocs\dismat\system\Model.php(330): CodeIgniter\Database\BaseBuilder->insert()
#5 C:\xampp2\htdocs\dismat\system\BaseModel.php(782): CodeIgniter\Model->doInsert(Array)
#6 C:\xampp2\htdocs\dismat\system\Model.php(730): CodeIgniter\BaseModel->insert(Array, true)
#7 C:\xampp2\htdocs\dismat\app\Models\VentasModel.php(45): CodeIgniter\Model->insert(Array)
#8 C:\xampp2\htdocs\dismat\app\Controllers\Ventas.php(75): App\Models\VentasModel->insertarVenta(''654074f7a3cee'', '', NULL, NULL)
#9 C:\xampp2\htdocs\dismat\system\CodeIgniter.php(932): App\Controllers\Ventas->guarda()
#10 C:\xampp2\htdocs\dismat\system\CodeIgniter.php(497): CodeIgniter\CodeIgniter->runController(Object(App\Controllers\Ventas))
#11 C:\xampp2\htdocs\dismat\system\CodeIgniter.php(366): CodeIgniter\CodeIgniter->handleRequest(NULL, Object(Config\Cache), false)
#12 C:\xampp2\htdocs\dismat\public\index.php(67): CodeIgniter\CodeIgniter->run()
#13 {main}
CRITICAL - 2023-10-31 03:31:17 --> Column 'id' cannot be null
in SYSTEMPATH\Database\MySQLi\Connection.php on line 295.
 1 SYSTEMPATH\Database\MySQLi\Connection.php(295): mysqli->query('INSERT INTO `ventas` (`nota`, `total`, `id`, `id_cliente`, `fechaRegistro`, `fechaActualizacion`) VALUES (\'\\\'654074f7a3cee\\\'\', \'\', NULL, NULL, \'2023-10-31 03:31:17\', \'2023-10-31 03:31:17\')', 0)
 2 SYSTEMPATH\Database\BaseConnection.php(692): CodeIgniter\Database\MySQLi\Connection->execute('INSERT INTO `ventas` (`nota`, `total`, `id`, `id_cliente`, `fechaRegistro`, `fechaActualizacion`) VALUES (\'\\\'654074f7a3cee\\\'\', \'\', NULL, NULL, \'2023-10-31 03:31:17\', \'2023-10-31 03:31:17\')')
 3 SYSTEMPATH\Database\BaseConnection.php(606): CodeIgniter\Database\BaseConnection->simpleQuery('INSERT INTO `ventas` (`nota`, `total`, `id`, `id_cliente`, `fechaRegistro`, `fechaActualizacion`) VALUES (\'\\\'654074f7a3cee\\\'\', \'\', NULL, NULL, \'2023-10-31 03:31:17\', \'2023-10-31 03:31:17\')')
 4 SYSTEMPATH\Database\BaseBuilder.php(2309): CodeIgniter\Database\BaseConnection->query('INSERT INTO `ventas` (`nota`, `total`, `id`, `id_cliente`, `fechaRegistro`, `fechaActualizacion`) VALUES (:nota:, :total:, :id:, :id_cliente:, :fechaRegistro:, :fechaActualizacion:)', [...], false)
 5 SYSTEMPATH\Model.php(330): CodeIgniter\Database\BaseBuilder->insert()
 6 SYSTEMPATH\BaseModel.php(782): CodeIgniter\Model->doInsert([...])
 7 SYSTEMPATH\Model.php(730): CodeIgniter\BaseModel->insert([...], true)
 8 APPPATH\Models\VentasModel.php(45): CodeIgniter\Model->insert([...])
 9 APPPATH\Controllers\Ventas.php(75): App\Models\VentasModel->insertarVenta('\'654074f7a3cee\'', '', null, null)
10 SYSTEMPATH\CodeIgniter.php(932): App\Controllers\Ventas->guarda()
11 SYSTEMPATH\CodeIgniter.php(497): CodeIgniter\CodeIgniter->runController(Object(App\Controllers\Ventas))
12 SYSTEMPATH\CodeIgniter.php(366): CodeIgniter\CodeIgniter->handleRequest(null, Object(Config\Cache), false)
13 FCPATH\index.php(67): CodeIgniter\CodeIgniter->run()
WARNING - 2023-10-31 03:34:42 --> [DEPRECATED] preg_replace(): Passing null to parameter #3 ($subject) of type array|string is deprecated in APPPATH\Controllers\Ventas.php on line 68.
 1 APPPATH\Controllers\Ventas.php(68): preg_replace('/[\\$,]/', '', null)
 2 SYSTEMPATH\CodeIgniter.php(932): App\Controllers\Ventas->guarda()
 3 SYSTEMPATH\CodeIgniter.php(497): CodeIgniter\CodeIgniter->runController(Object(App\Controllers\Ventas))
 4 SYSTEMPATH\CodeIgniter.php(366): CodeIgniter\CodeIgniter->handleRequest(null, Object(Config\Cache), false)
 5 FCPATH\index.php(67): CodeIgniter\CodeIgniter->run()
INFO - 2023-10-31 03:34:42 --> Session: Class initialized using 'CodeIgniter\Session\Handlers\FileHandler' driver.
ERROR - 2023-10-31 03:34:42 --> mysqli_sql_exception: Column 'id' cannot be null in C:\xampp2\htdocs\dismat\system\Database\MySQLi\Connection.php:295
Stack trace:
#0 C:\xampp2\htdocs\dismat\system\Database\MySQLi\Connection.php(295): mysqli->query('INSERT INTO `ve...', 0)
#1 C:\xampp2\htdocs\dismat\system\Database\BaseConnection.php(692): CodeIgniter\Database\MySQLi\Connection->execute('INSERT INTO `ve...')
#2 C:\xampp2\htdocs\dismat\system\Database\BaseConnection.php(606): CodeIgniter\Database\BaseConnection->simpleQuery('INSERT INTO `ve...')
#3 C:\xampp2\htdocs\dismat\system\Database\BaseBuilder.php(2309): CodeIgniter\Database\BaseConnection->query('INSERT INTO `ve...', Array, false)
#4 C:\xampp2\htdocs\dismat\system\Model.php(330): CodeIgniter\Database\BaseBuilder->insert()
#5 C:\xampp2\htdocs\dismat\system\BaseModel.php(782): CodeIgniter\Model->doInsert(Array)
#6 C:\xampp2\htdocs\dismat\system\Model.php(730): CodeIgniter\BaseModel->insert(Array, true)
#7 C:\xampp2\htdocs\dismat\app\Models\VentasModel.php(45): CodeIgniter\Model->insert(Array)
#8 C:\xampp2\htdocs\dismat\app\Controllers\Ventas.php(77): App\Models\VentasModel->insertarVenta(''654074f7a3cee'', '', NULL, NULL)
#9 C:\xampp2\htdocs\dismat\system\CodeIgniter.php(932): App\Controllers\Ventas->guarda()
#10 C:\xampp2\htdocs\dismat\system\CodeIgniter.php(497): CodeIgniter\CodeIgniter->runController(Object(App\Controllers\Ventas))
#11 C:\xampp2\htdocs\dismat\system\CodeIgniter.php(366): CodeIgniter\CodeIgniter->handleRequest(NULL, Object(Config\Cache), false)
#12 C:\xampp2\htdocs\dismat\public\index.php(67): CodeIgniter\CodeIgniter->run()
#13 {main}
CRITICAL - 2023-10-31 03:34:42 --> Column 'id' cannot be null
in SYSTEMPATH\Database\MySQLi\Connection.php on line 295.
 1 SYSTEMPATH\Database\MySQLi\Connection.php(295): mysqli->query('INSERT INTO `ventas` (`nota`, `total`, `id`, `id_cliente`, `fechaRegistro`, `fechaActualizacion`) VALUES (\'\\\'654074f7a3cee\\\'\', \'\', NULL, NULL, \'2023-10-31 03:34:42\', \'2023-10-31 03:34:42\')', 0)
 2 SYSTEMPATH\Database\BaseConnection.php(692): CodeIgniter\Database\MySQLi\Connection->execute('INSERT INTO `ventas` (`nota`, `total`, `id`, `id_cliente`, `fechaRegistro`, `fechaActualizacion`) VALUES (\'\\\'654074f7a3cee\\\'\', \'\', NULL, NULL, \'2023-10-31 03:34:42\', \'2023-10-31 03:34:42\')')
 3 SYSTEMPATH\Database\BaseConnection.php(606): CodeIgniter\Database\BaseConnection->simpleQuery('INSERT INTO `ventas` (`nota`, `total`, `id`, `id_cliente`, `fechaRegistro`, `fechaActualizacion`) VALUES (\'\\\'654074f7a3cee\\\'\', \'\', NULL, NULL, \'2023-10-31 03:34:42\', \'2023-10-31 03:34:42\')')
 4 SYSTEMPATH\Database\BaseBuilder.php(2309): CodeIgniter\Database\BaseConnection->query('INSERT INTO `ventas` (`nota`, `total`, `id`, `id_cliente`, `fechaRegistro`, `fechaActualizacion`) VALUES (:nota:, :total:, :id:, :id_cliente:, :fechaRegistro:, :fechaActualizacion:)', [...], false)
 5 SYSTEMPATH\Model.php(330): CodeIgniter\Database\BaseBuilder->insert()
 6 SYSTEMPATH\BaseModel.php(782): CodeIgniter\Model->doInsert([...])
 7 SYSTEMPATH\Model.php(730): CodeIgniter\BaseModel->insert([...], true)
 8 APPPATH\Models\VentasModel.php(45): CodeIgniter\Model->insert([...])
 9 APPPATH\Controllers\Ventas.php(77): App\Models\VentasModel->insertarVenta('\'654074f7a3cee\'', '', null, null)
10 SYSTEMPATH\CodeIgniter.php(932): App\Controllers\Ventas->guarda()
11 SYSTEMPATH\CodeIgniter.php(497): CodeIgniter\CodeIgniter->runController(Object(App\Controllers\Ventas))
12 SYSTEMPATH\CodeIgniter.php(366): CodeIgniter\CodeIgniter->handleRequest(null, Object(Config\Cache), false)
13 FCPATH\index.php(67): CodeIgniter\CodeIgniter->run()
WARNING - 2023-10-31 03:36:10 --> [DEPRECATED] preg_replace(): Passing null to parameter #3 ($subject) of type array|string is deprecated in APPPATH\Controllers\Ventas.php on line 68.
 1 APPPATH\Controllers\Ventas.php(68): preg_replace('/[\\$,]/', '', null)
 2 SYSTEMPATH\CodeIgniter.php(932): App\Controllers\Ventas->guarda()
 3 SYSTEMPATH\CodeIgniter.php(497): CodeIgniter\CodeIgniter->runController(Object(App\Controllers\Ventas))
 4 SYSTEMPATH\CodeIgniter.php(366): CodeIgniter\CodeIgniter->handleRequest(null, Object(Config\Cache), false)
 5 FCPATH\index.php(67): CodeIgniter\CodeIgniter->run()
INFO - 2023-10-31 03:36:10 --> Session: Class initialized using 'CodeIgniter\Session\Handlers\FileHandler' driver.
ERROR - 2023-10-31 03:36:10 --> mysqli_sql_exception: Column 'id' cannot be null in C:\xampp2\htdocs\dismat\system\Database\MySQLi\Connection.php:295
Stack trace:
#0 C:\xampp2\htdocs\dismat\system\Database\MySQLi\Connection.php(295): mysqli->query('INSERT INTO `ve...', 0)
#1 C:\xampp2\htdocs\dismat\system\Database\BaseConnection.php(692): CodeIgniter\Database\MySQLi\Connection->execute('INSERT INTO `ve...')
#2 C:\xampp2\htdocs\dismat\system\Database\BaseConnection.php(606): CodeIgniter\Database\BaseConnection->simpleQuery('INSERT INTO `ve...')
#3 C:\xampp2\htdocs\dismat\system\Database\BaseBuilder.php(2309): CodeIgniter\Database\BaseConnection->query('INSERT INTO `ve...', Array, false)
#4 C:\xampp2\htdocs\dismat\system\Model.php(330): CodeIgniter\Database\BaseBuilder->insert()
#5 C:\xampp2\htdocs\dismat\system\BaseModel.php(782): CodeIgniter\Model->doInsert(Array)
#6 C:\xampp2\htdocs\dismat\system\Model.php(730): CodeIgniter\BaseModel->insert(Array, true)
#7 C:\xampp2\htdocs\dismat\app\Models\VentasModel.php(45): CodeIgniter\Model->insert(Array)
#8 C:\xampp2\htdocs\dismat\app\Controllers\Ventas.php(77): App\Models\VentasModel->insertarVenta(''654074f7a3cee'', '', NULL, NULL)
#9 C:\xampp2\htdocs\dismat\system\CodeIgniter.php(932): App\Controllers\Ventas->guarda()
#10 C:\xampp2\htdocs\dismat\system\CodeIgniter.php(497): CodeIgniter\CodeIgniter->runController(Object(App\Controllers\Ventas))
#11 C:\xampp2\htdocs\dismat\system\CodeIgniter.php(366): CodeIgniter\CodeIgniter->handleRequest(NULL, Object(Config\Cache), false)
#12 C:\xampp2\htdocs\dismat\public\index.php(67): CodeIgniter\CodeIgniter->run()
#13 {main}
CRITICAL - 2023-10-31 03:36:10 --> Column 'id' cannot be null
in SYSTEMPATH\Database\MySQLi\Connection.php on line 295.
 1 SYSTEMPATH\Database\MySQLi\Connection.php(295): mysqli->query('INSERT INTO `ventas` (`nota`, `total`, `id`, `id_cliente`, `fechaRegistro`, `fechaActualizacion`) VALUES (\'\\\'654074f7a3cee\\\'\', \'\', NULL, NULL, \'2023-10-31 03:36:10\', \'2023-10-31 03:36:10\')', 0)
 2 SYSTEMPATH\Database\BaseConnection.php(692): CodeIgniter\Database\MySQLi\Connection->execute('INSERT INTO `ventas` (`nota`, `total`, `id`, `id_cliente`, `fechaRegistro`, `fechaActualizacion`) VALUES (\'\\\'654074f7a3cee\\\'\', \'\', NULL, NULL, \'2023-10-31 03:36:10\', \'2023-10-31 03:36:10\')')
 3 SYSTEMPATH\Database\BaseConnection.php(606): CodeIgniter\Database\BaseConnection->simpleQuery('INSERT INTO `ventas` (`nota`, `total`, `id`, `id_cliente`, `fechaRegistro`, `fechaActualizacion`) VALUES (\'\\\'654074f7a3cee\\\'\', \'\', NULL, NULL, \'2023-10-31 03:36:10\', \'2023-10-31 03:36:10\')')
 4 SYSTEMPATH\Database\BaseBuilder.php(2309): CodeIgniter\Database\BaseConnection->query('INSERT INTO `ventas` (`nota`, `total`, `id`, `id_cliente`, `fechaRegistro`, `fechaActualizacion`) VALUES (:nota:, :total:, :id:, :id_cliente:, :fechaRegistro:, :fechaActualizacion:)', [...], false)
 5 SYSTEMPATH\Model.php(330): CodeIgniter\Database\BaseBuilder->insert()
 6 SYSTEMPATH\BaseModel.php(782): CodeIgniter\Model->doInsert([...])
 7 SYSTEMPATH\Model.php(730): CodeIgniter\BaseModel->insert([...], true)
 8 APPPATH\Models\VentasModel.php(45): CodeIgniter\Model->insert([...])
 9 APPPATH\Controllers\Ventas.php(77): App\Models\VentasModel->insertarVenta('\'654074f7a3cee\'', '', null, null)
10 SYSTEMPATH\CodeIgniter.php(932): App\Controllers\Ventas->guarda()
11 SYSTEMPATH\CodeIgniter.php(497): CodeIgniter\CodeIgniter->runController(Object(App\Controllers\Ventas))
12 SYSTEMPATH\CodeIgniter.php(366): CodeIgniter\CodeIgniter->handleRequest(null, Object(Config\Cache), false)
13 FCPATH\index.php(67): CodeIgniter\CodeIgniter->run()
INFO - 2023-10-31 03:36:18 --> Session: Class initialized using 'CodeIgniter\Session\Handlers\FileHandler' driver.
WARNING - 2023-10-31 03:36:35 --> [DEPRECATED] preg_replace(): Passing null to parameter #3 ($subject) of type array|string is deprecated in APPPATH\Controllers\Ventas.php on line 68.
 1 APPPATH\Controllers\Ventas.php(68): preg_replace('/[\\$,]/', '', null)
 2 SYSTEMPATH\CodeIgniter.php(932): App\Controllers\Ventas->guarda()
 3 SYSTEMPATH\CodeIgniter.php(497): CodeIgniter\CodeIgniter->runController(Object(App\Controllers\Ventas))
 4 SYSTEMPATH\CodeIgniter.php(366): CodeIgniter\CodeIgniter->handleRequest(null, Object(Config\Cache), false)
 5 FCPATH\index.php(67): CodeIgniter\CodeIgniter->run()
INFO - 2023-10-31 03:36:35 --> Session: Class initialized using 'CodeIgniter\Session\Handlers\FileHandler' driver.
ERROR - 2023-10-31 03:36:35 --> mysqli_sql_exception: Column 'id' cannot be null in C:\xampp2\htdocs\dismat\system\Database\MySQLi\Connection.php:295
Stack trace:
#0 C:\xampp2\htdocs\dismat\system\Database\MySQLi\Connection.php(295): mysqli->query('INSERT INTO `ve...', 0)
#1 C:\xampp2\htdocs\dismat\system\Database\BaseConnection.php(692): CodeIgniter\Database\MySQLi\Connection->execute('INSERT INTO `ve...')
#2 C:\xampp2\htdocs\dismat\system\Database\BaseConnection.php(606): CodeIgniter\Database\BaseConnection->simpleQuery('INSERT INTO `ve...')
#3 C:\xampp2\htdocs\dismat\system\Database\BaseBuilder.php(2309): CodeIgniter\Database\BaseConnection->query('INSERT INTO `ve...', Array, false)
#4 C:\xampp2\htdocs\dismat\system\Model.php(330): CodeIgniter\Database\BaseBuilder->insert()
#5 C:\xampp2\htdocs\dismat\system\BaseModel.php(782): CodeIgniter\Model->doInsert(Array)
#6 C:\xampp2\htdocs\dismat\system\Model.php(730): CodeIgniter\BaseModel->insert(Array, true)
#7 C:\xampp2\htdocs\dismat\app\Models\VentasModel.php(45): CodeIgniter\Model->insert(Array)
#8 C:\xampp2\htdocs\dismat\app\Controllers\Ventas.php(77): App\Models\VentasModel->insertarVenta(''6540763271f3e'', '', NULL, NULL)
#9 C:\xampp2\htdocs\dismat\system\CodeIgniter.php(932): App\Controllers\Ventas->guarda()
#10 C:\xampp2\htdocs\dismat\system\CodeIgniter.php(497): CodeIgniter\CodeIgniter->runController(Object(App\Controllers\Ventas))
#11 C:\xampp2\htdocs\dismat\system\CodeIgniter.php(366): CodeIgniter\CodeIgniter->handleRequest(NULL, Object(Config\Cache), false)
#12 C:\xampp2\htdocs\dismat\public\index.php(67): CodeIgniter\CodeIgniter->run()
#13 {main}
CRITICAL - 2023-10-31 03:36:35 --> Column 'id' cannot be null
in SYSTEMPATH\Database\MySQLi\Connection.php on line 295.
 1 SYSTEMPATH\Database\MySQLi\Connection.php(295): mysqli->query('INSERT INTO `ventas` (`nota`, `total`, `id`, `id_cliente`, `fechaRegistro`, `fechaActualizacion`) VALUES (\'\\\'6540763271f3e\\\'\', \'\', NULL, NULL, \'2023-10-31 03:36:35\', \'2023-10-31 03:36:35\')', 0)
 2 SYSTEMPATH\Database\BaseConnection.php(692): CodeIgniter\Database\MySQLi\Connection->execute('INSERT INTO `ventas` (`nota`, `total`, `id`, `id_cliente`, `fechaRegistro`, `fechaActualizacion`) VALUES (\'\\\'6540763271f3e\\\'\', \'\', NULL, NULL, \'2023-10-31 03:36:35\', \'2023-10-31 03:36:35\')')
 3 SYSTEMPATH\Database\BaseConnection.php(606): CodeIgniter\Database\BaseConnection->simpleQuery('INSERT INTO `ventas` (`nota`, `total`, `id`, `id_cliente`, `fechaRegistro`, `fechaActualizacion`) VALUES (\'\\\'6540763271f3e\\\'\', \'\', NULL, NULL, \'2023-10-31 03:36:35\', \'2023-10-31 03:36:35\')')
 4 SYSTEMPATH\Database\BaseBuilder.php(2309): CodeIgniter\Database\BaseConnection->query('INSERT INTO `ventas` (`nota`, `total`, `id`, `id_cliente`, `fechaRegistro`, `fechaActualizacion`) VALUES (:nota:, :total:, :id:, :id_cliente:, :fechaRegistro:, :fechaActualizacion:)', [...], false)
 5 SYSTEMPATH\Model.php(330): CodeIgniter\Database\BaseBuilder->insert()
 6 SYSTEMPATH\BaseModel.php(782): CodeIgniter\Model->doInsert([...])
 7 SYSTEMPATH\Model.php(730): CodeIgniter\BaseModel->insert([...], true)
 8 APPPATH\Models\VentasModel.php(45): CodeIgniter\Model->insert([...])
 9 APPPATH\Controllers\Ventas.php(77): App\Models\VentasModel->insertarVenta('\'6540763271f3e\'', '', null, null)
10 SYSTEMPATH\CodeIgniter.php(932): App\Controllers\Ventas->guarda()
11 SYSTEMPATH\CodeIgniter.php(497): CodeIgniter\CodeIgniter->runController(Object(App\Controllers\Ventas))
12 SYSTEMPATH\CodeIgniter.php(366): CodeIgniter\CodeIgniter->handleRequest(null, Object(Config\Cache), false)
13 FCPATH\index.php(67): CodeIgniter\CodeIgniter->run()
WARNING - 2023-10-31 03:38:05 --> [DEPRECATED] preg_replace(): Passing null to parameter #3 ($subject) of type array|string is deprecated in APPPATH\Controllers\Ventas.php on line 68.
 1 APPPATH\Controllers\Ventas.php(68): preg_replace('/[\\$,]/', '', null)
 2 SYSTEMPATH\CodeIgniter.php(932): App\Controllers\Ventas->guarda()
 3 SYSTEMPATH\CodeIgniter.php(497): CodeIgniter\CodeIgniter->runController(Object(App\Controllers\Ventas))
 4 SYSTEMPATH\CodeIgniter.php(366): CodeIgniter\CodeIgniter->handleRequest(null, Object(Config\Cache), false)
 5 FCPATH\index.php(67): CodeIgniter\CodeIgniter->run()
INFO - 2023-10-31 03:38:05 --> Session: Class initialized using 'CodeIgniter\Session\Handlers\FileHandler' driver.
ERROR - 2023-10-31 03:38:05 --> mysqli_sql_exception: Column 'id' cannot be null in C:\xampp2\htdocs\dismat\system\Database\MySQLi\Connection.php:295
Stack trace:
#0 C:\xampp2\htdocs\dismat\system\Database\MySQLi\Connection.php(295): mysqli->query('INSERT INTO `ve...', 0)
#1 C:\xampp2\htdocs\dismat\system\Database\BaseConnection.php(692): CodeIgniter\Database\MySQLi\Connection->execute('INSERT INTO `ve...')
#2 C:\xampp2\htdocs\dismat\system\Database\BaseConnection.php(606): CodeIgniter\Database\BaseConnection->simpleQuery('INSERT INTO `ve...')
#3 C:\xampp2\htdocs\dismat\system\Database\BaseBuilder.php(2309): CodeIgniter\Database\BaseConnection->query('INSERT INTO `ve...', Array, false)
#4 C:\xampp2\htdocs\dismat\system\Model.php(330): CodeIgniter\Database\BaseBuilder->insert()
#5 C:\xampp2\htdocs\dismat\system\BaseModel.php(782): CodeIgniter\Model->doInsert(Array)
#6 C:\xampp2\htdocs\dismat\system\Model.php(730): CodeIgniter\BaseModel->insert(Array, true)
#7 C:\xampp2\htdocs\dismat\app\Models\VentasModel.php(45): CodeIgniter\Model->insert(Array)
#8 C:\xampp2\htdocs\dismat\app\Controllers\Ventas.php(77): App\Models\VentasModel->insertarVenta(''6540763271f3e'', '', NULL, NULL)
#9 C:\xampp2\htdocs\dismat\system\CodeIgniter.php(932): App\Controllers\Ventas->guarda()
#10 C:\xampp2\htdocs\dismat\system\CodeIgniter.php(497): CodeIgniter\CodeIgniter->runController(Object(App\Controllers\Ventas))
#11 C:\xampp2\htdocs\dismat\system\CodeIgniter.php(366): CodeIgniter\CodeIgniter->handleRequest(NULL, Object(Config\Cache), false)
#12 C:\xampp2\htdocs\dismat\public\index.php(67): CodeIgniter\CodeIgniter->run()
#13 {main}
CRITICAL - 2023-10-31 03:38:05 --> Column 'id' cannot be null
in SYSTEMPATH\Database\MySQLi\Connection.php on line 295.
 1 SYSTEMPATH\Database\MySQLi\Connection.php(295): mysqli->query('INSERT INTO `ventas` (`nota`, `total`, `id`, `id_cliente`, `fechaRegistro`, `fechaActualizacion`) VALUES (\'\\\'6540763271f3e\\\'\', \'\', NULL, NULL, \'2023-10-31 03:38:05\', \'2023-10-31 03:38:05\')', 0)
 2 SYSTEMPATH\Database\BaseConnection.php(692): CodeIgniter\Database\MySQLi\Connection->execute('INSERT INTO `ventas` (`nota`, `total`, `id`, `id_cliente`, `fechaRegistro`, `fechaActualizacion`) VALUES (\'\\\'6540763271f3e\\\'\', \'\', NULL, NULL, \'2023-10-31 03:38:05\', \'2023-10-31 03:38:05\')')
 3 SYSTEMPATH\Database\BaseConnection.php(606): CodeIgniter\Database\BaseConnection->simpleQuery('INSERT INTO `ventas` (`nota`, `total`, `id`, `id_cliente`, `fechaRegistro`, `fechaActualizacion`) VALUES (\'\\\'6540763271f3e\\\'\', \'\', NULL, NULL, \'2023-10-31 03:38:05\', \'2023-10-31 03:38:05\')')
 4 SYSTEMPATH\Database\BaseBuilder.php(2309): CodeIgniter\Database\BaseConnection->query('INSERT INTO `ventas` (`nota`, `total`, `id`, `id_cliente`, `fechaRegistro`, `fechaActualizacion`) VALUES (:nota:, :total:, :id:, :id_cliente:, :fechaRegistro:, :fechaActualizacion:)', [...], false)
 5 SYSTEMPATH\Model.php(330): CodeIgniter\Database\BaseBuilder->insert()
 6 SYSTEMPATH\BaseModel.php(782): CodeIgniter\Model->doInsert([...])
 7 SYSTEMPATH\Model.php(730): CodeIgniter\BaseModel->insert([...], true)
 8 APPPATH\Models\VentasModel.php(45): CodeIgniter\Model->insert([...])
 9 APPPATH\Controllers\Ventas.php(77): App\Models\VentasModel->insertarVenta('\'6540763271f3e\'', '', null, null)
10 SYSTEMPATH\CodeIgniter.php(932): App\Controllers\Ventas->guarda()
11 SYSTEMPATH\CodeIgniter.php(497): CodeIgniter\CodeIgniter->runController(Object(App\Controllers\Ventas))
12 SYSTEMPATH\CodeIgniter.php(366): CodeIgniter\CodeIgniter->handleRequest(null, Object(Config\Cache), false)
13 FCPATH\index.php(67): CodeIgniter\CodeIgniter->run()
WARNING - 2023-10-31 03:40:41 --> [DEPRECATED] preg_replace(): Passing null to parameter #3 ($subject) of type array|string is deprecated in APPPATH\Controllers\Ventas.php on line 68.
 1 APPPATH\Controllers\Ventas.php(68): preg_replace('/[\\$,]/', '', null)
 2 SYSTEMPATH\CodeIgniter.php(932): App\Controllers\Ventas->guarda()
 3 SYSTEMPATH\CodeIgniter.php(497): CodeIgniter\CodeIgniter->runController(Object(App\Controllers\Ventas))
 4 SYSTEMPATH\CodeIgniter.php(366): CodeIgniter\CodeIgniter->handleRequest(null, Object(Config\Cache), false)
 5 FCPATH\index.php(67): CodeIgniter\CodeIgniter->run()
INFO - 2023-10-31 03:40:41 --> Session: Class initialized using 'CodeIgniter\Session\Handlers\FileHandler' driver.
ERROR - 2023-10-31 03:40:41 --> mysqli_sql_exception: Column 'id' cannot be null in C:\xampp2\htdocs\dismat\system\Database\MySQLi\Connection.php:295
Stack trace:
#0 C:\xampp2\htdocs\dismat\system\Database\MySQLi\Connection.php(295): mysqli->query('INSERT INTO `ve...', 0)
#1 C:\xampp2\htdocs\dismat\system\Database\BaseConnection.php(692): CodeIgniter\Database\MySQLi\Connection->execute('INSERT INTO `ve...')
#2 C:\xampp2\htdocs\dismat\system\Database\BaseConnection.php(606): CodeIgniter\Database\BaseConnection->simpleQuery('INSERT INTO `ve...')
#3 C:\xampp2\htdocs\dismat\system\Database\BaseBuilder.php(2309): CodeIgniter\Database\BaseConnection->query('INSERT INTO `ve...', Array, false)
#4 C:\xampp2\htdocs\dismat\system\Model.php(330): CodeIgniter\Database\BaseBuilder->insert()
#5 C:\xampp2\htdocs\dismat\system\BaseModel.php(782): CodeIgniter\Model->doInsert(Array)
#6 C:\xampp2\htdocs\dismat\system\Model.php(730): CodeIgniter\BaseModel->insert(Array, true)
#7 C:\xampp2\htdocs\dismat\app\Models\VentasModel.php(45): CodeIgniter\Model->insert(Array)
#8 C:\xampp2\htdocs\dismat\app\Controllers\Ventas.php(77): App\Models\VentasModel->insertarVenta(''6540763271f3e'', '', NULL, NULL)
#9 C:\xampp2\htdocs\dismat\system\CodeIgniter.php(932): App\Controllers\Ventas->guarda()
#10 C:\xampp2\htdocs\dismat\system\CodeIgniter.php(497): CodeIgniter\CodeIgniter->runController(Object(App\Controllers\Ventas))
#11 C:\xampp2\htdocs\dismat\system\CodeIgniter.php(366): CodeIgniter\CodeIgniter->handleRequest(NULL, Object(Config\Cache), false)
#12 C:\xampp2\htdocs\dismat\public\index.php(67): CodeIgniter\CodeIgniter->run()
#13 {main}
CRITICAL - 2023-10-31 03:40:41 --> Column 'id' cannot be null
in SYSTEMPATH\Database\MySQLi\Connection.php on line 295.
 1 SYSTEMPATH\Database\MySQLi\Connection.php(295): mysqli->query('INSERT INTO `ventas` (`nota`, `total`, `id`, `id_cliente`, `fechaRegistro`) VALUES (\'\\\'6540763271f3e\\\'\', \'\', NULL, NULL, \'2023-10-31 03:40:41\')', 0)
 2 SYSTEMPATH\Database\BaseConnection.php(692): CodeIgniter\Database\MySQLi\Connection->execute('INSERT INTO `ventas` (`nota`, `total`, `id`, `id_cliente`, `fechaRegistro`) VALUES (\'\\\'6540763271f3e\\\'\', \'\', NULL, NULL, \'2023-10-31 03:40:41\')')
 3 SYSTEMPATH\Database\BaseConnection.php(606): CodeIgniter\Database\BaseConnection->simpleQuery('INSERT INTO `ventas` (`nota`, `total`, `id`, `id_cliente`, `fechaRegistro`) VALUES (\'\\\'6540763271f3e\\\'\', \'\', NULL, NULL, \'2023-10-31 03:40:41\')')
 4 SYSTEMPATH\Database\BaseBuilder.php(2309): CodeIgniter\Database\BaseConnection->query('INSERT INTO `ventas` (`nota`, `total`, `id`, `id_cliente`, `fechaRegistro`) VALUES (:nota:, :total:, :id:, :id_cliente:, :fechaRegistro:)', [...], false)
 5 SYSTEMPATH\Model.php(330): CodeIgniter\Database\BaseBuilder->insert()
 6 SYSTEMPATH\BaseModel.php(782): CodeIgniter\Model->doInsert([...])
 7 SYSTEMPATH\Model.php(730): CodeIgniter\BaseModel->insert([...], true)
 8 APPPATH\Models\VentasModel.php(45): CodeIgniter\Model->insert([...])
 9 APPPATH\Controllers\Ventas.php(77): App\Models\VentasModel->insertarVenta('\'6540763271f3e\'', '', null, null)
10 SYSTEMPATH\CodeIgniter.php(932): App\Controllers\Ventas->guarda()
11 SYSTEMPATH\CodeIgniter.php(497): CodeIgniter\CodeIgniter->runController(Object(App\Controllers\Ventas))
12 SYSTEMPATH\CodeIgniter.php(366): CodeIgniter\CodeIgniter->handleRequest(null, Object(Config\Cache), false)
13 FCPATH\index.php(67): CodeIgniter\CodeIgniter->run()
WARNING - 2023-10-31 03:52:45 --> [DEPRECATED] preg_replace(): Passing null to parameter #3 ($subject) of type array|string is deprecated in APPPATH\Controllers\Ventas.php on line 68.
 1 APPPATH\Controllers\Ventas.php(68): preg_replace('/[\\$,]/', '', null)
 2 SYSTEMPATH\CodeIgniter.php(932): App\Controllers\Ventas->guarda()
 3 SYSTEMPATH\CodeIgniter.php(497): CodeIgniter\CodeIgniter->runController(Object(App\Controllers\Ventas))
 4 SYSTEMPATH\CodeIgniter.php(366): CodeIgniter\CodeIgniter->handleRequest(null, Object(Config\Cache), false)
 5 FCPATH\index.php(67): CodeIgniter\CodeIgniter->run()
INFO - 2023-10-31 03:52:45 --> Session: Class initialized using 'CodeIgniter\Session\Handlers\FileHandler' driver.
CRITICAL - 2023-10-31 03:52:45 --> Call to a member function database() on null
in APPPATH\Models\VentasModel.php on line 57.
 1 APPPATH\Controllers\Ventas.php(77): App\Models\VentasModel->insertarVenta('\'6540763271f3e\'', '', null, null)
 2 SYSTEMPATH\CodeIgniter.php(932): App\Controllers\Ventas->guarda()
 3 SYSTEMPATH\CodeIgniter.php(497): CodeIgniter\CodeIgniter->runController(Object(App\Controllers\Ventas))
 4 SYSTEMPATH\CodeIgniter.php(366): CodeIgniter\CodeIgniter->handleRequest(null, Object(Config\Cache), false)
 5 FCPATH\index.php(67): CodeIgniter\CodeIgniter->run()
WARNING - 2023-10-31 03:53:04 --> [DEPRECATED] preg_replace(): Passing null to parameter #3 ($subject) of type array|string is deprecated in APPPATH\Controllers\Ventas.php on line 68.
 1 APPPATH\Controllers\Ventas.php(68): preg_replace('/[\\$,]/', '', null)
 2 SYSTEMPATH\CodeIgniter.php(932): App\Controllers\Ventas->guarda()
 3 SYSTEMPATH\CodeIgniter.php(497): CodeIgniter\CodeIgniter->runController(Object(App\Controllers\Ventas))
 4 SYSTEMPATH\CodeIgniter.php(366): CodeIgniter\CodeIgniter->handleRequest(null, Object(Config\Cache), false)
 5 FCPATH\index.php(67): CodeIgniter\CodeIgniter->run()
INFO - 2023-10-31 03:53:04 --> Session: Class initialized using 'CodeIgniter\Session\Handlers\FileHandler' driver.
ERROR - 2023-10-31 03:53:05 --> mysqli_sql_exception: Column 'id' cannot be null in C:\xampp2\htdocs\dismat\system\Database\MySQLi\Connection.php:295
Stack trace:
#0 C:\xampp2\htdocs\dismat\system\Database\MySQLi\Connection.php(295): mysqli->query('INSERT INTO `ve...', 0)
#1 C:\xampp2\htdocs\dismat\system\Database\BaseConnection.php(692): CodeIgniter\Database\MySQLi\Connection->execute('INSERT INTO `ve...')
#2 C:\xampp2\htdocs\dismat\system\Database\BaseConnection.php(606): CodeIgniter\Database\BaseConnection->simpleQuery('INSERT INTO `ve...')
#3 C:\xampp2\htdocs\dismat\system\Database\BaseBuilder.php(2309): CodeIgniter\Database\BaseConnection->query('INSERT INTO `ve...', Array, false)
#4 C:\xampp2\htdocs\dismat\app\Models\VentasModel.php(64): CodeIgniter\Database\BaseBuilder->insert(Array)
#5 C:\xampp2\htdocs\dismat\app\Controllers\Ventas.php(77): App\Models\VentasModel->insertarVenta(''6540763271f3e'', '', NULL, NULL)
#6 C:\xampp2\htdocs\dismat\system\CodeIgniter.php(932): App\Controllers\Ventas->guarda()
#7 C:\xampp2\htdocs\dismat\system\CodeIgniter.php(497): CodeIgniter\CodeIgniter->runController(Object(App\Controllers\Ventas))
#8 C:\xampp2\htdocs\dismat\system\CodeIgniter.php(366): CodeIgniter\CodeIgniter->handleRequest(NULL, Object(Config\Cache), false)
#9 C:\xampp2\htdocs\dismat\public\index.php(67): CodeIgniter\CodeIgniter->run()
#10 {main}
CRITICAL - 2023-10-31 03:53:05 --> Column 'id' cannot be null
in SYSTEMPATH\Database\MySQLi\Connection.php on line 295.
 1 SYSTEMPATH\Database\MySQLi\Connection.php(295): mysqli->query('INSERT INTO `ventas` (`nota`, `total`, `id`, `id_cliente`) VALUES (\'\\\'6540763271f3e\\\'\', \'\', NULL, NULL)', 0)
 2 SYSTEMPATH\Database\BaseConnection.php(692): CodeIgniter\Database\MySQLi\Connection->execute('INSERT INTO `ventas` (`nota`, `total`, `id`, `id_cliente`) VALUES (\'\\\'6540763271f3e\\\'\', \'\', NULL, NULL)')
 3 SYSTEMPATH\Database\BaseConnection.php(606): CodeIgniter\Database\BaseConnection->simpleQuery('INSERT INTO `ventas` (`nota`, `total`, `id`, `id_cliente`) VALUES (\'\\\'6540763271f3e\\\'\', \'\', NULL, NULL)')
 4 SYSTEMPATH\Database\BaseBuilder.php(2309): CodeIgniter\Database\BaseConnection->query('INSERT INTO `ventas` (`nota`, `total`, `id`, `id_cliente`) VALUES (:nota:, :total:, :id:, :id_cliente:)', [...], false)
 5 APPPATH\Models\VentasModel.php(64): CodeIgniter\Database\BaseBuilder->insert([...])
 6 APPPATH\Controllers\Ventas.php(77): App\Models\VentasModel->insertarVenta('\'6540763271f3e\'', '', null, null)
 7 SYSTEMPATH\CodeIgniter.php(932): App\Controllers\Ventas->guarda()
 8 SYSTEMPATH\CodeIgniter.php(497): CodeIgniter\CodeIgniter->runController(Object(App\Controllers\Ventas))
 9 SYSTEMPATH\CodeIgniter.php(366): CodeIgniter\CodeIgniter->handleRequest(null, Object(Config\Cache), false)
10 FCPATH\index.php(67): CodeIgniter\CodeIgniter->run()
WARNING - 2023-10-31 03:54:15 --> [DEPRECATED] preg_replace(): Passing null to parameter #3 ($subject) of type array|string is deprecated in APPPATH\Controllers\Ventas.php on line 68.
 1 APPPATH\Controllers\Ventas.php(68): preg_replace('/[\\$,]/', '', null)
 2 SYSTEMPATH\CodeIgniter.php(932): App\Controllers\Ventas->guarda()
 3 SYSTEMPATH\CodeIgniter.php(497): CodeIgniter\CodeIgniter->runController(Object(App\Controllers\Ventas))
 4 SYSTEMPATH\CodeIgniter.php(366): CodeIgniter\CodeIgniter->handleRequest(null, Object(Config\Cache), false)
 5 FCPATH\index.php(67): CodeIgniter\CodeIgniter->run()
INFO - 2023-10-31 03:54:15 --> Session: Class initialized using 'CodeIgniter\Session\Handlers\FileHandler' driver.
ERROR - 2023-10-31 03:54:15 --> mysqli_sql_exception: Column 'id' cannot be null in C:\xampp2\htdocs\dismat\system\Database\MySQLi\Connection.php:295
Stack trace:
#0 C:\xampp2\htdocs\dismat\system\Database\MySQLi\Connection.php(295): mysqli->query('INSERT INTO `ve...', 0)
#1 C:\xampp2\htdocs\dismat\system\Database\BaseConnection.php(692): CodeIgniter\Database\MySQLi\Connection->execute('INSERT INTO `ve...')
#2 C:\xampp2\htdocs\dismat\system\Database\BaseConnection.php(606): CodeIgniter\Database\BaseConnection->simpleQuery('INSERT INTO `ve...')
#3 C:\xampp2\htdocs\dismat\system\Database\BaseBuilder.php(2309): CodeIgniter\Database\BaseConnection->query('INSERT INTO `ve...', Array, false)
#4 C:\xampp2\htdocs\dismat\app\Models\VentasModel.php(64): CodeIgniter\Database\BaseBuilder->insert(Array)
#5 C:\xampp2\htdocs\dismat\app\Controllers\Ventas.php(77): App\Models\VentasModel->insertarVenta(''6540763271f3e'', '', NULL, NULL)
#6 C:\xampp2\htdocs\dismat\system\CodeIgniter.php(932): App\Controllers\Ventas->guarda()
#7 C:\xampp2\htdocs\dismat\system\CodeIgniter.php(497): CodeIgniter\CodeIgniter->runController(Object(App\Controllers\Ventas))
#8 C:\xampp2\htdocs\dismat\system\CodeIgniter.php(366): CodeIgniter\CodeIgniter->handleRequest(NULL, Object(Config\Cache), false)
#9 C:\xampp2\htdocs\dismat\public\index.php(67): CodeIgniter\CodeIgniter->run()
#10 {main}
CRITICAL - 2023-10-31 03:54:15 --> Column 'id' cannot be null
in SYSTEMPATH\Database\MySQLi\Connection.php on line 295.
 1 SYSTEMPATH\Database\MySQLi\Connection.php(295): mysqli->query('INSERT INTO `ventas` (`nota`, `total`, `id`, `id_cliente`) VALUES (\'\\\'6540763271f3e\\\'\', \'\', NULL, NULL)', 0)
 2 SYSTEMPATH\Database\BaseConnection.php(692): CodeIgniter\Database\MySQLi\Connection->execute('INSERT INTO `ventas` (`nota`, `total`, `id`, `id_cliente`) VALUES (\'\\\'6540763271f3e\\\'\', \'\', NULL, NULL)')
 3 SYSTEMPATH\Database\BaseConnection.php(606): CodeIgniter\Database\BaseConnection->simpleQuery('INSERT INTO `ventas` (`nota`, `total`, `id`, `id_cliente`) VALUES (\'\\\'6540763271f3e\\\'\', \'\', NULL, NULL)')
 4 SYSTEMPATH\Database\BaseBuilder.php(2309): CodeIgniter\Database\BaseConnection->query('INSERT INTO `ventas` (`nota`, `total`, `id`, `id_cliente`) VALUES (:nota:, :total:, :id:, :id_cliente:)', [...], false)
 5 APPPATH\Models\VentasModel.php(64): CodeIgniter\Database\BaseBuilder->insert([...])
 6 APPPATH\Controllers\Ventas.php(77): App\Models\VentasModel->insertarVenta('\'6540763271f3e\'', '', null, null)
 7 SYSTEMPATH\CodeIgniter.php(932): App\Controllers\Ventas->guarda()
 8 SYSTEMPATH\CodeIgniter.php(497): CodeIgniter\CodeIgniter->runController(Object(App\Controllers\Ventas))
 9 SYSTEMPATH\CodeIgniter.php(366): CodeIgniter\CodeIgniter->handleRequest(null, Object(Config\Cache), false)
10 FCPATH\index.php(67): CodeIgniter\CodeIgniter->run()
WARNING - 2023-10-31 03:54:20 --> [DEPRECATED] preg_replace(): Passing null to parameter #3 ($subject) of type array|string is deprecated in APPPATH\Controllers\Ventas.php on line 68.
 1 APPPATH\Controllers\Ventas.php(68): preg_replace('/[\\$,]/', '', null)
 2 SYSTEMPATH\CodeIgniter.php(932): App\Controllers\Ventas->guarda()
 3 SYSTEMPATH\CodeIgniter.php(497): CodeIgniter\CodeIgniter->runController(Object(App\Controllers\Ventas))
 4 SYSTEMPATH\CodeIgniter.php(366): CodeIgniter\CodeIgniter->handleRequest(null, Object(Config\Cache), false)
 5 FCPATH\index.php(67): CodeIgniter\CodeIgniter->run()
INFO - 2023-10-31 03:54:20 --> Session: Class initialized using 'CodeIgniter\Session\Handlers\FileHandler' driver.
ERROR - 2023-10-31 03:54:20 --> mysqli_sql_exception: Column 'id' cannot be null in C:\xampp2\htdocs\dismat\system\Database\MySQLi\Connection.php:295
Stack trace:
#0 C:\xampp2\htdocs\dismat\system\Database\MySQLi\Connection.php(295): mysqli->query('INSERT INTO `ve...', 0)
#1 C:\xampp2\htdocs\dismat\system\Database\BaseConnection.php(692): CodeIgniter\Database\MySQLi\Connection->execute('INSERT INTO `ve...')
#2 C:\xampp2\htdocs\dismat\system\Database\BaseConnection.php(606): CodeIgniter\Database\BaseConnection->simpleQuery('INSERT INTO `ve...')
#3 C:\xampp2\htdocs\dismat\system\Database\BaseBuilder.php(2309): CodeIgniter\Database\BaseConnection->query('INSERT INTO `ve...', Array, false)
#4 C:\xampp2\htdocs\dismat\app\Models\VentasModel.php(64): CodeIgniter\Database\BaseBuilder->insert(Array)
#5 C:\xampp2\htdocs\dismat\app\Controllers\Ventas.php(77): App\Models\VentasModel->insertarVenta(''6540763271f3e'', '', NULL, NULL)
#6 C:\xampp2\htdocs\dismat\system\CodeIgniter.php(932): App\Controllers\Ventas->guarda()
#7 C:\xampp2\htdocs\dismat\system\CodeIgniter.php(497): CodeIgniter\CodeIgniter->runController(Object(App\Controllers\Ventas))
#8 C:\xampp2\htdocs\dismat\system\CodeIgniter.php(366): CodeIgniter\CodeIgniter->handleRequest(NULL, Object(Config\Cache), false)
#9 C:\xampp2\htdocs\dismat\public\index.php(67): CodeIgniter\CodeIgniter->run()
#10 {main}
CRITICAL - 2023-10-31 03:54:20 --> Column 'id' cannot be null
in SYSTEMPATH\Database\MySQLi\Connection.php on line 295.
 1 SYSTEMPATH\Database\MySQLi\Connection.php(295): mysqli->query('INSERT INTO `ventas` (`nota`, `total`, `id`, `id_cliente`) VALUES (\'\\\'6540763271f3e\\\'\', \'\', NULL, NULL)', 0)
 2 SYSTEMPATH\Database\BaseConnection.php(692): CodeIgniter\Database\MySQLi\Connection->execute('INSERT INTO `ventas` (`nota`, `total`, `id`, `id_cliente`) VALUES (\'\\\'6540763271f3e\\\'\', \'\', NULL, NULL)')
 3 SYSTEMPATH\Database\BaseConnection.php(606): CodeIgniter\Database\BaseConnection->simpleQuery('INSERT INTO `ventas` (`nota`, `total`, `id`, `id_cliente`) VALUES (\'\\\'6540763271f3e\\\'\', \'\', NULL, NULL)')
 4 SYSTEMPATH\Database\BaseBuilder.php(2309): CodeIgniter\Database\BaseConnection->query('INSERT INTO `ventas` (`nota`, `total`, `id`, `id_cliente`) VALUES (:nota:, :total:, :id:, :id_cliente:)', [...], false)
 5 APPPATH\Models\VentasModel.php(64): CodeIgniter\Database\BaseBuilder->insert([...])
 6 APPPATH\Controllers\Ventas.php(77): App\Models\VentasModel->insertarVenta('\'6540763271f3e\'', '', null, null)
 7 SYSTEMPATH\CodeIgniter.php(932): App\Controllers\Ventas->guarda()
 8 SYSTEMPATH\CodeIgniter.php(497): CodeIgniter\CodeIgniter->runController(Object(App\Controllers\Ventas))
 9 SYSTEMPATH\CodeIgniter.php(366): CodeIgniter\CodeIgniter->handleRequest(null, Object(Config\Cache), false)
10 FCPATH\index.php(67): CodeIgniter\CodeIgniter->run()
INFO - 2023-10-31 03:54:28 --> Session: Class initialized using 'CodeIgniter\Session\Handlers\FileHandler' driver.
INFO - 2023-10-31 03:55:39 --> Session: Class initialized using 'CodeIgniter\Session\Handlers\FileHandler' driver.
INFO - 2023-10-31 03:57:06 --> Session: Class initialized using 'CodeIgniter\Session\Handlers\FileHandler' driver.
INFO - 2023-10-31 03:57:54 --> Session: Class initialized using 'CodeIgniter\Session\Handlers\FileHandler' driver.
INFO - 2023-10-31 03:58:10 --> Session: Class initialized using 'CodeIgniter\Session\Handlers\FileHandler' driver.
INFO - 2023-10-31 04:29:08 --> Session: Class initialized using 'CodeIgniter\Session\Handlers\FileHandler' driver.
CRITICAL - 2023-10-31 04:29:22 --> Undefined array key "precio"
in APPPATH\Controllers\Temporal.php on line 37.
 1 APPPATH\Controllers\Temporal.php(37): CodeIgniter\Debug\Exceptions->errorHandler(2, 'Undefined array key "precio"', 'C:\\xampp2\\htdocs\\dismat\\app\\Controllers\\Temporal.php', 37)
 2 SYSTEMPATH\CodeIgniter.php(932): App\Controllers\Temporal->insertar('12', '1', '654082944673f')
 3 SYSTEMPATH\CodeIgniter.php(497): CodeIgniter\CodeIgniter->runController(Object(App\Controllers\Temporal))
 4 SYSTEMPATH\CodeIgniter.php(366): CodeIgniter\CodeIgniter->handleRequest(null, Object(Config\Cache), false)
 5 FCPATH\index.php(67): CodeIgniter\CodeIgniter->run()
CRITICAL - 2023-10-31 04:29:25 --> Undefined array key "precio"
in APPPATH\Controllers\Temporal.php on line 37.
 1 APPPATH\Controllers\Temporal.php(37): CodeIgniter\Debug\Exceptions->errorHandler(2, 'Undefined array key "precio"', 'C:\\xampp2\\htdocs\\dismat\\app\\Controllers\\Temporal.php', 37)
 2 SYSTEMPATH\CodeIgniter.php(932): App\Controllers\Temporal->insertar('12', '1', '654082944673f')
 3 SYSTEMPATH\CodeIgniter.php(497): CodeIgniter\CodeIgniter->runController(Object(App\Controllers\Temporal))
 4 SYSTEMPATH\CodeIgniter.php(366): CodeIgniter\CodeIgniter->handleRequest(null, Object(Config\Cache), false)
 5 FCPATH\index.php(67): CodeIgniter\CodeIgniter->run()
CRITICAL - 2023-10-31 04:38:22 --> Undefined array key "precio"
in APPPATH\Controllers\Temporal.php on line 37.
 1 APPPATH\Controllers\Temporal.php(37): CodeIgniter\Debug\Exceptions->errorHandler(2, 'Undefined array key "precio"', 'C:\\xampp2\\htdocs\\dismat\\app\\Controllers\\Temporal.php', 37)
 2 SYSTEMPATH\CodeIgniter.php(932): App\Controllers\Temporal->insertar('12', '1', '654082944673f')
 3 SYSTEMPATH\CodeIgniter.php(497): CodeIgniter\CodeIgniter->runController(Object(App\Controllers\Temporal))
 4 SYSTEMPATH\CodeIgniter.php(366): CodeIgniter\CodeIgniter->handleRequest(null, Object(Config\Cache), false)
 5 FCPATH\index.php(67): CodeIgniter\CodeIgniter->run()
INFO - 2023-10-31 04:38:25 --> Session: Class initialized using 'CodeIgniter\Session\Handlers\FileHandler' driver.
CRITICAL - 2023-10-31 04:38:33 --> Undefined array key "precio"
in APPPATH\Controllers\Temporal.php on line 37.
 1 APPPATH\Controllers\Temporal.php(37): CodeIgniter\Debug\Exceptions->errorHandler(2, 'Undefined array key "precio"', 'C:\\xampp2\\htdocs\\dismat\\app\\Controllers\\Temporal.php', 37)
 2 SYSTEMPATH\CodeIgniter.php(932): App\Controllers\Temporal->insertar('12', '1', '654084c19fbf4')
 3 SYSTEMPATH\CodeIgniter.php(497): CodeIgniter\CodeIgniter->runController(Object(App\Controllers\Temporal))
 4 SYSTEMPATH\CodeIgniter.php(366): CodeIgniter\CodeIgniter->handleRequest(null, Object(Config\Cache), false)
 5 FCPATH\index.php(67): CodeIgniter\CodeIgniter->run()
CRITICAL - 2023-10-31 04:38:45 --> Undefined array key "precio"
in APPPATH\Controllers\Temporal.php on line 37.
 1 APPPATH\Controllers\Temporal.php(37): CodeIgniter\Debug\Exceptions->errorHandler(2, 'Undefined array key "precio"', 'C:\\xampp2\\htdocs\\dismat\\app\\Controllers\\Temporal.php', 37)
 2 SYSTEMPATH\CodeIgniter.php(932): App\Controllers\Temporal->insertar('12', '1', '654084c19fbf4')
 3 SYSTEMPATH\CodeIgniter.php(497): CodeIgniter\CodeIgniter->runController(Object(App\Controllers\Temporal))
 4 SYSTEMPATH\CodeIgniter.php(366): CodeIgniter\CodeIgniter->handleRequest(null, Object(Config\Cache), false)
 5 FCPATH\index.php(67): CodeIgniter\CodeIgniter->run()
INFO - 2023-10-31 04:57:56 --> Session: Class initialized using 'CodeIgniter\Session\Handlers\FileHandler' driver.
CRITICAL - 2023-10-31 05:33:22 --> syntax error, unexpected variable "$passwordAlfanumerico", expecting "function" or "const"
in APPPATH\Controllers\Usuarios.php on line 158.
 1 SYSTEMPATH\Autoloader\Autoloader.php(291): CodeIgniter\Autoloader\Autoloader->includeFile('C:\\xampp2\\htdocs\\dismat\\app\\Controllers\\Usuarios.php')
 2 SYSTEMPATH\Autoloader\Autoloader.php(269): CodeIgniter\Autoloader\Autoloader->loadInNamespace('App\\Controllers\\Usuarios')
 3 [internal function]: CodeIgniter\Autoloader\Autoloader->loadClass('App\\Controllers\\Usuarios')
 4 SYSTEMPATH\CodeIgniter.php(890): class_exists('\\App\\Controllers\\Usuarios', true)
 5 SYSTEMPATH\CodeIgniter.php(484): CodeIgniter\CodeIgniter->startController()
 6 SYSTEMPATH\CodeIgniter.php(366): CodeIgniter\CodeIgniter->handleRequest(null, Object(Config\Cache), false)
 7 FCPATH\index.php(67): CodeIgniter\CodeIgniter->run()
CRITICAL - 2023-10-31 05:37:13 --> syntax error, unexpected token "<", expecting "function" or "const"
in APPPATH\Controllers\Usuarios.php on line 149.
 1 SYSTEMPATH\Autoloader\Autoloader.php(291): CodeIgniter\Autoloader\Autoloader->includeFile('C:\\xampp2\\htdocs\\dismat\\app\\Controllers\\Usuarios.php')
 2 SYSTEMPATH\Autoloader\Autoloader.php(269): CodeIgniter\Autoloader\Autoloader->loadInNamespace('App\\Controllers\\Usuarios')
 3 [internal function]: CodeIgniter\Autoloader\Autoloader->loadClass('App\\Controllers\\Usuarios')
 4 SYSTEMPATH\CodeIgniter.php(890): class_exists('\\App\\Controllers\\Usuarios', true)
 5 SYSTEMPATH\CodeIgniter.php(484): CodeIgniter\CodeIgniter->startController()
 6 SYSTEMPATH\CodeIgniter.php(366): CodeIgniter\CodeIgniter->handleRequest(null, Object(Config\Cache), false)
 7 FCPATH\index.php(67): CodeIgniter\CodeIgniter->run()
CRITICAL - 2023-10-31 05:38:06 --> syntax error, unexpected token "<", expecting end of file
in APPPATH\Controllers\Usuarios.php on line 339.
 1 SYSTEMPATH\Autoloader\Autoloader.php(291): CodeIgniter\Autoloader\Autoloader->includeFile('C:\\xampp2\\htdocs\\dismat\\app\\Controllers\\Usuarios.php')
 2 SYSTEMPATH\Autoloader\Autoloader.php(269): CodeIgniter\Autoloader\Autoloader->loadInNamespace('App\\Controllers\\Usuarios')
 3 [internal function]: CodeIgniter\Autoloader\Autoloader->loadClass('App\\Controllers\\Usuarios')
 4 SYSTEMPATH\CodeIgniter.php(890): class_exists('\\App\\Controllers\\Usuarios', true)
 5 SYSTEMPATH\CodeIgniter.php(484): CodeIgniter\CodeIgniter->startController()
 6 SYSTEMPATH\CodeIgniter.php(366): CodeIgniter\CodeIgniter->handleRequest(null, Object(Config\Cache), false)
 7 FCPATH\index.php(67): CodeIgniter\CodeIgniter->run()
INFO - 2023-10-31 05:42:01 --> Session: Class initialized using 'CodeIgniter\Session\Handlers\FileHandler' driver.
INFO - 2023-10-31 05:42:05 --> Session: Class initialized using 'CodeIgniter\Session\Handlers\FileHandler' driver.
INFO - 2023-10-31 05:42:45 --> Session: Class initialized using 'CodeIgniter\Session\Handlers\FileHandler' driver.
INFO - 2023-10-31 05:46:45 --> Session: Class initialized using 'CodeIgniter\Session\Handlers\FileHandler' driver.
INFO - 2023-10-31 05:46:46 --> Session: Class initialized using 'CodeIgniter\Session\Handlers\FileHandler' driver.
INFO - 2023-10-31 05:47:23 --> Session: Class initialized using 'CodeIgniter\Session\Handlers\FileHandler' driver.
INFO - 2023-10-31 05:49:16 --> Session: Class initialized using 'CodeIgniter\Session\Handlers\FileHandler' driver.
INFO - 2023-10-31 05:51:28 --> Session: Class initialized using 'CodeIgniter\Session\Handlers\FileHandler' driver.
INFO - 2023-10-31 05:51:36 --> Session: Class initialized using 'CodeIgniter\Session\Handlers\FileHandler' driver.
INFO - 2023-10-31 05:51:38 --> Session: Class initialized using 'CodeIgniter\Session\Handlers\FileHandler' driver.
INFO - 2023-10-31 05:52:11 --> Session: Class initialized using 'CodeIgniter\Session\Handlers\FileHandler' driver.
INFO - 2023-10-31 05:52:25 --> Session: Class initialized using 'CodeIgniter\Session\Handlers\FileHandler' driver.
INFO - 2023-10-31 05:52:27 --> Session: Class initialized using 'CodeIgniter\Session\Handlers\FileHandler' driver.
INFO - 2023-10-31 05:52:59 --> Session: Class initialized using 'CodeIgniter\Session\Handlers\FileHandler' driver.
CRITICAL - 2023-10-31 06:39:49 --> syntax error, unexpected token "=>", expecting "]"
in APPPATH\Controllers\Usuarios.php on line 250.
 1 SYSTEMPATH\Autoloader\Autoloader.php(291): CodeIgniter\Autoloader\Autoloader->includeFile('C:\\xampp2\\htdocs\\dismat\\app\\Controllers\\Usuarios.php')
 2 SYSTEMPATH\Autoloader\Autoloader.php(269): CodeIgniter\Autoloader\Autoloader->loadInNamespace('App\\Controllers\\Usuarios')
 3 [internal function]: CodeIgniter\Autoloader\Autoloader->loadClass('App\\Controllers\\Usuarios')
 4 SYSTEMPATH\CodeIgniter.php(890): class_exists('\\App\\Controllers\\Usuarios', true)
 5 SYSTEMPATH\CodeIgniter.php(484): CodeIgniter\CodeIgniter->startController()
 6 SYSTEMPATH\CodeIgniter.php(366): CodeIgniter\CodeIgniter->handleRequest(null, Object(Config\Cache), false)
 7 FCPATH\index.php(67): CodeIgniter\CodeIgniter->run()
CRITICAL - 2023-10-31 06:56:02 --> syntax error, unexpected token "=>", expecting "]"
in APPPATH\Controllers\Usuarios.php on line 250.
 1 SYSTEMPATH\Autoloader\Autoloader.php(291): CodeIgniter\Autoloader\Autoloader->includeFile('C:\\xampp2\\htdocs\\dismat\\app\\Controllers\\Usuarios.php')
 2 SYSTEMPATH\Autoloader\Autoloader.php(269): CodeIgniter\Autoloader\Autoloader->loadInNamespace('App\\Controllers\\Usuarios')
 3 [internal function]: CodeIgniter\Autoloader\Autoloader->loadClass('App\\Controllers\\Usuarios')
 4 SYSTEMPATH\CodeIgniter.php(890): class_exists('\\App\\Controllers\\Usuarios', true)
 5 SYSTEMPATH\CodeIgniter.php(484): CodeIgniter\CodeIgniter->startController()
 6 SYSTEMPATH\CodeIgniter.php(366): CodeIgniter\CodeIgniter->handleRequest(null, Object(Config\Cache), false)
 7 FCPATH\index.php(67): CodeIgniter\CodeIgniter->run()
WARNING - 2023-10-31 07:23:10 --> [DEPRECATED] password_verify(): Passing null to parameter #1 ($password) of type string is deprecated in APPPATH\Controllers\Usuarios.php on line 228.
 1 APPPATH\Controllers\Usuarios.php(228): password_verify(Object(SensitiveParameterValue), 'Fxs2680w')
 2 SYSTEMPATH\CodeIgniter.php(932): App\Controllers\Usuarios->valida()
 3 SYSTEMPATH\CodeIgniter.php(497): CodeIgniter\CodeIgniter->runController(Object(App\Controllers\Usuarios))
 4 SYSTEMPATH\CodeIgniter.php(366): CodeIgniter\CodeIgniter->handleRequest(null, Object(Config\Cache), false)
 5 FCPATH\index.php(67): CodeIgniter\CodeIgniter->run()
WARNING - 2023-10-31 07:25:55 --> [DEPRECATED] password_verify(): Passing null to parameter #1 ($password) of type string is deprecated in APPPATH\Controllers\Usuarios.php on line 228.
 1 APPPATH\Controllers\Usuarios.php(228): password_verify(Object(SensitiveParameterValue), 'Fxs2680w')
 2 SYSTEMPATH\CodeIgniter.php(932): App\Controllers\Usuarios->valida()
 3 SYSTEMPATH\CodeIgniter.php(497): CodeIgniter\CodeIgniter->runController(Object(App\Controllers\Usuarios))
 4 SYSTEMPATH\CodeIgniter.php(366): CodeIgniter\CodeIgniter->handleRequest(null, Object(Config\Cache), false)
 5 FCPATH\index.php(67): CodeIgniter\CodeIgniter->run()
WARNING - 2023-10-31 07:26:18 --> [DEPRECATED] password_verify(): Passing null to parameter #1 ($password) of type string is deprecated in APPPATH\Controllers\Usuarios.php on line 228.
 1 APPPATH\Controllers\Usuarios.php(228): password_verify(Object(SensitiveParameterValue), 'Fxs2680w')
 2 SYSTEMPATH\CodeIgniter.php(932): App\Controllers\Usuarios->valida()
 3 SYSTEMPATH\CodeIgniter.php(497): CodeIgniter\CodeIgniter->runController(Object(App\Controllers\Usuarios))
 4 SYSTEMPATH\CodeIgniter.php(366): CodeIgniter\CodeIgniter->handleRequest(null, Object(Config\Cache), false)
 5 FCPATH\index.php(67): CodeIgniter\CodeIgniter->run()
WARNING - 2023-10-31 07:27:19 --> [DEPRECATED] password_verify(): Passing null to parameter #1 ($password) of type string is deprecated in APPPATH\Controllers\Usuarios.php on line 228.
 1 APPPATH\Controllers\Usuarios.php(228): password_verify(Object(SensitiveParameterValue), 'Fxs2680w')
 2 SYSTEMPATH\CodeIgniter.php(932): App\Controllers\Usuarios->valida()
 3 SYSTEMPATH\CodeIgniter.php(497): CodeIgniter\CodeIgniter->runController(Object(App\Controllers\Usuarios))
 4 SYSTEMPATH\CodeIgniter.php(366): CodeIgniter\CodeIgniter->handleRequest(null, Object(Config\Cache), false)
 5 FCPATH\index.php(67): CodeIgniter\CodeIgniter->run()
WARNING - 2023-10-31 07:29:25 --> [DEPRECATED] password_verify(): Passing null to parameter #1 ($password) of type string is deprecated in APPPATH\Controllers\Usuarios.php on line 228.
 1 APPPATH\Controllers\Usuarios.php(228): password_verify(Object(SensitiveParameterValue), 'Fxs2680w')
 2 SYSTEMPATH\CodeIgniter.php(932): App\Controllers\Usuarios->valida()
 3 SYSTEMPATH\CodeIgniter.php(497): CodeIgniter\CodeIgniter->runController(Object(App\Controllers\Usuarios))
 4 SYSTEMPATH\CodeIgniter.php(366): CodeIgniter\CodeIgniter->handleRequest(null, Object(Config\Cache), false)
 5 FCPATH\index.php(67): CodeIgniter\CodeIgniter->run()
WARNING - 2023-10-31 07:34:21 --> [DEPRECATED] password_verify(): Passing null to parameter #1 ($password) of type string is deprecated in APPPATH\Controllers\Usuarios.php on line 228.
 1 APPPATH\Controllers\Usuarios.php(228): password_verify(Object(SensitiveParameterValue), 'Fxs2680w')
 2 SYSTEMPATH\CodeIgniter.php(932): App\Controllers\Usuarios->valida()
 3 SYSTEMPATH\CodeIgniter.php(497): CodeIgniter\CodeIgniter->runController(Object(App\Controllers\Usuarios))
 4 SYSTEMPATH\CodeIgniter.php(366): CodeIgniter\CodeIgniter->handleRequest(null, Object(Config\Cache), false)
 5 FCPATH\index.php(67): CodeIgniter\CodeIgniter->run()
CRITICAL - 2023-10-31 07:57:01 --> Undefined array key "nombre"
in APPPATH\Controllers\Usuarios.php on line 234.
 1 APPPATH\Controllers\Usuarios.php(234): CodeIgniter\Debug\Exceptions->errorHandler(2, 'Undefined array key "nombre"', 'C:\\xampp2\\htdocs\\dismat\\app\\Controllers\\Usuarios.php', 234)
 2 SYSTEMPATH\CodeIgniter.php(932): App\Controllers\Usuarios->valida()
 3 SYSTEMPATH\CodeIgniter.php(497): CodeIgniter\CodeIgniter->runController(Object(App\Controllers\Usuarios))
 4 SYSTEMPATH\CodeIgniter.php(366): CodeIgniter\CodeIgniter->handleRequest(null, Object(Config\Cache), false)
 5 FCPATH\index.php(67): CodeIgniter\CodeIgniter->run()
INFO - 2023-10-31 07:58:12 --> Session: Class initialized using 'CodeIgniter\Session\Handlers\FileHandler' driver.
INFO - 2023-10-31 07:58:58 --> Session: Class initialized using 'CodeIgniter\Session\Handlers\FileHandler' driver.
INFO - 2023-10-31 08:00:00 --> Session: Class initialized using 'CodeIgniter\Session\Handlers\FileHandler' driver.
INFO - 2023-10-31 08:00:01 --> Session: Class initialized using 'CodeIgniter\Session\Handlers\FileHandler' driver.
INFO - 2023-10-31 08:03:53 --> Session: Class initialized using 'CodeIgniter\Session\Handlers\FileHandler' driver.
INFO - 2023-10-31 10:16:33 --> Session: Class initialized using 'CodeIgniter\Session\Handlers\FileHandler' driver.
INFO - 2023-10-31 16:55:51 --> Session: Class initialized using 'CodeIgniter\Session\Handlers\FileHandler' driver.
CRITICAL - 2023-10-31 16:55:59 --> Call to a member function library() on null
in APPPATH\Controllers\Usuarios.php on line 14.
 1 SYSTEMPATH\CodeIgniter.php(904): App\Controllers\Usuarios->__construct()
 2 SYSTEMPATH\CodeIgniter.php(488): CodeIgniter\CodeIgniter->createController()
 3 SYSTEMPATH\CodeIgniter.php(366): CodeIgniter\CodeIgniter->handleRequest(null, Object(Config\Cache), false)
 4 FCPATH\index.php(67): CodeIgniter\CodeIgniter->run()
INFO - 2023-10-31 17:23:01 --> Session: Class initialized using 'CodeIgniter\Session\Handlers\FileHandler' driver.
CRITICAL - 2023-10-31 17:23:01 --> Undefined variable $session
in APPPATH\Views\encabezado.php on line 77.
 1 APPPATH\Views\encabezado.php(77): CodeIgniter\Debug\Exceptions->errorHandler(2, 'Undefined variable $session', 'C:\\xampp2\\htdocs\\dismat\\app\\Views\\encabezado.php', 77)
 2 SYSTEMPATH\View\View.php(224): include('C:\\xampp2\\htdocs\\dismat\\app\\Views\\encabezado.php')
 3 SYSTEMPATH\View\View.php(227): CodeIgniter\View\View->CodeIgniter\View\{closure}()
 4 SYSTEMPATH\Common.php(1176): CodeIgniter\View\View->render('encabezado', [], true)
 5 APPPATH\Controllers\Usuarios.php(70): view('encabezado')
 6 SYSTEMPATH\CodeIgniter.php(932): App\Controllers\Usuarios->index()
 7 SYSTEMPATH\CodeIgniter.php(497): CodeIgniter\CodeIgniter->runController(Object(App\Controllers\Usuarios))
 8 SYSTEMPATH\CodeIgniter.php(366): CodeIgniter\CodeIgniter->handleRequest(null, Object(Config\Cache), false)
 9 FCPATH\index.php(67): CodeIgniter\CodeIgniter->run()
INFO - 2023-10-31 17:23:23 --> Session: Class initialized using 'CodeIgniter\Session\Handlers\FileHandler' driver.
INFO - 2023-10-31 17:24:05 --> Session: Class initialized using 'CodeIgniter\Session\Handlers\FileHandler' driver.
INFO - 2023-10-31 17:24:30 --> Session: Class initialized using 'CodeIgniter\Session\Handlers\FileHandler' driver.
CRITICAL - 2023-10-31 17:24:30 --> Undefined variable $session
in APPPATH\Views\encabezado.php on line 189.
 1 APPPATH\Views\encabezado.php(189): CodeIgniter\Debug\Exceptions->errorHandler(2, 'Undefined variable $session', 'C:\\xampp2\\htdocs\\dismat\\app\\Views\\encabezado.php', 189)
 2 SYSTEMPATH\View\View.php(224): include('C:\\xampp2\\htdocs\\dismat\\app\\Views\\encabezado.php')
 3 SYSTEMPATH\View\View.php(227): CodeIgniter\View\View->CodeIgniter\View\{closure}()
 4 SYSTEMPATH\Common.php(1176): CodeIgniter\View\View->render('encabezado', [], true)
 5 APPPATH\Controllers\Usuarios.php(70): view('encabezado')
 6 SYSTEMPATH\CodeIgniter.php(932): App\Controllers\Usuarios->index()
 7 SYSTEMPATH\CodeIgniter.php(497): CodeIgniter\CodeIgniter->runController(Object(App\Controllers\Usuarios))
 8 SYSTEMPATH\CodeIgniter.php(366): CodeIgniter\CodeIgniter->handleRequest(null, Object(Config\Cache), false)
 9 FCPATH\index.php(67): CodeIgniter\CodeIgniter->run()
INFO - 2023-10-31 17:24:49 --> Session: Class initialized using 'CodeIgniter\Session\Handlers\FileHandler' driver.
INFO - 2023-10-31 17:24:56 --> Session: Class initialized using 'CodeIgniter\Session\Handlers\FileHandler' driver.
INFO - 2023-10-31 17:45:41 --> Session: Class initialized using 'CodeIgniter\Session\Handlers\FileHandler' driver.
INFO - 2023-10-31 17:45:49 --> Session: Class initialized using 'CodeIgniter\Session\Handlers\FileHandler' driver.
CRITICAL - 2023-10-31 17:46:09 --> Undefined array key "precio"
in APPPATH\Controllers\Temporal.php on line 37.
 1 APPPATH\Controllers\Temporal.php(37): CodeIgniter\Debug\Exceptions->errorHandler(2, 'Undefined array key "precio"', 'C:\\xampp2\\htdocs\\dismat\\app\\Controllers\\Temporal.php', 37)
 2 SYSTEMPATH\CodeIgniter.php(932): App\Controllers\Temporal->insertar('12', '1', '65413d4d56f6c')
 3 SYSTEMPATH\CodeIgniter.php(497): CodeIgniter\CodeIgniter->runController(Object(App\Controllers\Temporal))
 4 SYSTEMPATH\CodeIgniter.php(366): CodeIgniter\CodeIgniter->handleRequest(null, Object(Config\Cache), false)
 5 FCPATH\index.php(67): CodeIgniter\CodeIgniter->run()
CRITICAL - 2023-10-31 17:46:17 --> Undefined array key "precio"
in APPPATH\Controllers\Temporal.php on line 37.
 1 APPPATH\Controllers\Temporal.php(37): CodeIgniter\Debug\Exceptions->errorHandler(2, 'Undefined array key "precio"', 'C:\\xampp2\\htdocs\\dismat\\app\\Controllers\\Temporal.php', 37)
 2 SYSTEMPATH\CodeIgniter.php(932): App\Controllers\Temporal->insertar('12', '1', '65413d4d56f6c')
 3 SYSTEMPATH\CodeIgniter.php(497): CodeIgniter\CodeIgniter->runController(Object(App\Controllers\Temporal))
 4 SYSTEMPATH\CodeIgniter.php(366): CodeIgniter\CodeIgniter->handleRequest(null, Object(Config\Cache), false)
 5 FCPATH\index.php(67): CodeIgniter\CodeIgniter->run()
INFO - 2023-10-31 17:47:27 --> Session: Class initialized using 'CodeIgniter\Session\Handlers\FileHandler' driver.
INFO - 2023-10-31 17:48:42 --> Session: Class initialized using 'CodeIgniter\Session\Handlers\FileHandler' driver.
INFO - 2023-10-31 17:49:49 --> Session: Class initialized using 'CodeIgniter\Session\Handlers\FileHandler' driver.
INFO - 2023-10-31 18:19:28 --> Session: Class initialized using 'CodeIgniter\Session\Handlers\FileHandler' driver.
INFO - 2023-10-31 19:55:10 --> Session: Class initialized using 'CodeIgniter\Session\Handlers\FileHandler' driver.
INFO - 2023-10-31 19:56:12 --> Session: Class initialized using 'CodeIgniter\Session\Handlers\FileHandler' driver.
ERROR - 2023-10-31 19:56:21 --> mysqli_sql_exception: Unknown column 'nota' in 'where clause' in C:\xampp2\htdocs\dismat\system\Database\MySQLi\Connection.php:295
Stack trace:
#0 C:\xampp2\htdocs\dismat\system\Database\MySQLi\Connection.php(295): mysqli->query('SELECT *\nFROM `...', 0)
#1 C:\xampp2\htdocs\dismat\system\Database\BaseConnection.php(692): CodeIgniter\Database\MySQLi\Connection->execute('SELECT *\nFROM `...')
#2 C:\xampp2\htdocs\dismat\system\Database\BaseConnection.php(606): CodeIgniter\Database\BaseConnection->simpleQuery('SELECT *\nFROM `...')
#3 C:\xampp2\htdocs\dismat\system\Database\BaseBuilder.php(1616): CodeIgniter\Database\BaseConnection->query('SELECT *\nFROM `...', Array, false)
#4 C:\xampp2\htdocs\dismat\system\Model.php(836): CodeIgniter\Database\BaseBuilder->get()
#5 C:\xampp2\htdocs\dismat\app\Models\TemporalModel.php(47): CodeIgniter\Model->__call('get', Array)
#6 C:\xampp2\htdocs\dismat\app\Controllers\Temporal.php(25): App\Models\TemporalModel->porIdProductoCompra('12', '65415bdc24513')
#7 C:\xampp2\htdocs\dismat\system\CodeIgniter.php(932): App\Controllers\Temporal->insertar('12', '1', '65415bdc24513')
#8 C:\xampp2\htdocs\dismat\system\CodeIgniter.php(497): CodeIgniter\CodeIgniter->runController(Object(App\Controllers\Temporal))
#9 C:\xampp2\htdocs\dismat\system\CodeIgniter.php(366): CodeIgniter\CodeIgniter->handleRequest(NULL, Object(Config\Cache), false)
#10 C:\xampp2\htdocs\dismat\public\index.php(67): CodeIgniter\CodeIgniter->run()
#11 {main}
CRITICAL - 2023-10-31 19:56:21 --> Unknown column 'nota' in 'where clause'
in SYSTEMPATH\Database\MySQLi\Connection.php on line 295.
 1 SYSTEMPATH\Database\MySQLi\Connection.php(295): mysqli->query('SELECT *
FROM `temporal`
WHERE `nota` = \'65415bdc24513\'
AND `id_Producto` = \'12\'', 0)
 2 SYSTEMPATH\Database\BaseConnection.php(692): CodeIgniter\Database\MySQLi\Connection->execute('SELECT *
FROM `temporal`
WHERE `nota` = \'65415bdc24513\'
AND `id_Producto` = \'12\'')
 3 SYSTEMPATH\Database\BaseConnection.php(606): CodeIgniter\Database\BaseConnection->simpleQuery('SELECT *
FROM `temporal`
WHERE `nota` = \'65415bdc24513\'
AND `id_Producto` = \'12\'')
 4 SYSTEMPATH\Database\BaseBuilder.php(1616): CodeIgniter\Database\BaseConnection->query('SELECT *
FROM `temporal`
WHERE `nota` = :nota:
AND `id_Producto` = :id_Producto:', [...], false)
 5 SYSTEMPATH\Model.php(836): CodeIgniter\Database\BaseBuilder->get()
 6 APPPATH\Models\TemporalModel.php(47): CodeIgniter\Model->__call('get', [])
 7 APPPATH\Controllers\Temporal.php(25): App\Models\TemporalModel->porIdProductoCompra('12', '65415bdc24513')
 8 SYSTEMPATH\CodeIgniter.php(932): App\Controllers\Temporal->insertar('12', '1', '65415bdc24513')
 9 SYSTEMPATH\CodeIgniter.php(497): CodeIgniter\CodeIgniter->runController(Object(App\Controllers\Temporal))
10 SYSTEMPATH\CodeIgniter.php(366): CodeIgniter\CodeIgniter->handleRequest(null, Object(Config\Cache), false)
11 FCPATH\index.php(67): CodeIgniter\CodeIgniter->run()
ERROR - 2023-10-31 20:20:02 --> mysqli_sql_exception: Unknown column 'nota' in 'where clause' in C:\xampp2\htdocs\dismat\system\Database\MySQLi\Connection.php:295
Stack trace:
#0 C:\xampp2\htdocs\dismat\system\Database\MySQLi\Connection.php(295): mysqli->query('SELECT *\nFROM `...', 0)
#1 C:\xampp2\htdocs\dismat\system\Database\BaseConnection.php(692): CodeIgniter\Database\MySQLi\Connection->execute('SELECT *\nFROM `...')
#2 C:\xampp2\htdocs\dismat\system\Database\BaseConnection.php(606): CodeIgniter\Database\BaseConnection->simpleQuery('SELECT *\nFROM `...')
#3 C:\xampp2\htdocs\dismat\system\Database\BaseBuilder.php(1616): CodeIgniter\Database\BaseConnection->query('SELECT *\nFROM `...', Array, false)
#4 C:\xampp2\htdocs\dismat\system\Model.php(836): CodeIgniter\Database\BaseBuilder->get()
#5 C:\xampp2\htdocs\dismat\app\Models\TemporalModel.php(47): CodeIgniter\Model->__call('get', Array)
#6 C:\xampp2\htdocs\dismat\app\Controllers\Temporal.php(25): App\Models\TemporalModel->porIdProductoCompra('12', '65415bdc24513')
#7 C:\xampp2\htdocs\dismat\system\CodeIgniter.php(932): App\Controllers\Temporal->insertar('12', '1', '65415bdc24513')
#8 C:\xampp2\htdocs\dismat\system\CodeIgniter.php(497): CodeIgniter\CodeIgniter->runController(Object(App\Controllers\Temporal))
#9 C:\xampp2\htdocs\dismat\system\CodeIgniter.php(366): CodeIgniter\CodeIgniter->handleRequest(NULL, Object(Config\Cache), false)
#10 C:\xampp2\htdocs\dismat\public\index.php(67): CodeIgniter\CodeIgniter->run()
#11 {main}
CRITICAL - 2023-10-31 20:20:02 --> Unknown column 'nota' in 'where clause'
in SYSTEMPATH\Database\MySQLi\Connection.php on line 295.
 1 SYSTEMPATH\Database\MySQLi\Connection.php(295): mysqli->query('SELECT *
FROM `temporal`
WHERE `nota` = \'65415bdc24513\'
AND `id_Producto` = \'12\'', 0)
 2 SYSTEMPATH\Database\BaseConnection.php(692): CodeIgniter\Database\MySQLi\Connection->execute('SELECT *
FROM `temporal`
WHERE `nota` = \'65415bdc24513\'
AND `id_Producto` = \'12\'')
 3 SYSTEMPATH\Database\BaseConnection.php(606): CodeIgniter\Database\BaseConnection->simpleQuery('SELECT *
FROM `temporal`
WHERE `nota` = \'65415bdc24513\'
AND `id_Producto` = \'12\'')
 4 SYSTEMPATH\Database\BaseBuilder.php(1616): CodeIgniter\Database\BaseConnection->query('SELECT *
FROM `temporal`
WHERE `nota` = :nota:
AND `id_Producto` = :id_Producto:', [...], false)
 5 SYSTEMPATH\Model.php(836): CodeIgniter\Database\BaseBuilder->get()
 6 APPPATH\Models\TemporalModel.php(47): CodeIgniter\Model->__call('get', [])
 7 APPPATH\Controllers\Temporal.php(25): App\Models\TemporalModel->porIdProductoCompra('12', '65415bdc24513')
 8 SYSTEMPATH\CodeIgniter.php(932): App\Controllers\Temporal->insertar('12', '1', '65415bdc24513')
 9 SYSTEMPATH\CodeIgniter.php(497): CodeIgniter\CodeIgniter->runController(Object(App\Controllers\Temporal))
10 SYSTEMPATH\CodeIgniter.php(366): CodeIgniter\CodeIgniter->handleRequest(null, Object(Config\Cache), false)
11 FCPATH\index.php(67): CodeIgniter\CodeIgniter->run()
ERROR - 2023-10-31 20:20:03 --> mysqli_sql_exception: Unknown column 'nota' in 'where clause' in C:\xampp2\htdocs\dismat\system\Database\MySQLi\Connection.php:295
Stack trace:
#0 C:\xampp2\htdocs\dismat\system\Database\MySQLi\Connection.php(295): mysqli->query('SELECT *\nFROM `...', 0)
#1 C:\xampp2\htdocs\dismat\system\Database\BaseConnection.php(692): CodeIgniter\Database\MySQLi\Connection->execute('SELECT *\nFROM `...')
#2 C:\xampp2\htdocs\dismat\system\Database\BaseConnection.php(606): CodeIgniter\Database\BaseConnection->simpleQuery('SELECT *\nFROM `...')
#3 C:\xampp2\htdocs\dismat\system\Database\BaseBuilder.php(1616): CodeIgniter\Database\BaseConnection->query('SELECT *\nFROM `...', Array, false)
#4 C:\xampp2\htdocs\dismat\system\Model.php(836): CodeIgniter\Database\BaseBuilder->get()
#5 C:\xampp2\htdocs\dismat\app\Models\TemporalModel.php(47): CodeIgniter\Model->__call('get', Array)
#6 C:\xampp2\htdocs\dismat\app\Controllers\Temporal.php(25): App\Models\TemporalModel->porIdProductoCompra('12', '65415bdc24513')
#7 C:\xampp2\htdocs\dismat\system\CodeIgniter.php(932): App\Controllers\Temporal->insertar('12', '1', '65415bdc24513')
#8 C:\xampp2\htdocs\dismat\system\CodeIgniter.php(497): CodeIgniter\CodeIgniter->runController(Object(App\Controllers\Temporal))
#9 C:\xampp2\htdocs\dismat\system\CodeIgniter.php(366): CodeIgniter\CodeIgniter->handleRequest(NULL, Object(Config\Cache), false)
#10 C:\xampp2\htdocs\dismat\public\index.php(67): CodeIgniter\CodeIgniter->run()
#11 {main}
CRITICAL - 2023-10-31 20:20:03 --> Unknown column 'nota' in 'where clause'
in SYSTEMPATH\Database\MySQLi\Connection.php on line 295.
 1 SYSTEMPATH\Database\MySQLi\Connection.php(295): mysqli->query('SELECT *
FROM `temporal`
WHERE `nota` = \'65415bdc24513\'
AND `id_Producto` = \'12\'', 0)
 2 SYSTEMPATH\Database\BaseConnection.php(692): CodeIgniter\Database\MySQLi\Connection->execute('SELECT *
FROM `temporal`
WHERE `nota` = \'65415bdc24513\'
AND `id_Producto` = \'12\'')
 3 SYSTEMPATH\Database\BaseConnection.php(606): CodeIgniter\Database\BaseConnection->simpleQuery('SELECT *
FROM `temporal`
WHERE `nota` = \'65415bdc24513\'
AND `id_Producto` = \'12\'')
 4 SYSTEMPATH\Database\BaseBuilder.php(1616): CodeIgniter\Database\BaseConnection->query('SELECT *
FROM `temporal`
WHERE `nota` = :nota:
AND `id_Producto` = :id_Producto:', [...], false)
 5 SYSTEMPATH\Model.php(836): CodeIgniter\Database\BaseBuilder->get()
 6 APPPATH\Models\TemporalModel.php(47): CodeIgniter\Model->__call('get', [])
 7 APPPATH\Controllers\Temporal.php(25): App\Models\TemporalModel->porIdProductoCompra('12', '65415bdc24513')
 8 SYSTEMPATH\CodeIgniter.php(932): App\Controllers\Temporal->insertar('12', '1', '65415bdc24513')
 9 SYSTEMPATH\CodeIgniter.php(497): CodeIgniter\CodeIgniter->runController(Object(App\Controllers\Temporal))
10 SYSTEMPATH\CodeIgniter.php(366): CodeIgniter\CodeIgniter->handleRequest(null, Object(Config\Cache), false)
11 FCPATH\index.php(67): CodeIgniter\CodeIgniter->run()
ERROR - 2023-10-31 20:20:03 --> mysqli_sql_exception: Unknown column 'nota' in 'where clause' in C:\xampp2\htdocs\dismat\system\Database\MySQLi\Connection.php:295
Stack trace:
#0 C:\xampp2\htdocs\dismat\system\Database\MySQLi\Connection.php(295): mysqli->query('SELECT *\nFROM `...', 0)
#1 C:\xampp2\htdocs\dismat\system\Database\BaseConnection.php(692): CodeIgniter\Database\MySQLi\Connection->execute('SELECT *\nFROM `...')
#2 C:\xampp2\htdocs\dismat\system\Database\BaseConnection.php(606): CodeIgniter\Database\BaseConnection->simpleQuery('SELECT *\nFROM `...')
#3 C:\xampp2\htdocs\dismat\system\Database\BaseBuilder.php(1616): CodeIgniter\Database\BaseConnection->query('SELECT *\nFROM `...', Array, false)
#4 C:\xampp2\htdocs\dismat\system\Model.php(836): CodeIgniter\Database\BaseBuilder->get()
#5 C:\xampp2\htdocs\dismat\app\Models\TemporalModel.php(47): CodeIgniter\Model->__call('get', Array)
#6 C:\xampp2\htdocs\dismat\app\Controllers\Temporal.php(25): App\Models\TemporalModel->porIdProductoCompra('12', '65415bdc24513')
#7 C:\xampp2\htdocs\dismat\system\CodeIgniter.php(932): App\Controllers\Temporal->insertar('12', '1', '65415bdc24513')
#8 C:\xampp2\htdocs\dismat\system\CodeIgniter.php(497): CodeIgniter\CodeIgniter->runController(Object(App\Controllers\Temporal))
#9 C:\xampp2\htdocs\dismat\system\CodeIgniter.php(366): CodeIgniter\CodeIgniter->handleRequest(NULL, Object(Config\Cache), false)
#10 C:\xampp2\htdocs\dismat\public\index.php(67): CodeIgniter\CodeIgniter->run()
#11 {main}
CRITICAL - 2023-10-31 20:20:03 --> Unknown column 'nota' in 'where clause'
in SYSTEMPATH\Database\MySQLi\Connection.php on line 295.
 1 SYSTEMPATH\Database\MySQLi\Connection.php(295): mysqli->query('SELECT *
FROM `temporal`
WHERE `nota` = \'65415bdc24513\'
AND `id_Producto` = \'12\'', 0)
 2 SYSTEMPATH\Database\BaseConnection.php(692): CodeIgniter\Database\MySQLi\Connection->execute('SELECT *
FROM `temporal`
WHERE `nota` = \'65415bdc24513\'
AND `id_Producto` = \'12\'')
 3 SYSTEMPATH\Database\BaseConnection.php(606): CodeIgniter\Database\BaseConnection->simpleQuery('SELECT *
FROM `temporal`
WHERE `nota` = \'65415bdc24513\'
AND `id_Producto` = \'12\'')
 4 SYSTEMPATH\Database\BaseBuilder.php(1616): CodeIgniter\Database\BaseConnection->query('SELECT *
FROM `temporal`
WHERE `nota` = :nota:
AND `id_Producto` = :id_Producto:', [...], false)
 5 SYSTEMPATH\Model.php(836): CodeIgniter\Database\BaseBuilder->get()
 6 APPPATH\Models\TemporalModel.php(47): CodeIgniter\Model->__call('get', [])
 7 APPPATH\Controllers\Temporal.php(25): App\Models\TemporalModel->porIdProductoCompra('12', '65415bdc24513')
 8 SYSTEMPATH\CodeIgniter.php(932): App\Controllers\Temporal->insertar('12', '1', '65415bdc24513')
 9 SYSTEMPATH\CodeIgniter.php(497): CodeIgniter\CodeIgniter->runController(Object(App\Controllers\Temporal))
10 SYSTEMPATH\CodeIgniter.php(366): CodeIgniter\CodeIgniter->handleRequest(null, Object(Config\Cache), false)
11 FCPATH\index.php(67): CodeIgniter\CodeIgniter->run()
ERROR - 2023-10-31 20:20:03 --> mysqli_sql_exception: Unknown column 'nota' in 'where clause' in C:\xampp2\htdocs\dismat\system\Database\MySQLi\Connection.php:295
Stack trace:
#0 C:\xampp2\htdocs\dismat\system\Database\MySQLi\Connection.php(295): mysqli->query('SELECT *\nFROM `...', 0)
#1 C:\xampp2\htdocs\dismat\system\Database\BaseConnection.php(692): CodeIgniter\Database\MySQLi\Connection->execute('SELECT *\nFROM `...')
#2 C:\xampp2\htdocs\dismat\system\Database\BaseConnection.php(606): CodeIgniter\Database\BaseConnection->simpleQuery('SELECT *\nFROM `...')
#3 C:\xampp2\htdocs\dismat\system\Database\BaseBuilder.php(1616): CodeIgniter\Database\BaseConnection->query('SELECT *\nFROM `...', Array, false)
#4 C:\xampp2\htdocs\dismat\system\Model.php(836): CodeIgniter\Database\BaseBuilder->get()
#5 C:\xampp2\htdocs\dismat\app\Models\TemporalModel.php(47): CodeIgniter\Model->__call('get', Array)
#6 C:\xampp2\htdocs\dismat\app\Controllers\Temporal.php(25): App\Models\TemporalModel->porIdProductoCompra('12', '65415bdc24513')
#7 C:\xampp2\htdocs\dismat\system\CodeIgniter.php(932): App\Controllers\Temporal->insertar('12', '1', '65415bdc24513')
#8 C:\xampp2\htdocs\dismat\system\CodeIgniter.php(497): CodeIgniter\CodeIgniter->runController(Object(App\Controllers\Temporal))
#9 C:\xampp2\htdocs\dismat\system\CodeIgniter.php(366): CodeIgniter\CodeIgniter->handleRequest(NULL, Object(Config\Cache), false)
#10 C:\xampp2\htdocs\dismat\public\index.php(67): CodeIgniter\CodeIgniter->run()
#11 {main}
CRITICAL - 2023-10-31 20:20:03 --> Unknown column 'nota' in 'where clause'
in SYSTEMPATH\Database\MySQLi\Connection.php on line 295.
 1 SYSTEMPATH\Database\MySQLi\Connection.php(295): mysqli->query('SELECT *
FROM `temporal`
WHERE `nota` = \'65415bdc24513\'
AND `id_Producto` = \'12\'', 0)
 2 SYSTEMPATH\Database\BaseConnection.php(692): CodeIgniter\Database\MySQLi\Connection->execute('SELECT *
FROM `temporal`
WHERE `nota` = \'65415bdc24513\'
AND `id_Producto` = \'12\'')
 3 SYSTEMPATH\Database\BaseConnection.php(606): CodeIgniter\Database\BaseConnection->simpleQuery('SELECT *
FROM `temporal`
WHERE `nota` = \'65415bdc24513\'
AND `id_Producto` = \'12\'')
 4 SYSTEMPATH\Database\BaseBuilder.php(1616): CodeIgniter\Database\BaseConnection->query('SELECT *
FROM `temporal`
WHERE `nota` = :nota:
AND `id_Producto` = :id_Producto:', [...], false)
 5 SYSTEMPATH\Model.php(836): CodeIgniter\Database\BaseBuilder->get()
 6 APPPATH\Models\TemporalModel.php(47): CodeIgniter\Model->__call('get', [])
 7 APPPATH\Controllers\Temporal.php(25): App\Models\TemporalModel->porIdProductoCompra('12', '65415bdc24513')
 8 SYSTEMPATH\CodeIgniter.php(932): App\Controllers\Temporal->insertar('12', '1', '65415bdc24513')
 9 SYSTEMPATH\CodeIgniter.php(497): CodeIgniter\CodeIgniter->runController(Object(App\Controllers\Temporal))
10 SYSTEMPATH\CodeIgniter.php(366): CodeIgniter\CodeIgniter->handleRequest(null, Object(Config\Cache), false)
11 FCPATH\index.php(67): CodeIgniter\CodeIgniter->run()
INFO - 2023-10-31 20:20:55 --> Session: Class initialized using 'CodeIgniter\Session\Handlers\FileHandler' driver.
INFO - 2023-10-31 20:28:52 --> Session: Class initialized using 'CodeIgniter\Session\Handlers\FileHandler' driver.
INFO - 2023-10-31 20:29:50 --> Session: Class initialized using 'CodeIgniter\Session\Handlers\FileHandler' driver.
CRITICAL - 2023-10-31 20:29:58 --> Undefined array key "precio_ventaU"
in APPPATH\Controllers\Temporal.php on line 67.
 1 APPPATH\Controllers\Temporal.php(67): CodeIgniter\Debug\Exceptions->errorHandler(2, 'Undefined array key "precio_ventaU"', 'C:\\xampp2\\htdocs\\dismat\\app\\Controllers\\Temporal.php', 67)
 2 APPPATH\Controllers\Temporal.php(46): App\Controllers\Temporal->cargarProductos('654163be22e9f')
 3 SYSTEMPATH\CodeIgniter.php(932): App\Controllers\Temporal->insertar('12', '1000', '654163be22e9f')
 4 SYSTEMPATH\CodeIgniter.php(497): CodeIgniter\CodeIgniter->runController(Object(App\Controllers\Temporal))
 5 SYSTEMPATH\CodeIgniter.php(366): CodeIgniter\CodeIgniter->handleRequest(null, Object(Config\Cache), false)
 6 FCPATH\index.php(67): CodeIgniter\CodeIgniter->run()
INFO - 2023-10-31 21:06:00 --> Session: Class initialized using 'CodeIgniter\Session\Handlers\FileHandler' driver.
CRITICAL - 2023-10-31 21:06:12 --> Undefined array key "precio_compraU"
in APPPATH\Controllers\Temporal.php on line 67.
 1 APPPATH\Controllers\Temporal.php(67): CodeIgniter\Debug\Exceptions->errorHandler(2, 'Undefined array key "precio_compraU"', 'C:\\xampp2\\htdocs\\dismat\\app\\Controllers\\Temporal.php', 67)
 2 APPPATH\Controllers\Temporal.php(46): App\Controllers\Temporal->cargarProductos('65416c38b48ba')
 3 SYSTEMPATH\CodeIgniter.php(932): App\Controllers\Temporal->insertar('12', '145', '65416c38b48ba')
 4 SYSTEMPATH\CodeIgniter.php(497): CodeIgniter\CodeIgniter->runController(Object(App\Controllers\Temporal))
 5 SYSTEMPATH\CodeIgniter.php(366): CodeIgniter\CodeIgniter->handleRequest(null, Object(Config\Cache), false)
 6 FCPATH\index.php(67): CodeIgniter\CodeIgniter->run()
INFO - 2023-10-31 21:07:49 --> Session: Class initialized using 'CodeIgniter\Session\Handlers\FileHandler' driver.
CRITICAL - 2023-10-31 21:07:57 --> Undefined array key "precio"
in APPPATH\Controllers\Temporal.php on line 37.
 1 APPPATH\Controllers\Temporal.php(37): CodeIgniter\Debug\Exceptions->errorHandler(2, 'Undefined array key "precio"', 'C:\\xampp2\\htdocs\\dismat\\app\\Controllers\\Temporal.php', 37)
 2 SYSTEMPATH\CodeIgniter.php(932): App\Controllers\Temporal->insertar('12', '1', '65416ca5ee2c9')
 3 SYSTEMPATH\CodeIgniter.php(497): CodeIgniter\CodeIgniter->runController(Object(App\Controllers\Temporal))
 4 SYSTEMPATH\CodeIgniter.php(366): CodeIgniter\CodeIgniter->handleRequest(null, Object(Config\Cache), false)
 5 FCPATH\index.php(67): CodeIgniter\CodeIgniter->run()
INFO - 2023-10-31 21:09:14 --> Session: Class initialized using 'CodeIgniter\Session\Handlers\FileHandler' driver.
CRITICAL - 2023-10-31 21:09:20 --> Undefined array key "precio"
in APPPATH\Controllers\Temporal.php on line 37.
 1 APPPATH\Controllers\Temporal.php(37): CodeIgniter\Debug\Exceptions->errorHandler(2, 'Undefined array key "precio"', 'C:\\xampp2\\htdocs\\dismat\\app\\Controllers\\Temporal.php', 37)
 2 SYSTEMPATH\CodeIgniter.php(932): App\Controllers\Temporal->insertar('12', '1', '65416cfa8319c')
 3 SYSTEMPATH\CodeIgniter.php(497): CodeIgniter\CodeIgniter->runController(Object(App\Controllers\Temporal))
 4 SYSTEMPATH\CodeIgniter.php(366): CodeIgniter\CodeIgniter->handleRequest(null, Object(Config\Cache), false)
 5 FCPATH\index.php(67): CodeIgniter\CodeIgniter->run()
CRITICAL - 2023-10-31 21:11:50 --> Undefined array key "precio"
in APPPATH\Controllers\Temporal.php on line 31.
 1 APPPATH\Controllers\Temporal.php(31): CodeIgniter\Debug\Exceptions->errorHandler(2, 'Undefined array key "precio"', 'C:\\xampp2\\htdocs\\dismat\\app\\Controllers\\Temporal.php', 31)
 2 SYSTEMPATH\CodeIgniter.php(932): App\Controllers\Temporal->insertar('12', '1', '65416cfa8319c')
 3 SYSTEMPATH\CodeIgniter.php(497): CodeIgniter\CodeIgniter->runController(Object(App\Controllers\Temporal))
 4 SYSTEMPATH\CodeIgniter.php(366): CodeIgniter\CodeIgniter->handleRequest(null, Object(Config\Cache), false)
 5 FCPATH\index.php(67): CodeIgniter\CodeIgniter->run()
INFO - 2023-10-31 21:11:57 --> Session: Class initialized using 'CodeIgniter\Session\Handlers\FileHandler' driver.
CRITICAL - 2023-10-31 21:12:18 --> Undefined array key "precio"
in APPPATH\Controllers\Temporal.php on line 31.
 1 APPPATH\Controllers\Temporal.php(31): CodeIgniter\Debug\Exceptions->errorHandler(2, 'Undefined array key "precio"', 'C:\\xampp2\\htdocs\\dismat\\app\\Controllers\\Temporal.php', 31)
 2 SYSTEMPATH\CodeIgniter.php(932): App\Controllers\Temporal->insertar('13', '69', '65416d9d1d535')
 3 SYSTEMPATH\CodeIgniter.php(497): CodeIgniter\CodeIgniter->runController(Object(App\Controllers\Temporal))
 4 SYSTEMPATH\CodeIgniter.php(366): CodeIgniter\CodeIgniter->handleRequest(null, Object(Config\Cache), false)
 5 FCPATH\index.php(67): CodeIgniter\CodeIgniter->run()
INFO - 2023-10-31 21:15:11 --> Session: Class initialized using 'CodeIgniter\Session\Handlers\FileHandler' driver.
INFO - 2023-10-31 21:15:53 --> Session: Class initialized using 'CodeIgniter\Session\Handlers\FileHandler' driver.
ERROR - 2023-10-31 21:15:53 --> mysqli_sql_exception: Column 'nota' cannot be null in C:\xampp2\htdocs\dismat\system\Database\MySQLi\Connection.php:295
Stack trace:
#0 C:\xampp2\htdocs\dismat\system\Database\MySQLi\Connection.php(295): mysqli->query('INSERT INTO `co...', 0)
#1 C:\xampp2\htdocs\dismat\system\Database\BaseConnection.php(692): CodeIgniter\Database\MySQLi\Connection->execute('INSERT INTO `co...')
#2 C:\xampp2\htdocs\dismat\system\Database\BaseConnection.php(606): CodeIgniter\Database\BaseConnection->simpleQuery('INSERT INTO `co...')
#3 C:\xampp2\htdocs\dismat\system\Database\BaseBuilder.php(2309): CodeIgniter\Database\BaseConnection->query('INSERT INTO `co...', Array, false)
#4 C:\xampp2\htdocs\dismat\system\Model.php(330): CodeIgniter\Database\BaseBuilder->insert()
#5 C:\xampp2\htdocs\dismat\system\BaseModel.php(782): CodeIgniter\Model->doInsert(Array)
#6 C:\xampp2\htdocs\dismat\system\Model.php(730): CodeIgniter\BaseModel->insert(Array, true)
#7 C:\xampp2\htdocs\dismat\app\Models\ComprasModel.php(43): CodeIgniter\Model->insert(Array)
#8 C:\xampp2\htdocs\dismat\app\Controllers\Compras.php(52): App\Models\ComprasModel->insertaCompra('65416e5fa3202', '77460.00', NULL)
#9 C:\xampp2\htdocs\dismat\system\CodeIgniter.php(932): App\Controllers\Compras->guarda()
#10 C:\xampp2\htdocs\dismat\system\CodeIgniter.php(497): CodeIgniter\CodeIgniter->runController(Object(App\Controllers\Compras))
#11 C:\xampp2\htdocs\dismat\system\CodeIgniter.php(366): CodeIgniter\CodeIgniter->handleRequest(NULL, Object(Config\Cache), false)
#12 C:\xampp2\htdocs\dismat\public\index.php(67): CodeIgniter\CodeIgniter->run()
#13 {main}
CRITICAL - 2023-10-31 21:15:53 --> Column 'nota' cannot be null
in SYSTEMPATH\Database\MySQLi\Connection.php on line 295.
 1 SYSTEMPATH\Database\MySQLi\Connection.php(295): mysqli->query('INSERT INTO `compras` (`nota`, `totalPago`, `id`, `fechaRegistro`) VALUES (NULL, \'77460.00\', \'65416e5fa3202\', \'2023-10-31 21:15:53\')', 0)
 2 SYSTEMPATH\Database\BaseConnection.php(692): CodeIgniter\Database\MySQLi\Connection->execute('INSERT INTO `compras` (`nota`, `totalPago`, `id`, `fechaRegistro`) VALUES (NULL, \'77460.00\', \'65416e5fa3202\', \'2023-10-31 21:15:53\')')
 3 SYSTEMPATH\Database\BaseConnection.php(606): CodeIgniter\Database\BaseConnection->simpleQuery('INSERT INTO `compras` (`nota`, `totalPago`, `id`, `fechaRegistro`) VALUES (NULL, \'77460.00\', \'65416e5fa3202\', \'2023-10-31 21:15:53\')')
 4 SYSTEMPATH\Database\BaseBuilder.php(2309): CodeIgniter\Database\BaseConnection->query('INSERT INTO `compras` (`nota`, `totalPago`, `id`, `fechaRegistro`) VALUES (:nota:, :totalPago:, :id:, :fechaRegistro:)', [...], false)
 5 SYSTEMPATH\Model.php(330): CodeIgniter\Database\BaseBuilder->insert()
 6 SYSTEMPATH\BaseModel.php(782): CodeIgniter\Model->doInsert([...])
 7 SYSTEMPATH\Model.php(730): CodeIgniter\BaseModel->insert([...], true)
 8 APPPATH\Models\ComprasModel.php(43): CodeIgniter\Model->insert([...])
 9 APPPATH\Controllers\Compras.php(52): App\Models\ComprasModel->insertaCompra('65416e5fa3202', '77460.00', null)
10 SYSTEMPATH\CodeIgniter.php(932): App\Controllers\Compras->guarda()
11 SYSTEMPATH\CodeIgniter.php(497): CodeIgniter\CodeIgniter->runController(Object(App\Controllers\Compras))
12 SYSTEMPATH\CodeIgniter.php(366): CodeIgniter\CodeIgniter->handleRequest(null, Object(Config\Cache), false)
13 FCPATH\index.php(67): CodeIgniter\CodeIgniter->run()
INFO - 2023-10-31 21:17:05 --> Session: Class initialized using 'CodeIgniter\Session\Handlers\FileHandler' driver.
INFO - 2023-10-31 21:18:04 --> Session: Class initialized using 'CodeIgniter\Session\Handlers\FileHandler' driver.
WARNING - 2023-10-31 21:18:25 --> [DEPRECATED] preg_replace(): Passing null to parameter #3 ($subject) of type array|string is deprecated in APPPATH\Controllers\Ventas.php on line 68.
 1 APPPATH\Controllers\Ventas.php(68): preg_replace('/[\\$,]/', '', null)
 2 SYSTEMPATH\CodeIgniter.php(932): App\Controllers\Ventas->guarda()
 3 SYSTEMPATH\CodeIgniter.php(497): CodeIgniter\CodeIgniter->runController(Object(App\Controllers\Ventas))
 4 SYSTEMPATH\CodeIgniter.php(366): CodeIgniter\CodeIgniter->handleRequest(null, Object(Config\Cache), false)
 5 FCPATH\index.php(67): CodeIgniter\CodeIgniter->run()
INFO - 2023-10-31 21:18:25 --> Session: Class initialized using 'CodeIgniter\Session\Handlers\FileHandler' driver.
ERROR - 2023-10-31 21:18:25 --> mysqli_sql_exception: Column 'id' cannot be null in C:\xampp2\htdocs\dismat\system\Database\MySQLi\Connection.php:295
Stack trace:
#0 C:\xampp2\htdocs\dismat\system\Database\MySQLi\Connection.php(295): mysqli->query('INSERT INTO `ve...', 0)
#1 C:\xampp2\htdocs\dismat\system\Database\BaseConnection.php(692): CodeIgniter\Database\MySQLi\Connection->execute('INSERT INTO `ve...')
#2 C:\xampp2\htdocs\dismat\system\Database\BaseConnection.php(606): CodeIgniter\Database\BaseConnection->simpleQuery('INSERT INTO `ve...')
#3 C:\xampp2\htdocs\dismat\system\Database\BaseBuilder.php(2309): CodeIgniter\Database\BaseConnection->query('INSERT INTO `ve...', Array, false)
#4 C:\xampp2\htdocs\dismat\app\Models\VentasModel.php(64): CodeIgniter\Database\BaseBuilder->insert(Array)
#5 C:\xampp2\htdocs\dismat\app\Controllers\Ventas.php(77): App\Models\VentasModel->insertarVenta(''65416f0c7be9c'', '', NULL, NULL)
#6 C:\xampp2\htdocs\dismat\system\CodeIgniter.php(932): App\Controllers\Ventas->guarda()
#7 C:\xampp2\htdocs\dismat\system\CodeIgniter.php(497): CodeIgniter\CodeIgniter->runController(Object(App\Controllers\Ventas))
#8 C:\xampp2\htdocs\dismat\system\CodeIgniter.php(366): CodeIgniter\CodeIgniter->handleRequest(NULL, Object(Config\Cache), false)
#9 C:\xampp2\htdocs\dismat\public\index.php(67): CodeIgniter\CodeIgniter->run()
#10 {main}
CRITICAL - 2023-10-31 21:18:25 --> Column 'id' cannot be null
in SYSTEMPATH\Database\MySQLi\Connection.php on line 295.
 1 SYSTEMPATH\Database\MySQLi\Connection.php(295): mysqli->query('INSERT INTO `ventas` (`nota`, `total`, `id`, `id_cliente`) VALUES (\'\\\'65416f0c7be9c\\\'\', \'\', NULL, NULL)', 0)
 2 SYSTEMPATH\Database\BaseConnection.php(692): CodeIgniter\Database\MySQLi\Connection->execute('INSERT INTO `ventas` (`nota`, `total`, `id`, `id_cliente`) VALUES (\'\\\'65416f0c7be9c\\\'\', \'\', NULL, NULL)')
 3 SYSTEMPATH\Database\BaseConnection.php(606): CodeIgniter\Database\BaseConnection->simpleQuery('INSERT INTO `ventas` (`nota`, `total`, `id`, `id_cliente`) VALUES (\'\\\'65416f0c7be9c\\\'\', \'\', NULL, NULL)')
 4 SYSTEMPATH\Database\BaseBuilder.php(2309): CodeIgniter\Database\BaseConnection->query('INSERT INTO `ventas` (`nota`, `total`, `id`, `id_cliente`) VALUES (:nota:, :total:, :id:, :id_cliente:)', [...], false)
 5 APPPATH\Models\VentasModel.php(64): CodeIgniter\Database\BaseBuilder->insert([...])
 6 APPPATH\Controllers\Ventas.php(77): App\Models\VentasModel->insertarVenta('\'65416f0c7be9c\'', '', null, null)
 7 SYSTEMPATH\CodeIgniter.php(932): App\Controllers\Ventas->guarda()
 8 SYSTEMPATH\CodeIgniter.php(497): CodeIgniter\CodeIgniter->runController(Object(App\Controllers\Ventas))
 9 SYSTEMPATH\CodeIgniter.php(366): CodeIgniter\CodeIgniter->handleRequest(null, Object(Config\Cache), false)
10 FCPATH\index.php(67): CodeIgniter\CodeIgniter->run()
