INFO - 2023-10-29 00:05:00 --> Session: Class initialized using 'CodeIgniter\Session\Handlers\FileHandler' driver.
INFO - 2023-10-29 00:17:48 --> Session: Class initialized using 'CodeIgniter\Session\Handlers\FileHandler' driver.
INFO - 2023-10-29 00:17:55 --> Session: Class initialized using 'CodeIgniter\Session\Handlers\FileHandler' driver.
INFO - 2023-10-29 00:18:00 --> Session: Class initialized using 'CodeIgniter\Session\Handlers\FileHandler' driver.
INFO - 2023-10-29 00:18:03 --> Session: Class initialized using 'CodeIgniter\Session\Handlers\FileHandler' driver.
INFO - 2023-10-29 00:22:35 --> Session: Class initialized using 'CodeIgniter\Session\Handlers\FileHandler' driver.
INFO - 2023-10-29 00:23:25 --> Session: Class initialized using 'CodeIgniter\Session\Handlers\FileHandler' driver.
INFO - 2023-10-29 00:25:58 --> Session: Class initialized using 'CodeIgniter\Session\Handlers\FileHandler' driver.
INFO - 2023-10-29 00:27:20 --> Session: Class initialized using 'CodeIgniter\Session\Handlers\FileHandler' driver.
INFO - 2023-10-29 00:29:29 --> Session: Class initialized using 'CodeIgniter\Session\Handlers\FileHandler' driver.
INFO - 2023-10-29 00:29:54 --> Session: Class initialized using 'CodeIgniter\Session\Handlers\FileHandler' driver.
INFO - 2023-10-29 00:30:05 --> Session: Class initialized using 'CodeIgniter\Session\Handlers\FileHandler' driver.
INFO - 2023-10-29 01:28:46 --> Session: Class initialized using 'CodeIgniter\Session\Handlers\FileHandler' driver.
INFO - 2023-10-29 01:28:49 --> Session: Class initialized using 'CodeIgniter\Session\Handlers\FileHandler' driver.
ERROR - 2023-10-29 01:29:11 --> mysqli_sql_exception: Column 'total' cannot be null in C:\xampp2\htdocs\dismat\system\Database\MySQLi\Connection.php:295
Stack trace:
#0 C:\xampp2\htdocs\dismat\system\Database\MySQLi\Connection.php(295): mysqli->query('INSERT INTO `ve...', 0)
#1 C:\xampp2\htdocs\dismat\system\Database\BaseConnection.php(692): CodeIgniter\Database\MySQLi\Connection->execute('INSERT INTO `ve...')
#2 C:\xampp2\htdocs\dismat\system\Database\BaseConnection.php(606): CodeIgniter\Database\BaseConnection->simpleQuery('INSERT INTO `ve...')
#3 C:\xampp2\htdocs\dismat\system\Database\BaseBuilder.php(2309): CodeIgniter\Database\BaseConnection->query('INSERT INTO `ve...', Array, false)
#4 C:\xampp2\htdocs\dismat\system\Model.php(330): CodeIgniter\Database\BaseBuilder->insert()
#5 C:\xampp2\htdocs\dismat\system\BaseModel.php(782): CodeIgniter\Model->doInsert(Array)
#6 C:\xampp2\htdocs\dismat\system\Model.php(730): CodeIgniter\BaseModel->insert(Array, true)
#7 C:\xampp2\htdocs\dismat\app\Controllers\Ventas.php(260): CodeIgniter\Model->insert(Array)
#8 C:\xampp2\htdocs\dismat\system\CodeIgniter.php(932): App\Controllers\Ventas->crearVenta()
#9 C:\xampp2\htdocs\dismat\system\CodeIgniter.php(497): CodeIgniter\CodeIgniter->runController(Object(App\Controllers\Ventas))
#10 C:\xampp2\htdocs\dismat\system\CodeIgniter.php(366): CodeIgniter\CodeIgniter->handleRequest(NULL, Object(Config\Cache), false)
#11 C:\xampp2\htdocs\dismat\public\index.php(67): CodeIgniter\CodeIgniter->run()
#12 {main}
CRITICAL - 2023-10-29 01:29:11 --> Column 'total' cannot be null
in SYSTEMPATH\Database\MySQLi\Connection.php on line 295.
 1 SYSTEMPATH\Database\MySQLi\Connection.php(295): mysqli->query('INSERT INTO `ventas` (`estado`, `total`, `id`, `id_cliente`, `notaR`, `fechaRegistro`, `fechaActualizacion`) VALUES (1, NULL, NULL, NULL, NULL, \'2023-10-29 01:29:11\', \'2023-10-29 01:29:11\')', 0)
 2 SYSTEMPATH\Database\BaseConnection.php(692): CodeIgniter\Database\MySQLi\Connection->execute('INSERT INTO `ventas` (`estado`, `total`, `id`, `id_cliente`, `notaR`, `fechaRegistro`, `fechaActualizacion`) VALUES (1, NULL, NULL, NULL, NULL, \'2023-10-29 01:29:11\', \'2023-10-29 01:29:11\')')
 3 SYSTEMPATH\Database\BaseConnection.php(606): CodeIgniter\Database\BaseConnection->simpleQuery('INSERT INTO `ventas` (`estado`, `total`, `id`, `id_cliente`, `notaR`, `fechaRegistro`, `fechaActualizacion`) VALUES (1, NULL, NULL, NULL, NULL, \'2023-10-29 01:29:11\', \'2023-10-29 01:29:11\')')
 4 SYSTEMPATH\Database\BaseBuilder.php(2309): CodeIgniter\Database\BaseConnection->query('INSERT INTO `ventas` (`estado`, `total`, `id`, `id_cliente`, `notaR`, `fechaRegistro`, `fechaActualizacion`) VALUES (:estado:, :total:, :id:, :id_cliente:, :notaR:, :fechaRegistro:, :fechaActualizacion:)', [...], false)
 5 SYSTEMPATH\Model.php(330): CodeIgniter\Database\BaseBuilder->insert()
 6 SYSTEMPATH\BaseModel.php(782): CodeIgniter\Model->doInsert([...])
 7 SYSTEMPATH\Model.php(730): CodeIgniter\BaseModel->insert([...], true)
 8 APPPATH\Controllers\Ventas.php(260): CodeIgniter\Model->insert([...])
 9 SYSTEMPATH\CodeIgniter.php(932): App\Controllers\Ventas->crearVenta()
10 SYSTEMPATH\CodeIgniter.php(497): CodeIgniter\CodeIgniter->runController(Object(App\Controllers\Ventas))
11 SYSTEMPATH\CodeIgniter.php(366): CodeIgniter\CodeIgniter->handleRequest(null, Object(Config\Cache), false)
12 FCPATH\index.php(67): CodeIgniter\CodeIgniter->run()
ERROR - 2023-10-29 01:34:17 --> mysqli_sql_exception: Column 'total' cannot be null in C:\xampp2\htdocs\dismat\system\Database\MySQLi\Connection.php:295
Stack trace:
#0 C:\xampp2\htdocs\dismat\system\Database\MySQLi\Connection.php(295): mysqli->query('INSERT INTO `ve...', 0)
#1 C:\xampp2\htdocs\dismat\system\Database\BaseConnection.php(692): CodeIgniter\Database\MySQLi\Connection->execute('INSERT INTO `ve...')
#2 C:\xampp2\htdocs\dismat\system\Database\BaseConnection.php(606): CodeIgniter\Database\BaseConnection->simpleQuery('INSERT INTO `ve...')
#3 C:\xampp2\htdocs\dismat\system\Database\BaseBuilder.php(2309): CodeIgniter\Database\BaseConnection->query('INSERT INTO `ve...', Array, false)
#4 C:\xampp2\htdocs\dismat\system\Model.php(330): CodeIgniter\Database\BaseBuilder->insert()
#5 C:\xampp2\htdocs\dismat\system\BaseModel.php(782): CodeIgniter\Model->doInsert(Array)
#6 C:\xampp2\htdocs\dismat\system\Model.php(730): CodeIgniter\BaseModel->insert(Array, true)
#7 C:\xampp2\htdocs\dismat\app\Controllers\Ventas.php(260): CodeIgniter\Model->insert(Array)
#8 C:\xampp2\htdocs\dismat\system\CodeIgniter.php(932): App\Controllers\Ventas->crearVenta()
#9 C:\xampp2\htdocs\dismat\system\CodeIgniter.php(497): CodeIgniter\CodeIgniter->runController(Object(App\Controllers\Ventas))
#10 C:\xampp2\htdocs\dismat\system\CodeIgniter.php(366): CodeIgniter\CodeIgniter->handleRequest(NULL, Object(Config\Cache), false)
#11 C:\xampp2\htdocs\dismat\public\index.php(67): CodeIgniter\CodeIgniter->run()
#12 {main}
CRITICAL - 2023-10-29 01:34:17 --> Column 'total' cannot be null
in SYSTEMPATH\Database\MySQLi\Connection.php on line 295.
 1 SYSTEMPATH\Database\MySQLi\Connection.php(295): mysqli->query('INSERT INTO `ventas` (`estado`, `total`, `id`, `id_cliente`, `notaR`, `fechaRegistro`, `fechaActualizacion`) VALUES (1, NULL, NULL, NULL, NULL, \'2023-10-29 01:34:17\', \'2023-10-29 01:34:17\')', 0)
 2 SYSTEMPATH\Database\BaseConnection.php(692): CodeIgniter\Database\MySQLi\Connection->execute('INSERT INTO `ventas` (`estado`, `total`, `id`, `id_cliente`, `notaR`, `fechaRegistro`, `fechaActualizacion`) VALUES (1, NULL, NULL, NULL, NULL, \'2023-10-29 01:34:17\', \'2023-10-29 01:34:17\')')
 3 SYSTEMPATH\Database\BaseConnection.php(606): CodeIgniter\Database\BaseConnection->simpleQuery('INSERT INTO `ventas` (`estado`, `total`, `id`, `id_cliente`, `notaR`, `fechaRegistro`, `fechaActualizacion`) VALUES (1, NULL, NULL, NULL, NULL, \'2023-10-29 01:34:17\', \'2023-10-29 01:34:17\')')
 4 SYSTEMPATH\Database\BaseBuilder.php(2309): CodeIgniter\Database\BaseConnection->query('INSERT INTO `ventas` (`estado`, `total`, `id`, `id_cliente`, `notaR`, `fechaRegistro`, `fechaActualizacion`) VALUES (:estado:, :total:, :id:, :id_cliente:, :notaR:, :fechaRegistro:, :fechaActualizacion:)', [...], false)
 5 SYSTEMPATH\Model.php(330): CodeIgniter\Database\BaseBuilder->insert()
 6 SYSTEMPATH\BaseModel.php(782): CodeIgniter\Model->doInsert([...])
 7 SYSTEMPATH\Model.php(730): CodeIgniter\BaseModel->insert([...], true)
 8 APPPATH\Controllers\Ventas.php(260): CodeIgniter\Model->insert([...])
 9 SYSTEMPATH\CodeIgniter.php(932): App\Controllers\Ventas->crearVenta()
10 SYSTEMPATH\CodeIgniter.php(497): CodeIgniter\CodeIgniter->runController(Object(App\Controllers\Ventas))
11 SYSTEMPATH\CodeIgniter.php(366): CodeIgniter\CodeIgniter->handleRequest(null, Object(Config\Cache), false)
12 FCPATH\index.php(67): CodeIgniter\CodeIgniter->run()
INFO - 2023-10-29 01:46:18 --> Session: Class initialized using 'CodeIgniter\Session\Handlers\FileHandler' driver.
INFO - 2023-10-29 01:46:41 --> Session: Class initialized using 'CodeIgniter\Session\Handlers\FileHandler' driver.
INFO - 2023-10-29 01:46:49 --> Session: Class initialized using 'CodeIgniter\Session\Handlers\FileHandler' driver.
INFO - 2023-10-29 01:49:56 --> Session: Class initialized using 'CodeIgniter\Session\Handlers\FileHandler' driver.
INFO - 2023-10-29 01:50:08 --> Session: Class initialized using 'CodeIgniter\Session\Handlers\FileHandler' driver.
INFO - 2023-10-29 01:56:04 --> Session: Class initialized using 'CodeIgniter\Session\Handlers\FileHandler' driver.
INFO - 2023-10-29 01:56:56 --> Session: Class initialized using 'CodeIgniter\Session\Handlers\FileHandler' driver.
INFO - 2023-10-29 01:57:14 --> Session: Class initialized using 'CodeIgniter\Session\Handlers\FileHandler' driver.
INFO - 2023-10-29 01:57:29 --> Session: Class initialized using 'CodeIgniter\Session\Handlers\FileHandler' driver.
INFO - 2023-10-29 03:06:04 --> Session: Class initialized using 'CodeIgniter\Session\Handlers\FileHandler' driver.
INFO - 2023-10-29 03:10:32 --> Session: Class initialized using 'CodeIgniter\Session\Handlers\FileHandler' driver.
CRITICAL - 2023-10-29 03:16:37 --> syntax error, unexpected double-quote mark, expecting ")"
in APPPATH\Controllers\Usuarios.php on line 294.
 1 SYSTEMPATH\Router\Router.php(510): CodeIgniter\Router\AutoRouter->getRoute('usuarios/email/27', 'get')
 2 SYSTEMPATH\Router\Router.php(208): CodeIgniter\Router\Router->autoRoute('usuarios/email/27')
 3 SYSTEMPATH\CodeIgniter.php(813): CodeIgniter\Router\Router->handle('usuarios/email/27')
 4 SYSTEMPATH\CodeIgniter.php(447): CodeIgniter\CodeIgniter->tryToRouteIt(Object(CodeIgniter\Router\RouteCollection))
 5 SYSTEMPATH\CodeIgniter.php(366): CodeIgniter\CodeIgniter->handleRequest(null, Object(Config\Cache), false)
 6 FCPATH\index.php(67): CodeIgniter\CodeIgniter->run()
INFO - 2023-10-29 03:17:23 --> Session: Class initialized using 'CodeIgniter\Session\Handlers\FileHandler' driver.
CRITICAL - 2023-10-29 03:17:32 --> Undefined array key "usuario"
in APPPATH\Controllers\Usuarios.php on line 294.
 1 APPPATH\Controllers\Usuarios.php(294): CodeIgniter\Debug\Exceptions->errorHandler(2, 'Undefined array key "usuario"', 'C:\\xampp2\\htdocs\\dismat\\app\\Controllers\\Usuarios.php', 294)
 2 SYSTEMPATH\CodeIgniter.php(932): App\Controllers\Usuarios->enviarCredenciales()
 3 SYSTEMPATH\CodeIgniter.php(497): CodeIgniter\CodeIgniter->runController(Object(App\Controllers\Usuarios))
 4 SYSTEMPATH\CodeIgniter.php(366): CodeIgniter\CodeIgniter->handleRequest(null, Object(Config\Cache), false)
 5 FCPATH\index.php(67): CodeIgniter\CodeIgniter->run()
CRITICAL - 2023-10-29 03:18:28 --> Undefined array key "usuario"
in APPPATH\Controllers\Usuarios.php on line 294.
 1 APPPATH\Controllers\Usuarios.php(294): CodeIgniter\Debug\Exceptions->errorHandler(2, 'Undefined array key "usuario"', 'C:\\xampp2\\htdocs\\dismat\\app\\Controllers\\Usuarios.php', 294)
 2 SYSTEMPATH\CodeIgniter.php(932): App\Controllers\Usuarios->enviarCredenciales()
 3 SYSTEMPATH\CodeIgniter.php(497): CodeIgniter\CodeIgniter->runController(Object(App\Controllers\Usuarios))
 4 SYSTEMPATH\CodeIgniter.php(366): CodeIgniter\CodeIgniter->handleRequest(null, Object(Config\Cache), false)
 5 FCPATH\index.php(67): CodeIgniter\CodeIgniter->run()
CRITICAL - 2023-10-29 03:24:30 --> Undefined array key "usuario"
in APPPATH\Controllers\Usuarios.php on line 280.
 1 APPPATH\Controllers\Usuarios.php(280): CodeIgniter\Debug\Exceptions->errorHandler(2, 'Undefined array key "usuario"', 'C:\\xampp2\\htdocs\\dismat\\app\\Controllers\\Usuarios.php', 280)
 2 SYSTEMPATH\CodeIgniter.php(932): App\Controllers\Usuarios->enviarCredenciales()
 3 SYSTEMPATH\CodeIgniter.php(497): CodeIgniter\CodeIgniter->runController(Object(App\Controllers\Usuarios))
 4 SYSTEMPATH\CodeIgniter.php(366): CodeIgniter\CodeIgniter->handleRequest(null, Object(Config\Cache), false)
 5 FCPATH\index.php(67): CodeIgniter\CodeIgniter->run()
CRITICAL - 2023-10-29 03:25:18 --> Undefined array key "usuario"
in APPPATH\Controllers\Usuarios.php on line 280.
 1 APPPATH\Controllers\Usuarios.php(280): CodeIgniter\Debug\Exceptions->errorHandler(2, 'Undefined array key "usuario"', 'C:\\xampp2\\htdocs\\dismat\\app\\Controllers\\Usuarios.php', 280)
 2 SYSTEMPATH\CodeIgniter.php(932): App\Controllers\Usuarios->enviarCredenciales()
 3 SYSTEMPATH\CodeIgniter.php(497): CodeIgniter\CodeIgniter->runController(Object(App\Controllers\Usuarios))
 4 SYSTEMPATH\CodeIgniter.php(366): CodeIgniter\CodeIgniter->handleRequest(null, Object(Config\Cache), false)
 5 FCPATH\index.php(67): CodeIgniter\CodeIgniter->run()
CRITICAL - 2023-10-29 03:25:45 --> Undefined array key "usuario"
in APPPATH\Controllers\Usuarios.php on line 280.
 1 APPPATH\Controllers\Usuarios.php(280): CodeIgniter\Debug\Exceptions->errorHandler(2, 'Undefined array key "usuario"', 'C:\\xampp2\\htdocs\\dismat\\app\\Controllers\\Usuarios.php', 280)
 2 SYSTEMPATH\CodeIgniter.php(932): App\Controllers\Usuarios->enviarCredenciales()
 3 SYSTEMPATH\CodeIgniter.php(497): CodeIgniter\CodeIgniter->runController(Object(App\Controllers\Usuarios))
 4 SYSTEMPATH\CodeIgniter.php(366): CodeIgniter\CodeIgniter->handleRequest(null, Object(Config\Cache), false)
 5 FCPATH\index.php(67): CodeIgniter\CodeIgniter->run()
CRITICAL - 2023-10-29 03:25:52 --> Undefined array key "usuario"
in APPPATH\Controllers\Usuarios.php on line 280.
 1 APPPATH\Controllers\Usuarios.php(280): CodeIgniter\Debug\Exceptions->errorHandler(2, 'Undefined array key "usuario"', 'C:\\xampp2\\htdocs\\dismat\\app\\Controllers\\Usuarios.php', 280)
 2 SYSTEMPATH\CodeIgniter.php(932): App\Controllers\Usuarios->enviarCredenciales()
 3 SYSTEMPATH\CodeIgniter.php(497): CodeIgniter\CodeIgniter->runController(Object(App\Controllers\Usuarios))
 4 SYSTEMPATH\CodeIgniter.php(366): CodeIgniter\CodeIgniter->handleRequest(null, Object(Config\Cache), false)
 5 FCPATH\index.php(67): CodeIgniter\CodeIgniter->run()
INFO - 2023-10-29 03:26:03 --> Session: Class initialized using 'CodeIgniter\Session\Handlers\FileHandler' driver.
INFO - 2023-10-29 03:26:44 --> Session: Class initialized using 'CodeIgniter\Session\Handlers\FileHandler' driver.
INFO - 2023-10-29 03:26:51 --> Session: Class initialized using 'CodeIgniter\Session\Handlers\FileHandler' driver.
CRITICAL - 2023-10-29 03:27:00 --> Undefined variable $nombreUsuario
in APPPATH\Controllers\Usuarios.php on line 296.
 1 APPPATH\Controllers\Usuarios.php(296): CodeIgniter\Debug\Exceptions->errorHandler(2, 'Undefined variable $nombreUsuario', 'C:\\xampp2\\htdocs\\dismat\\app\\Controllers\\Usuarios.php', 296)
 2 SYSTEMPATH\CodeIgniter.php(932): App\Controllers\Usuarios->enviarCredenciales()
 3 SYSTEMPATH\CodeIgniter.php(497): CodeIgniter\CodeIgniter->runController(Object(App\Controllers\Usuarios))
 4 SYSTEMPATH\CodeIgniter.php(366): CodeIgniter\CodeIgniter->handleRequest(null, Object(Config\Cache), false)
 5 FCPATH\index.php(67): CodeIgniter\CodeIgniter->run()
WARNING - 2023-10-29 03:27:41 --> [DEPRECATED] strip_tags(): Passing null to parameter #1 ($string) of type string is deprecated in APPPATH\Controllers\Usuarios.php on line 296.
 1 APPPATH\Controllers\Usuarios.php(296): strip_tags(null)
 2 SYSTEMPATH\CodeIgniter.php(932): App\Controllers\Usuarios->enviarCredenciales()
 3 SYSTEMPATH\CodeIgniter.php(497): CodeIgniter\CodeIgniter->runController(Object(App\Controllers\Usuarios))
 4 SYSTEMPATH\CodeIgniter.php(366): CodeIgniter\CodeIgniter->handleRequest(null, Object(Config\Cache), false)
 5 FCPATH\index.php(67): CodeIgniter\CodeIgniter->run()
INFO - 2023-10-29 03:27:45 --> Session: Class initialized using 'CodeIgniter\Session\Handlers\FileHandler' driver.
INFO - 2023-10-29 03:28:50 --> Session: Class initialized using 'CodeIgniter\Session\Handlers\FileHandler' driver.
INFO - 2023-10-29 03:29:06 --> Session: Class initialized using 'CodeIgniter\Session\Handlers\FileHandler' driver.
INFO - 2023-10-29 03:29:53 --> Session: Class initialized using 'CodeIgniter\Session\Handlers\FileHandler' driver.
CRITICAL - 2023-10-29 03:30:06 --> Undefined array key "usuario"
in APPPATH\Controllers\Usuarios.php on line 280.
 1 APPPATH\Controllers\Usuarios.php(280): CodeIgniter\Debug\Exceptions->errorHandler(2, 'Undefined array key "usuario"', 'C:\\xampp2\\htdocs\\dismat\\app\\Controllers\\Usuarios.php', 280)
 2 SYSTEMPATH\CodeIgniter.php(932): App\Controllers\Usuarios->enviarCredenciales()
 3 SYSTEMPATH\CodeIgniter.php(497): CodeIgniter\CodeIgniter->runController(Object(App\Controllers\Usuarios))
 4 SYSTEMPATH\CodeIgniter.php(366): CodeIgniter\CodeIgniter->handleRequest(null, Object(Config\Cache), false)
 5 FCPATH\index.php(67): CodeIgniter\CodeIgniter->run()
CRITICAL - 2023-10-29 03:30:38 --> Undefined array key "usuario"
in APPPATH\Controllers\Usuarios.php on line 280.
 1 APPPATH\Controllers\Usuarios.php(280): CodeIgniter\Debug\Exceptions->errorHandler(2, 'Undefined array key "usuario"', 'C:\\xampp2\\htdocs\\dismat\\app\\Controllers\\Usuarios.php', 280)
 2 SYSTEMPATH\CodeIgniter.php(932): App\Controllers\Usuarios->enviarCredenciales()
 3 SYSTEMPATH\CodeIgniter.php(497): CodeIgniter\CodeIgniter->runController(Object(App\Controllers\Usuarios))
 4 SYSTEMPATH\CodeIgniter.php(366): CodeIgniter\CodeIgniter->handleRequest(null, Object(Config\Cache), false)
 5 FCPATH\index.php(67): CodeIgniter\CodeIgniter->run()
WARNING - 2023-10-29 03:31:42 --> [DEPRECATED] str_replace(): Passing null to parameter #3 ($subject) of type array|string is deprecated in SYSTEMPATH\Email\Email.php on line 641.
 1 SYSTEMPATH\Email\Email.php(641): str_replace('', '', null)
 2 APPPATH\Controllers\Usuarios.php(296): CodeIgniter\Email\Email->setMessage(null)
 3 SYSTEMPATH\CodeIgniter.php(932): App\Controllers\Usuarios->enviarCredenciales()
 4 SYSTEMPATH\CodeIgniter.php(497): CodeIgniter\CodeIgniter->runController(Object(App\Controllers\Usuarios))
 5 SYSTEMPATH\CodeIgniter.php(366): CodeIgniter\CodeIgniter->handleRequest(null, Object(Config\Cache), false)
 6 FCPATH\index.php(67): CodeIgniter\CodeIgniter->run()
INFO - 2023-10-29 03:31:46 --> Session: Class initialized using 'CodeIgniter\Session\Handlers\FileHandler' driver.
INFO - 2023-10-29 03:40:48 --> Session: Class initialized using 'CodeIgniter\Session\Handlers\FileHandler' driver.
INFO - 2023-10-29 03:40:53 --> Session: Class initialized using 'CodeIgniter\Session\Handlers\FileHandler' driver.
WARNING - 2023-10-29 03:41:00 --> [DEPRECATED] str_replace(): Passing null to parameter #3 ($subject) of type array|string is deprecated in SYSTEMPATH\Email\Email.php on line 641.
 1 SYSTEMPATH\Email\Email.php(641): str_replace('', '', null)
 2 APPPATH\Controllers\Usuarios.php(296): CodeIgniter\Email\Email->setMessage(null)
 3 SYSTEMPATH\CodeIgniter.php(932): App\Controllers\Usuarios->enviarCredenciales()
 4 SYSTEMPATH\CodeIgniter.php(497): CodeIgniter\CodeIgniter->runController(Object(App\Controllers\Usuarios))
 5 SYSTEMPATH\CodeIgniter.php(366): CodeIgniter\CodeIgniter->handleRequest(null, Object(Config\Cache), false)
 6 FCPATH\index.php(67): CodeIgniter\CodeIgniter->run()
INFO - 2023-10-29 03:41:03 --> Session: Class initialized using 'CodeIgniter\Session\Handlers\FileHandler' driver.
INFO - 2023-10-29 03:42:37 --> Session: Class initialized using 'CodeIgniter\Session\Handlers\FileHandler' driver.
CRITICAL - 2023-10-29 03:42:59 --> Undefined array key "usuario"
in APPPATH\Controllers\Usuarios.php on line 280.
 1 APPPATH\Controllers\Usuarios.php(280): CodeIgniter\Debug\Exceptions->errorHandler(2, 'Undefined array key "usuario"', 'C:\\xampp2\\htdocs\\dismat\\app\\Controllers\\Usuarios.php', 280)
 2 SYSTEMPATH\CodeIgniter.php(932): App\Controllers\Usuarios->enviarCredenciales()
 3 SYSTEMPATH\CodeIgniter.php(497): CodeIgniter\CodeIgniter->runController(Object(App\Controllers\Usuarios))
 4 SYSTEMPATH\CodeIgniter.php(366): CodeIgniter\CodeIgniter->handleRequest(null, Object(Config\Cache), false)
 5 FCPATH\index.php(67): CodeIgniter\CodeIgniter->run()
CRITICAL - 2023-10-29 03:43:49 --> Undefined array key "usuario"
in APPPATH\Controllers\Usuarios.php on line 280.
 1 APPPATH\Controllers\Usuarios.php(280): CodeIgniter\Debug\Exceptions->errorHandler(2, 'Undefined array key "usuario"', 'C:\\xampp2\\htdocs\\dismat\\app\\Controllers\\Usuarios.php', 280)
 2 SYSTEMPATH\CodeIgniter.php(932): App\Controllers\Usuarios->enviarCredenciales()
 3 SYSTEMPATH\CodeIgniter.php(497): CodeIgniter\CodeIgniter->runController(Object(App\Controllers\Usuarios))
 4 SYSTEMPATH\CodeIgniter.php(366): CodeIgniter\CodeIgniter->handleRequest(null, Object(Config\Cache), false)
 5 FCPATH\index.php(67): CodeIgniter\CodeIgniter->run()
CRITICAL - 2023-10-29 03:44:09 --> Undefined array key "usuario"
in APPPATH\Controllers\Usuarios.php on line 296.
 1 APPPATH\Controllers\Usuarios.php(296): CodeIgniter\Debug\Exceptions->errorHandler(2, 'Undefined array key "usuario"', 'C:\\xampp2\\htdocs\\dismat\\app\\Controllers\\Usuarios.php', 296)
 2 SYSTEMPATH\CodeIgniter.php(932): App\Controllers\Usuarios->enviarCredenciales()
 3 SYSTEMPATH\CodeIgniter.php(497): CodeIgniter\CodeIgniter->runController(Object(App\Controllers\Usuarios))
 4 SYSTEMPATH\CodeIgniter.php(366): CodeIgniter\CodeIgniter->handleRequest(null, Object(Config\Cache), false)
 5 FCPATH\index.php(67): CodeIgniter\CodeIgniter->run()
CRITICAL - 2023-10-29 03:50:40 --> Undefined array key "usuario"
in APPPATH\Controllers\Usuarios.php on line 296.
 1 APPPATH\Controllers\Usuarios.php(296): CodeIgniter\Debug\Exceptions->errorHandler(2, 'Undefined array key "usuario"', 'C:\\xampp2\\htdocs\\dismat\\app\\Controllers\\Usuarios.php', 296)
 2 SYSTEMPATH\CodeIgniter.php(932): App\Controllers\Usuarios->enviarCredenciales()
 3 SYSTEMPATH\CodeIgniter.php(497): CodeIgniter\CodeIgniter->runController(Object(App\Controllers\Usuarios))
 4 SYSTEMPATH\CodeIgniter.php(366): CodeIgniter\CodeIgniter->handleRequest(null, Object(Config\Cache), false)
 5 FCPATH\index.php(67): CodeIgniter\CodeIgniter->run()
CRITICAL - 2023-10-29 03:55:02 --> Undefined array key "usuario"
in APPPATH\Controllers\Usuarios.php on line 296.
 1 APPPATH\Controllers\Usuarios.php(296): CodeIgniter\Debug\Exceptions->errorHandler(2, 'Undefined array key "usuario"', 'C:\\xampp2\\htdocs\\dismat\\app\\Controllers\\Usuarios.php', 296)
 2 SYSTEMPATH\CodeIgniter.php(932): App\Controllers\Usuarios->enviarCredenciales()
 3 SYSTEMPATH\CodeIgniter.php(497): CodeIgniter\CodeIgniter->runController(Object(App\Controllers\Usuarios))
 4 SYSTEMPATH\CodeIgniter.php(366): CodeIgniter\CodeIgniter->handleRequest(null, Object(Config\Cache), false)
 5 FCPATH\index.php(67): CodeIgniter\CodeIgniter->run()
INFO - 2023-10-29 03:55:07 --> Session: Class initialized using 'CodeIgniter\Session\Handlers\FileHandler' driver.
INFO - 2023-10-29 03:55:14 --> Session: Class initialized using 'CodeIgniter\Session\Handlers\FileHandler' driver.
INFO - 2023-10-29 03:55:38 --> Session: Class initialized using 'CodeIgniter\Session\Handlers\FileHandler' driver.
INFO - 2023-10-29 04:01:34 --> Session: Class initialized using 'CodeIgniter\Session\Handlers\FileHandler' driver.
CRITICAL - 2023-10-29 04:01:39 --> Undefined variable $nombreUsuario
in APPPATH\Controllers\Usuarios.php on line 282.
 1 APPPATH\Controllers\Usuarios.php(282): CodeIgniter\Debug\Exceptions->errorHandler(2, 'Undefined variable $nombreUsuario', 'C:\\xampp2\\htdocs\\dismat\\app\\Controllers\\Usuarios.php', 282)
 2 SYSTEMPATH\CodeIgniter.php(932): App\Controllers\Usuarios->enviarCredenciales()
 3 SYSTEMPATH\CodeIgniter.php(497): CodeIgniter\CodeIgniter->runController(Object(App\Controllers\Usuarios))
 4 SYSTEMPATH\CodeIgniter.php(366): CodeIgniter\CodeIgniter->handleRequest(null, Object(Config\Cache), false)
 5 FCPATH\index.php(67): CodeIgniter\CodeIgniter->run()
CRITICAL - 2023-10-29 10:51:55 --> Unsupported operand types: string + null
in APPPATH\Controllers\Usuarios.php on line 295.
 1 SYSTEMPATH\CodeIgniter.php(932): App\Controllers\Usuarios->enviarCredenciales()
 2 SYSTEMPATH\CodeIgniter.php(497): CodeIgniter\CodeIgniter->runController(Object(App\Controllers\Usuarios))
 3 SYSTEMPATH\CodeIgniter.php(366): CodeIgniter\CodeIgniter->handleRequest(null, Object(Config\Cache), false)
 4 FCPATH\index.php(67): CodeIgniter\CodeIgniter->run()
CRITICAL - 2023-10-29 11:10:10 --> Too few arguments to function App\Controllers\Usuarios::enviarCredenciales(), 0 passed in C:\xampp2\htdocs\dismat\system\CodeIgniter.php on line 932 and exactly 3 expected
in APPPATH\Controllers\Usuarios.php on line 281.
 1 SYSTEMPATH\CodeIgniter.php(932): App\Controllers\Usuarios->enviarCredenciales()
 2 SYSTEMPATH\CodeIgniter.php(497): CodeIgniter\CodeIgniter->runController(Object(App\Controllers\Usuarios))
 3 SYSTEMPATH\CodeIgniter.php(366): CodeIgniter\CodeIgniter->handleRequest(null, Object(Config\Cache), false)
 4 FCPATH\index.php(67): CodeIgniter\CodeIgniter->run()
INFO - 2023-10-29 11:11:54 --> Session: Class initialized using 'CodeIgniter\Session\Handlers\FileHandler' driver.
INFO - 2023-10-29 11:12:06 --> Session: Class initialized using 'CodeIgniter\Session\Handlers\FileHandler' driver.
INFO - 2023-10-29 11:12:12 --> Session: Class initialized using 'CodeIgniter\Session\Handlers\FileHandler' driver.
INFO - 2023-10-29 11:12:24 --> Session: Class initialized using 'CodeIgniter\Session\Handlers\FileHandler' driver.
INFO - 2023-10-29 11:13:54 --> Session: Class initialized using 'CodeIgniter\Session\Handlers\FileHandler' driver.
INFO - 2023-10-29 11:14:01 --> Session: Class initialized using 'CodeIgniter\Session\Handlers\FileHandler' driver.
CRITICAL - 2023-10-29 11:14:11 --> Too few arguments to function App\Controllers\Usuarios::enviarCredenciales(), 0 passed in C:\xampp2\htdocs\dismat\system\CodeIgniter.php on line 932 and exactly 2 expected
in APPPATH\Controllers\Usuarios.php on line 281.
 1 SYSTEMPATH\CodeIgniter.php(932): App\Controllers\Usuarios->enviarCredenciales()
 2 SYSTEMPATH\CodeIgniter.php(497): CodeIgniter\CodeIgniter->runController(Object(App\Controllers\Usuarios))
 3 SYSTEMPATH\CodeIgniter.php(366): CodeIgniter\CodeIgniter->handleRequest(null, Object(Config\Cache), false)
 4 FCPATH\index.php(67): CodeIgniter\CodeIgniter->run()
CRITICAL - 2023-10-29 11:17:04 --> Too few arguments to function App\Controllers\Usuarios::enviarCredenciales(), 0 passed in C:\xampp2\htdocs\dismat\system\CodeIgniter.php on line 932 and exactly 2 expected
in APPPATH\Controllers\Usuarios.php on line 281.
 1 SYSTEMPATH\CodeIgniter.php(932): App\Controllers\Usuarios->enviarCredenciales()
 2 SYSTEMPATH\CodeIgniter.php(497): CodeIgniter\CodeIgniter->runController(Object(App\Controllers\Usuarios))
 3 SYSTEMPATH\CodeIgniter.php(366): CodeIgniter\CodeIgniter->handleRequest(null, Object(Config\Cache), false)
 4 FCPATH\index.php(67): CodeIgniter\CodeIgniter->run()
CRITICAL - 2023-10-29 11:17:10 --> Too few arguments to function App\Controllers\Usuarios::enviarCredenciales(), 0 passed in C:\xampp2\htdocs\dismat\system\CodeIgniter.php on line 932 and exactly 2 expected
in APPPATH\Controllers\Usuarios.php on line 281.
 1 SYSTEMPATH\CodeIgniter.php(932): App\Controllers\Usuarios->enviarCredenciales()
 2 SYSTEMPATH\CodeIgniter.php(497): CodeIgniter\CodeIgniter->runController(Object(App\Controllers\Usuarios))
 3 SYSTEMPATH\CodeIgniter.php(366): CodeIgniter\CodeIgniter->handleRequest(null, Object(Config\Cache), false)
 4 FCPATH\index.php(67): CodeIgniter\CodeIgniter->run()
INFO - 2023-10-29 11:19:05 --> Session: Class initialized using 'CodeIgniter\Session\Handlers\FileHandler' driver.
INFO - 2023-10-29 11:19:29 --> Session: Class initialized using 'CodeIgniter\Session\Handlers\FileHandler' driver.
INFO - 2023-10-29 11:19:43 --> Session: Class initialized using 'CodeIgniter\Session\Handlers\FileHandler' driver.
INFO - 2023-10-29 11:22:53 --> Session: Class initialized using 'CodeIgniter\Session\Handlers\FileHandler' driver.
INFO - 2023-10-29 11:23:16 --> Session: Class initialized using 'CodeIgniter\Session\Handlers\FileHandler' driver.
INFO - 2023-10-29 11:25:52 --> Session: Class initialized using 'CodeIgniter\Session\Handlers\FileHandler' driver.
INFO - 2023-10-29 11:25:59 --> Session: Class initialized using 'CodeIgniter\Session\Handlers\FileHandler' driver.
INFO - 2023-10-29 11:26:05 --> Session: Class initialized using 'CodeIgniter\Session\Handlers\FileHandler' driver.
INFO - 2023-10-29 11:27:31 --> Session: Class initialized using 'CodeIgniter\Session\Handlers\FileHandler' driver.
INFO - 2023-10-29 11:28:26 --> Session: Class initialized using 'CodeIgniter\Session\Handlers\FileHandler' driver.
INFO - 2023-10-29 11:34:15 --> Session: Class initialized using 'CodeIgniter\Session\Handlers\FileHandler' driver.
WARNING - 2023-10-29 11:34:23 --> [DEPRECATED] substr(): Passing null to parameter #1 ($string) of type string is deprecated in APPPATH\Controllers\Usuarios.php on line 295.
 1 APPPATH\Controllers\Usuarios.php(295): substr(null, 0, 3)
 2 SYSTEMPATH\CodeIgniter.php(932): App\Controllers\Usuarios->enviarCredenciales()
 3 SYSTEMPATH\CodeIgniter.php(497): CodeIgniter\CodeIgniter->runController(Object(App\Controllers\Usuarios))
 4 SYSTEMPATH\CodeIgniter.php(366): CodeIgniter\CodeIgniter->handleRequest(null, Object(Config\Cache), false)
 5 FCPATH\index.php(67): CodeIgniter\CodeIgniter->run()
ERROR - 2023-10-29 11:34:23 --> mysqli_sql_exception: Column 'nombres' cannot be null in C:\xampp2\htdocs\dismat\system\Database\MySQLi\Connection.php:295
Stack trace:
#0 C:\xampp2\htdocs\dismat\system\Database\MySQLi\Connection.php(295): mysqli->query('INSERT INTO `us...', 0)
#1 C:\xampp2\htdocs\dismat\system\Database\BaseConnection.php(692): CodeIgniter\Database\MySQLi\Connection->execute('INSERT INTO `us...')
#2 C:\xampp2\htdocs\dismat\system\Database\BaseConnection.php(606): CodeIgniter\Database\BaseConnection->simpleQuery('INSERT INTO `us...')
#3 C:\xampp2\htdocs\dismat\system\Database\BaseBuilder.php(2309): CodeIgniter\Database\BaseConnection->query('INSERT INTO `us...', Array, false)
#4 C:\xampp2\htdocs\dismat\system\Model.php(330): CodeIgniter\Database\BaseBuilder->insert()
#5 C:\xampp2\htdocs\dismat\system\BaseModel.php(782): CodeIgniter\Model->doInsert(Array)
#6 C:\xampp2\htdocs\dismat\system\Model.php(730): CodeIgniter\BaseModel->insert(Array, false)
#7 C:\xampp2\htdocs\dismat\system\BaseModel.php(692): CodeIgniter\Model->insert(Array, false)
#8 C:\xampp2\htdocs\dismat\app\Controllers\Usuarios.php(303): CodeIgniter\BaseModel->save(Array)
#9 C:\xampp2\htdocs\dismat\system\CodeIgniter.php(932): App\Controllers\Usuarios->enviarCredenciales()
#10 C:\xampp2\htdocs\dismat\system\CodeIgniter.php(497): CodeIgniter\CodeIgniter->runController(Object(App\Controllers\Usuarios))
#11 C:\xampp2\htdocs\dismat\system\CodeIgniter.php(366): CodeIgniter\CodeIgniter->handleRequest(NULL, Object(Config\Cache), false)
#12 C:\xampp2\htdocs\dismat\public\index.php(67): CodeIgniter\CodeIgniter->run()
#13 {main}
CRITICAL - 2023-10-29 11:34:23 --> Column 'nombres' cannot be null
in SYSTEMPATH\Database\MySQLi\Connection.php on line 295.
 1 SYSTEMPATH\Database\MySQLi\Connection.php(295): mysqli->query('INSERT INTO `usuarios` (`nombres`, `primerApellido`, `email`, `usuario`, `password`, `estado`, `fechaRegistro`, `fechaActualizacion`) VALUES (NULL, NULL, \'escobar.diego.1091@gmail.com\', \'\', \'$2y$10$ypITlKnUyj.GjGDI0bOLUe4hqs79DTkUIp0t0dJkIilRxqnaLczEG\', 1, \'2023-10-29 11:34:23\', \'2023-10-29 11:34:23\')', 0)
 2 SYSTEMPATH\Database\BaseConnection.php(692): CodeIgniter\Database\MySQLi\Connection->execute('INSERT INTO `usuarios` (`nombres`, `primerApellido`, `email`, `usuario`, `password`, `estado`, `fechaRegistro`, `fechaActualizacion`) VALUES (NULL, NULL, \'escobar.diego.1091@gmail.com\', \'\', \'$2y$10$ypITlKnUyj.GjGDI0bOLUe4hqs79DTkUIp0t0dJkIilRxqnaLczEG\', 1, \'2023-10-29 11:34:23\', \'2023-10-29 11:34:23\')')
 3 SYSTEMPATH\Database\BaseConnection.php(606): CodeIgniter\Database\BaseConnection->simpleQuery('INSERT INTO `usuarios` (`nombres`, `primerApellido`, `email`, `usuario`, `password`, `estado`, `fechaRegistro`, `fechaActualizacion`) VALUES (NULL, NULL, \'escobar.diego.1091@gmail.com\', \'\', \'$2y$10$ypITlKnUyj.GjGDI0bOLUe4hqs79DTkUIp0t0dJkIilRxqnaLczEG\', 1, \'2023-10-29 11:34:23\', \'2023-10-29 11:34:23\')')
 4 SYSTEMPATH\Database\BaseBuilder.php(2309): CodeIgniter\Database\BaseConnection->query('INSERT INTO `usuarios` (`nombres`, `primerApellido`, `email`, `usuario`, `password`, `estado`, `fechaRegistro`, `fechaActualizacion`) VALUES (:nombres:, :primerApellido:, :email:, :usuario:, :password:, :estado:, :fechaRegistro:, :fechaActualizacion:)', [...], false)
 5 SYSTEMPATH\Model.php(330): CodeIgniter\Database\BaseBuilder->insert()
 6 SYSTEMPATH\BaseModel.php(782): CodeIgniter\Model->doInsert([...])
 7 SYSTEMPATH\Model.php(730): CodeIgniter\BaseModel->insert([...], false)
 8 SYSTEMPATH\BaseModel.php(692): CodeIgniter\Model->insert([...], false)
 9 APPPATH\Controllers\Usuarios.php(303): CodeIgniter\BaseModel->save([...])
10 SYSTEMPATH\CodeIgniter.php(932): App\Controllers\Usuarios->enviarCredenciales()
11 SYSTEMPATH\CodeIgniter.php(497): CodeIgniter\CodeIgniter->runController(Object(App\Controllers\Usuarios))
12 SYSTEMPATH\CodeIgniter.php(366): CodeIgniter\CodeIgniter->handleRequest(null, Object(Config\Cache), false)
13 FCPATH\index.php(67): CodeIgniter\CodeIgniter->run()
WARNING - 2023-10-29 11:35:43 --> [DEPRECATED] substr(): Passing null to parameter #1 ($string) of type string is deprecated in APPPATH\Controllers\Usuarios.php on line 295.
 1 APPPATH\Controllers\Usuarios.php(295): substr(null, 0, 3)
 2 SYSTEMPATH\CodeIgniter.php(932): App\Controllers\Usuarios->enviarCredenciales()
 3 SYSTEMPATH\CodeIgniter.php(497): CodeIgniter\CodeIgniter->runController(Object(App\Controllers\Usuarios))
 4 SYSTEMPATH\CodeIgniter.php(366): CodeIgniter\CodeIgniter->handleRequest(null, Object(Config\Cache), false)
 5 FCPATH\index.php(67): CodeIgniter\CodeIgniter->run()
ERROR - 2023-10-29 11:35:43 --> mysqli_sql_exception: Cannot add or update a child row: a foreign key constraint fails (`dismat4`.`usuarios`, CONSTRAINT `fk_usuario_empleado` FOREIGN KEY (`id_Empleado`) REFERENCES `empleados` (`id_Empleado`)) in C:\xampp2\htdocs\dismat\system\Database\MySQLi\Connection.php:295
Stack trace:
#0 C:\xampp2\htdocs\dismat\system\Database\MySQLi\Connection.php(295): mysqli->query('INSERT INTO `us...', 0)
#1 C:\xampp2\htdocs\dismat\system\Database\BaseConnection.php(692): CodeIgniter\Database\MySQLi\Connection->execute('INSERT INTO `us...')
#2 C:\xampp2\htdocs\dismat\system\Database\BaseConnection.php(606): CodeIgniter\Database\BaseConnection->simpleQuery('INSERT INTO `us...')
#3 C:\xampp2\htdocs\dismat\system\Database\BaseBuilder.php(2309): CodeIgniter\Database\BaseConnection->query('INSERT INTO `us...', Array, false)
#4 C:\xampp2\htdocs\dismat\system\Model.php(330): CodeIgniter\Database\BaseBuilder->insert()
#5 C:\xampp2\htdocs\dismat\system\BaseModel.php(782): CodeIgniter\Model->doInsert(Array)
#6 C:\xampp2\htdocs\dismat\system\Model.php(730): CodeIgniter\BaseModel->insert(Array, false)
#7 C:\xampp2\htdocs\dismat\system\BaseModel.php(692): CodeIgniter\Model->insert(Array, false)
#8 C:\xampp2\htdocs\dismat\app\Controllers\Usuarios.php(303): CodeIgniter\BaseModel->save(Array)
#9 C:\xampp2\htdocs\dismat\system\CodeIgniter.php(932): App\Controllers\Usuarios->enviarCredenciales()
#10 C:\xampp2\htdocs\dismat\system\CodeIgniter.php(497): CodeIgniter\CodeIgniter->runController(Object(App\Controllers\Usuarios))
#11 C:\xampp2\htdocs\dismat\system\CodeIgniter.php(366): CodeIgniter\CodeIgniter->handleRequest(NULL, Object(Config\Cache), false)
#12 C:\xampp2\htdocs\dismat\public\index.php(67): CodeIgniter\CodeIgniter->run()
#13 {main}
CRITICAL - 2023-10-29 11:35:43 --> Cannot add or update a child row: a foreign key constraint fails (`dismat4`.`usuarios`, CONSTRAINT `fk_usuario_empleado` FOREIGN KEY (`id_Empleado`) REFERENCES `empleados` (`id_Empleado`))
in SYSTEMPATH\Database\MySQLi\Connection.php on line 295.
 1 SYSTEMPATH\Database\MySQLi\Connection.php(295): mysqli->query('INSERT INTO `usuarios` (`usuario`, `password`, `estado`, `fechaRegistro`, `fechaActualizacion`) VALUES (\'\', \'$2y$10$pRVZ588ouAtstDMG2kuR9exR9ozNbwzHiQE2GP6cBi87VH1Gyncfy\', 1, \'2023-10-29 11:35:43\', \'2023-10-29 11:35:43\')', 0)
 2 SYSTEMPATH\Database\BaseConnection.php(692): CodeIgniter\Database\MySQLi\Connection->execute('INSERT INTO `usuarios` (`usuario`, `password`, `estado`, `fechaRegistro`, `fechaActualizacion`) VALUES (\'\', \'$2y$10$pRVZ588ouAtstDMG2kuR9exR9ozNbwzHiQE2GP6cBi87VH1Gyncfy\', 1, \'2023-10-29 11:35:43\', \'2023-10-29 11:35:43\')')
 3 SYSTEMPATH\Database\BaseConnection.php(606): CodeIgniter\Database\BaseConnection->simpleQuery('INSERT INTO `usuarios` (`usuario`, `password`, `estado`, `fechaRegistro`, `fechaActualizacion`) VALUES (\'\', \'$2y$10$pRVZ588ouAtstDMG2kuR9exR9ozNbwzHiQE2GP6cBi87VH1Gyncfy\', 1, \'2023-10-29 11:35:43\', \'2023-10-29 11:35:43\')')
 4 SYSTEMPATH\Database\BaseBuilder.php(2309): CodeIgniter\Database\BaseConnection->query('INSERT INTO `usuarios` (`usuario`, `password`, `estado`, `fechaRegistro`, `fechaActualizacion`) VALUES (:usuario:, :password:, :estado:, :fechaRegistro:, :fechaActualizacion:)', [...], false)
 5 SYSTEMPATH\Model.php(330): CodeIgniter\Database\BaseBuilder->insert()
 6 SYSTEMPATH\BaseModel.php(782): CodeIgniter\Model->doInsert([...])
 7 SYSTEMPATH\Model.php(730): CodeIgniter\BaseModel->insert([...], false)
 8 SYSTEMPATH\BaseModel.php(692): CodeIgniter\Model->insert([...], false)
 9 APPPATH\Controllers\Usuarios.php(303): CodeIgniter\BaseModel->save([...])
10 SYSTEMPATH\CodeIgniter.php(932): App\Controllers\Usuarios->enviarCredenciales()
11 SYSTEMPATH\CodeIgniter.php(497): CodeIgniter\CodeIgniter->runController(Object(App\Controllers\Usuarios))
12 SYSTEMPATH\CodeIgniter.php(366): CodeIgniter\CodeIgniter->handleRequest(null, Object(Config\Cache), false)
13 FCPATH\index.php(67): CodeIgniter\CodeIgniter->run()
WARNING - 2023-10-29 11:37:12 --> [DEPRECATED] substr(): Passing null to parameter #1 ($string) of type string is deprecated in APPPATH\Controllers\Usuarios.php on line 295.
 1 APPPATH\Controllers\Usuarios.php(295): substr(null, 0, 3)
 2 SYSTEMPATH\CodeIgniter.php(932): App\Controllers\Usuarios->enviarCredenciales()
 3 SYSTEMPATH\CodeIgniter.php(497): CodeIgniter\CodeIgniter->runController(Object(App\Controllers\Usuarios))
 4 SYSTEMPATH\CodeIgniter.php(366): CodeIgniter\CodeIgniter->handleRequest(null, Object(Config\Cache), false)
 5 FCPATH\index.php(67): CodeIgniter\CodeIgniter->run()
ERROR - 2023-10-29 11:37:12 --> mysqli_sql_exception: Cannot add or update a child row: a foreign key constraint fails (`dismat4`.`usuarios`, CONSTRAINT `fk_usuario_empleado` FOREIGN KEY (`id_Empleado`) REFERENCES `empleados` (`id_Empleado`)) in C:\xampp2\htdocs\dismat\system\Database\MySQLi\Connection.php:295
Stack trace:
#0 C:\xampp2\htdocs\dismat\system\Database\MySQLi\Connection.php(295): mysqli->query('INSERT INTO `us...', 0)
#1 C:\xampp2\htdocs\dismat\system\Database\BaseConnection.php(692): CodeIgniter\Database\MySQLi\Connection->execute('INSERT INTO `us...')
#2 C:\xampp2\htdocs\dismat\system\Database\BaseConnection.php(606): CodeIgniter\Database\BaseConnection->simpleQuery('INSERT INTO `us...')
#3 C:\xampp2\htdocs\dismat\system\Database\BaseBuilder.php(2309): CodeIgniter\Database\BaseConnection->query('INSERT INTO `us...', Array, false)
#4 C:\xampp2\htdocs\dismat\system\Model.php(330): CodeIgniter\Database\BaseBuilder->insert()
#5 C:\xampp2\htdocs\dismat\system\BaseModel.php(782): CodeIgniter\Model->doInsert(Array)
#6 C:\xampp2\htdocs\dismat\system\Model.php(730): CodeIgniter\BaseModel->insert(Array, false)
#7 C:\xampp2\htdocs\dismat\system\BaseModel.php(692): CodeIgniter\Model->insert(Array, false)
#8 C:\xampp2\htdocs\dismat\app\Controllers\Usuarios.php(303): CodeIgniter\BaseModel->save(Array)
#9 C:\xampp2\htdocs\dismat\system\CodeIgniter.php(932): App\Controllers\Usuarios->enviarCredenciales()
#10 C:\xampp2\htdocs\dismat\system\CodeIgniter.php(497): CodeIgniter\CodeIgniter->runController(Object(App\Controllers\Usuarios))
#11 C:\xampp2\htdocs\dismat\system\CodeIgniter.php(366): CodeIgniter\CodeIgniter->handleRequest(NULL, Object(Config\Cache), false)
#12 C:\xampp2\htdocs\dismat\public\index.php(67): CodeIgniter\CodeIgniter->run()
#13 {main}
CRITICAL - 2023-10-29 11:37:12 --> Cannot add or update a child row: a foreign key constraint fails (`dismat4`.`usuarios`, CONSTRAINT `fk_usuario_empleado` FOREIGN KEY (`id_Empleado`) REFERENCES `empleados` (`id_Empleado`))
in SYSTEMPATH\Database\MySQLi\Connection.php on line 295.
 1 SYSTEMPATH\Database\MySQLi\Connection.php(295): mysqli->query('INSERT INTO `usuarios` (`usuario`, `password`, `estado`, `fechaRegistro`, `fechaActualizacion`) VALUES (\'\', \'$2y$10$B0AtBcZKh3y/kk9vRhuGQ.z8it6wCsQwQCxuopmfz39fDF0EhBwl6\', 1, \'2023-10-29 11:37:12\', \'2023-10-29 11:37:12\')', 0)
 2 SYSTEMPATH\Database\BaseConnection.php(692): CodeIgniter\Database\MySQLi\Connection->execute('INSERT INTO `usuarios` (`usuario`, `password`, `estado`, `fechaRegistro`, `fechaActualizacion`) VALUES (\'\', \'$2y$10$B0AtBcZKh3y/kk9vRhuGQ.z8it6wCsQwQCxuopmfz39fDF0EhBwl6\', 1, \'2023-10-29 11:37:12\', \'2023-10-29 11:37:12\')')
 3 SYSTEMPATH\Database\BaseConnection.php(606): CodeIgniter\Database\BaseConnection->simpleQuery('INSERT INTO `usuarios` (`usuario`, `password`, `estado`, `fechaRegistro`, `fechaActualizacion`) VALUES (\'\', \'$2y$10$B0AtBcZKh3y/kk9vRhuGQ.z8it6wCsQwQCxuopmfz39fDF0EhBwl6\', 1, \'2023-10-29 11:37:12\', \'2023-10-29 11:37:12\')')
 4 SYSTEMPATH\Database\BaseBuilder.php(2309): CodeIgniter\Database\BaseConnection->query('INSERT INTO `usuarios` (`usuario`, `password`, `estado`, `fechaRegistro`, `fechaActualizacion`) VALUES (:usuario:, :password:, :estado:, :fechaRegistro:, :fechaActualizacion:)', [...], false)
 5 SYSTEMPATH\Model.php(330): CodeIgniter\Database\BaseBuilder->insert()
 6 SYSTEMPATH\BaseModel.php(782): CodeIgniter\Model->doInsert([...])
 7 SYSTEMPATH\Model.php(730): CodeIgniter\BaseModel->insert([...], false)
 8 SYSTEMPATH\BaseModel.php(692): CodeIgniter\Model->insert([...], false)
 9 APPPATH\Controllers\Usuarios.php(303): CodeIgniter\BaseModel->save([...])
10 SYSTEMPATH\CodeIgniter.php(932): App\Controllers\Usuarios->enviarCredenciales()
11 SYSTEMPATH\CodeIgniter.php(497): CodeIgniter\CodeIgniter->runController(Object(App\Controllers\Usuarios))
12 SYSTEMPATH\CodeIgniter.php(366): CodeIgniter\CodeIgniter->handleRequest(null, Object(Config\Cache), false)
13 FCPATH\index.php(67): CodeIgniter\CodeIgniter->run()
WARNING - 2023-10-29 11:38:17 --> [DEPRECATED] substr(): Passing null to parameter #1 ($string) of type string is deprecated in APPPATH\Controllers\Usuarios.php on line 295.
 1 APPPATH\Controllers\Usuarios.php(295): substr(null, 0, 3)
 2 SYSTEMPATH\CodeIgniter.php(932): App\Controllers\Usuarios->enviarCredenciales()
 3 SYSTEMPATH\CodeIgniter.php(497): CodeIgniter\CodeIgniter->runController(Object(App\Controllers\Usuarios))
 4 SYSTEMPATH\CodeIgniter.php(366): CodeIgniter\CodeIgniter->handleRequest(null, Object(Config\Cache), false)
 5 FCPATH\index.php(67): CodeIgniter\CodeIgniter->run()
ERROR - 2023-10-29 11:38:17 --> mysqli_sql_exception: Column 'id_Empleado' cannot be null in C:\xampp2\htdocs\dismat\system\Database\MySQLi\Connection.php:295
Stack trace:
#0 C:\xampp2\htdocs\dismat\system\Database\MySQLi\Connection.php(295): mysqli->query('INSERT INTO `us...', 0)
#1 C:\xampp2\htdocs\dismat\system\Database\BaseConnection.php(692): CodeIgniter\Database\MySQLi\Connection->execute('INSERT INTO `us...')
#2 C:\xampp2\htdocs\dismat\system\Database\BaseConnection.php(606): CodeIgniter\Database\BaseConnection->simpleQuery('INSERT INTO `us...')
#3 C:\xampp2\htdocs\dismat\system\Database\BaseBuilder.php(2309): CodeIgniter\Database\BaseConnection->query('INSERT INTO `us...', Array, false)
#4 C:\xampp2\htdocs\dismat\system\Model.php(330): CodeIgniter\Database\BaseBuilder->insert()
#5 C:\xampp2\htdocs\dismat\system\BaseModel.php(782): CodeIgniter\Model->doInsert(Array)
#6 C:\xampp2\htdocs\dismat\system\Model.php(730): CodeIgniter\BaseModel->insert(Array, false)
#7 C:\xampp2\htdocs\dismat\system\BaseModel.php(692): CodeIgniter\Model->insert(Array, false)
#8 C:\xampp2\htdocs\dismat\app\Controllers\Usuarios.php(303): CodeIgniter\BaseModel->save(Array)
#9 C:\xampp2\htdocs\dismat\system\CodeIgniter.php(932): App\Controllers\Usuarios->enviarCredenciales()
#10 C:\xampp2\htdocs\dismat\system\CodeIgniter.php(497): CodeIgniter\CodeIgniter->runController(Object(App\Controllers\Usuarios))
#11 C:\xampp2\htdocs\dismat\system\CodeIgniter.php(366): CodeIgniter\CodeIgniter->handleRequest(NULL, Object(Config\Cache), false)
#12 C:\xampp2\htdocs\dismat\public\index.php(67): CodeIgniter\CodeIgniter->run()
#13 {main}
CRITICAL - 2023-10-29 11:38:17 --> Column 'id_Empleado' cannot be null
in SYSTEMPATH\Database\MySQLi\Connection.php on line 295.
 1 SYSTEMPATH\Database\MySQLi\Connection.php(295): mysqli->query('INSERT INTO `usuarios` (`usuario`, `password`, `estado`, `id_Empleado`, `fechaRegistro`, `fechaActualizacion`) VALUES (\'\', \'$2y$10$6Njx5lYrzJT6pNu2H4Ev4.3YhjAMaNLkFrEFskTsl3.Gdb8.dAhh6\', 1, NULL, \'2023-10-29 11:38:17\', \'2023-10-29 11:38:17\')', 0)
 2 SYSTEMPATH\Database\BaseConnection.php(692): CodeIgniter\Database\MySQLi\Connection->execute('INSERT INTO `usuarios` (`usuario`, `password`, `estado`, `id_Empleado`, `fechaRegistro`, `fechaActualizacion`) VALUES (\'\', \'$2y$10$6Njx5lYrzJT6pNu2H4Ev4.3YhjAMaNLkFrEFskTsl3.Gdb8.dAhh6\', 1, NULL, \'2023-10-29 11:38:17\', \'2023-10-29 11:38:17\')')
 3 SYSTEMPATH\Database\BaseConnection.php(606): CodeIgniter\Database\BaseConnection->simpleQuery('INSERT INTO `usuarios` (`usuario`, `password`, `estado`, `id_Empleado`, `fechaRegistro`, `fechaActualizacion`) VALUES (\'\', \'$2y$10$6Njx5lYrzJT6pNu2H4Ev4.3YhjAMaNLkFrEFskTsl3.Gdb8.dAhh6\', 1, NULL, \'2023-10-29 11:38:17\', \'2023-10-29 11:38:17\')')
 4 SYSTEMPATH\Database\BaseBuilder.php(2309): CodeIgniter\Database\BaseConnection->query('INSERT INTO `usuarios` (`usuario`, `password`, `estado`, `id_Empleado`, `fechaRegistro`, `fechaActualizacion`) VALUES (:usuario:, :password:, :estado:, :id_Empleado:, :fechaRegistro:, :fechaActualizacion:)', [...], false)
 5 SYSTEMPATH\Model.php(330): CodeIgniter\Database\BaseBuilder->insert()
 6 SYSTEMPATH\BaseModel.php(782): CodeIgniter\Model->doInsert([...])
 7 SYSTEMPATH\Model.php(730): CodeIgniter\BaseModel->insert([...], false)
 8 SYSTEMPATH\BaseModel.php(692): CodeIgniter\Model->insert([...], false)
 9 APPPATH\Controllers\Usuarios.php(303): CodeIgniter\BaseModel->save([...])
10 SYSTEMPATH\CodeIgniter.php(932): App\Controllers\Usuarios->enviarCredenciales()
11 SYSTEMPATH\CodeIgniter.php(497): CodeIgniter\CodeIgniter->runController(Object(App\Controllers\Usuarios))
12 SYSTEMPATH\CodeIgniter.php(366): CodeIgniter\CodeIgniter->handleRequest(null, Object(Config\Cache), false)
13 FCPATH\index.php(67): CodeIgniter\CodeIgniter->run()
WARNING - 2023-10-29 11:41:58 --> [DEPRECATED] substr(): Passing null to parameter #1 ($string) of type string is deprecated in APPPATH\Controllers\Usuarios.php on line 295.
 1 APPPATH\Controllers\Usuarios.php(295): substr(null, 0, 3)
 2 SYSTEMPATH\CodeIgniter.php(932): App\Controllers\Usuarios->enviarCredenciales()
 3 SYSTEMPATH\CodeIgniter.php(497): CodeIgniter\CodeIgniter->runController(Object(App\Controllers\Usuarios))
 4 SYSTEMPATH\CodeIgniter.php(366): CodeIgniter\CodeIgniter->handleRequest(null, Object(Config\Cache), false)
 5 FCPATH\index.php(67): CodeIgniter\CodeIgniter->run()
ERROR - 2023-10-29 11:41:58 --> mysqli_sql_exception: Column 'nombres' cannot be null in C:\xampp2\htdocs\dismat\system\Database\MySQLi\Connection.php:295
Stack trace:
#0 C:\xampp2\htdocs\dismat\system\Database\MySQLi\Connection.php(295): mysqli->query('INSERT INTO `us...', 0)
#1 C:\xampp2\htdocs\dismat\system\Database\BaseConnection.php(692): CodeIgniter\Database\MySQLi\Connection->execute('INSERT INTO `us...')
#2 C:\xampp2\htdocs\dismat\system\Database\BaseConnection.php(606): CodeIgniter\Database\BaseConnection->simpleQuery('INSERT INTO `us...')
#3 C:\xampp2\htdocs\dismat\system\Database\BaseBuilder.php(2309): CodeIgniter\Database\BaseConnection->query('INSERT INTO `us...', Array, false)
#4 C:\xampp2\htdocs\dismat\system\Model.php(330): CodeIgniter\Database\BaseBuilder->insert()
#5 C:\xampp2\htdocs\dismat\system\BaseModel.php(782): CodeIgniter\Model->doInsert(Array)
#6 C:\xampp2\htdocs\dismat\system\Model.php(730): CodeIgniter\BaseModel->insert(Array, false)
#7 C:\xampp2\htdocs\dismat\system\BaseModel.php(692): CodeIgniter\Model->insert(Array, false)
#8 C:\xampp2\htdocs\dismat\app\Controllers\Usuarios.php(303): CodeIgniter\BaseModel->save(Array)
#9 C:\xampp2\htdocs\dismat\system\CodeIgniter.php(932): App\Controllers\Usuarios->enviarCredenciales()
#10 C:\xampp2\htdocs\dismat\system\CodeIgniter.php(497): CodeIgniter\CodeIgniter->runController(Object(App\Controllers\Usuarios))
#11 C:\xampp2\htdocs\dismat\system\CodeIgniter.php(366): CodeIgniter\CodeIgniter->handleRequest(NULL, Object(Config\Cache), false)
#12 C:\xampp2\htdocs\dismat\public\index.php(67): CodeIgniter\CodeIgniter->run()
#13 {main}
CRITICAL - 2023-10-29 11:41:58 --> Column 'nombres' cannot be null
in SYSTEMPATH\Database\MySQLi\Connection.php on line 295.
 1 SYSTEMPATH\Database\MySQLi\Connection.php(295): mysqli->query('INSERT INTO `usuarios` (`nombres`, `primerApellido`, `segundoApellido`, `email`, `celular`, `usuario`, `password`, `id_Empleado`, `estado`, `fechaRegistro`, `fechaActualizacion`) VALUES (NULL, NULL, NULL, \'escobar.diego.1091@gmail.com\', NULL, \'\', \'$2y$10$7br4iTLSqwcK16uiX8vwjeQ.5PcDUQvWrQTCB6UgVjOyAscmv2ala\', NULL, 1, \'2023-10-29 11:41:58\', \'2023-10-29 11:41:58\')', 0)
 2 SYSTEMPATH\Database\BaseConnection.php(692): CodeIgniter\Database\MySQLi\Connection->execute('INSERT INTO `usuarios` (`nombres`, `primerApellido`, `segundoApellido`, `email`, `celular`, `usuario`, `password`, `id_Empleado`, `estado`, `fechaRegistro`, `fechaActualizacion`) VALUES (NULL, NULL, NULL, \'escobar.diego.1091@gmail.com\', NULL, \'\', \'$2y$10$7br4iTLSqwcK16uiX8vwjeQ.5PcDUQvWrQTCB6UgVjOyAscmv2ala\', NULL, 1, \'2023-10-29 11:41:58\', \'2023-10-29 11:41:58\')')
 3 SYSTEMPATH\Database\BaseConnection.php(606): CodeIgniter\Database\BaseConnection->simpleQuery('INSERT INTO `usuarios` (`nombres`, `primerApellido`, `segundoApellido`, `email`, `celular`, `usuario`, `password`, `id_Empleado`, `estado`, `fechaRegistro`, `fechaActualizacion`) VALUES (NULL, NULL, NULL, \'escobar.diego.1091@gmail.com\', NULL, \'\', \'$2y$10$7br4iTLSqwcK16uiX8vwjeQ.5PcDUQvWrQTCB6UgVjOyAscmv2ala\', NULL, 1, \'2023-10-29 11:41:58\', \'2023-10-29 11:41:58\')')
 4 SYSTEMPATH\Database\BaseBuilder.php(2309): CodeIgniter\Database\BaseConnection->query('INSERT INTO `usuarios` (`nombres`, `primerApellido`, `segundoApellido`, `email`, `celular`, `usuario`, `password`, `id_Empleado`, `estado`, `fechaRegistro`, `fechaActualizacion`) VALUES (:nombres:, :primerApellido:, :segundoApellido:, :email:, :celular:, :usuario:, :password:, :id_Empleado:, :estado:, :fechaRegistro:, :fechaActualizacion:)', [...], false)
 5 SYSTEMPATH\Model.php(330): CodeIgniter\Database\BaseBuilder->insert()
 6 SYSTEMPATH\BaseModel.php(782): CodeIgniter\Model->doInsert([...])
 7 SYSTEMPATH\Model.php(730): CodeIgniter\BaseModel->insert([...], false)
 8 SYSTEMPATH\BaseModel.php(692): CodeIgniter\Model->insert([...], false)
 9 APPPATH\Controllers\Usuarios.php(303): CodeIgniter\BaseModel->save([...])
10 SYSTEMPATH\CodeIgniter.php(932): App\Controllers\Usuarios->enviarCredenciales()
11 SYSTEMPATH\CodeIgniter.php(497): CodeIgniter\CodeIgniter->runController(Object(App\Controllers\Usuarios))
12 SYSTEMPATH\CodeIgniter.php(366): CodeIgniter\CodeIgniter->handleRequest(null, Object(Config\Cache), false)
13 FCPATH\index.php(67): CodeIgniter\CodeIgniter->run()
CRITICAL - 2023-10-29 11:53:35 --> Call to undefined method App\Models\UsuariosModel::getPost
in SYSTEMPATH\Model.php on line 838.
 1 APPPATH\Controllers\Usuarios.php(280): CodeIgniter\Model->__call('getPost', [...])
 2 SYSTEMPATH\CodeIgniter.php(932): App\Controllers\Usuarios->enviarCredenciales()
 3 SYSTEMPATH\CodeIgniter.php(497): CodeIgniter\CodeIgniter->runController(Object(App\Controllers\Usuarios))
 4 SYSTEMPATH\CodeIgniter.php(366): CodeIgniter\CodeIgniter->handleRequest(null, Object(Config\Cache), false)
 5 FCPATH\index.php(67): CodeIgniter\CodeIgniter->run()
CRITICAL - 2023-10-29 12:09:50 --> Call to undefined method App\Models\UsuariosModel::getPost
in SYSTEMPATH\Model.php on line 838.
 1 APPPATH\Controllers\Usuarios.php(297): CodeIgniter\Model->__call('getPost', [...])
 2 SYSTEMPATH\CodeIgniter.php(932): App\Controllers\Usuarios->enviarCredenciales()
 3 SYSTEMPATH\CodeIgniter.php(497): CodeIgniter\CodeIgniter->runController(Object(App\Controllers\Usuarios))
 4 SYSTEMPATH\CodeIgniter.php(366): CodeIgniter\CodeIgniter->handleRequest(null, Object(Config\Cache), false)
 5 FCPATH\index.php(67): CodeIgniter\CodeIgniter->run()
INFO - 2023-10-29 12:10:48 --> Session: Class initialized using 'CodeIgniter\Session\Handlers\FileHandler' driver.
INFO - 2023-10-29 12:10:52 --> Session: Class initialized using 'CodeIgniter\Session\Handlers\FileHandler' driver.
INFO - 2023-10-29 12:11:39 --> Session: Class initialized using 'CodeIgniter\Session\Handlers\FileHandler' driver.
INFO - 2023-10-29 12:15:59 --> Session: Class initialized using 'CodeIgniter\Session\Handlers\FileHandler' driver.
INFO - 2023-10-29 12:24:05 --> Session: Class initialized using 'CodeIgniter\Session\Handlers\FileHandler' driver.
INFO - 2023-10-29 12:24:12 --> Session: Class initialized using 'CodeIgniter\Session\Handlers\FileHandler' driver.
INFO - 2023-10-29 12:24:15 --> Session: Class initialized using 'CodeIgniter\Session\Handlers\FileHandler' driver.
INFO - 2023-10-29 12:24:34 --> Session: Class initialized using 'CodeIgniter\Session\Handlers\FileHandler' driver.
INFO - 2023-10-29 12:25:18 --> Session: Class initialized using 'CodeIgniter\Session\Handlers\FileHandler' driver.
INFO - 2023-10-29 12:25:37 --> Session: Class initialized using 'CodeIgniter\Session\Handlers\FileHandler' driver.
INFO - 2023-10-29 12:25:58 --> Session: Class initialized using 'CodeIgniter\Session\Handlers\FileHandler' driver.
CRITICAL - 2023-10-29 12:30:04 --> Undefined variable $accion
in APPPATH\Controllers\Usuarios.php on line 68.
 1 APPPATH\Controllers\Usuarios.php(68): CodeIgniter\Debug\Exceptions->errorHandler(2, 'Undefined variable $accion', 'C:\\xampp2\\htdocs\\dismat\\app\\Controllers\\Usuarios.php', 68)
 2 SYSTEMPATH\CodeIgniter.php(932): App\Controllers\Usuarios->index()
 3 SYSTEMPATH\CodeIgniter.php(497): CodeIgniter\CodeIgniter->runController(Object(App\Controllers\Usuarios))
 4 SYSTEMPATH\CodeIgniter.php(366): CodeIgniter\CodeIgniter->handleRequest(null, Object(Config\Cache), false)
 5 FCPATH\index.php(67): CodeIgniter\CodeIgniter->run()
INFO - 2023-10-29 12:30:21 --> Session: Class initialized using 'CodeIgniter\Session\Handlers\FileHandler' driver.
INFO - 2023-10-29 12:30:37 --> Session: Class initialized using 'CodeIgniter\Session\Handlers\FileHandler' driver.
INFO - 2023-10-29 12:55:49 --> Session: Class initialized using 'CodeIgniter\Session\Handlers\FileHandler' driver.
INFO - 2023-10-29 12:55:53 --> Session: Class initialized using 'CodeIgniter\Session\Handlers\FileHandler' driver.
WARNING - 2023-10-29 12:56:10 --> [DEPRECATED] preg_replace(): Passing null to parameter #3 ($subject) of type array|string is deprecated in APPPATH\Controllers\Ventas.php on line 68.
 1 APPPATH\Controllers\Ventas.php(68): preg_replace('/[\\$,]/', '', null)
 2 SYSTEMPATH\CodeIgniter.php(932): App\Controllers\Ventas->guarda()
 3 SYSTEMPATH\CodeIgniter.php(497): CodeIgniter\CodeIgniter->runController(Object(App\Controllers\Ventas))
 4 SYSTEMPATH\CodeIgniter.php(366): CodeIgniter\CodeIgniter->handleRequest(null, Object(Config\Cache), false)
 5 FCPATH\index.php(67): CodeIgniter\CodeIgniter->run()
CRITICAL - 2023-10-29 12:56:10 --> CodeIgniter\BaseModel::transformDataToArray(): Return value must be of type array, string returned
in SYSTEMPATH\BaseModel.php on line 1719.
 1 SYSTEMPATH\BaseModel.php(742): CodeIgniter\BaseModel->transformDataToArray('\'653e5659a3466\'', 'insert')
 2 SYSTEMPATH\Model.php(730): CodeIgniter\BaseModel->insert('\'653e5659a3466\'', true)
 3 APPPATH\Models\VentasModel.php(58): CodeIgniter\Model->insert('\'653e5659a3466\'')
 4 APPPATH\Controllers\Ventas.php(74): App\Models\VentasModel->insertarVenta('\'653e5659a3466\'', '', null, null)
 5 SYSTEMPATH\CodeIgniter.php(932): App\Controllers\Ventas->guarda()
 6 SYSTEMPATH\CodeIgniter.php(497): CodeIgniter\CodeIgniter->runController(Object(App\Controllers\Ventas))
 7 SYSTEMPATH\CodeIgniter.php(366): CodeIgniter\CodeIgniter->handleRequest(null, Object(Config\Cache), false)
 8 FCPATH\index.php(67): CodeIgniter\CodeIgniter->run()
WARNING - 2023-10-29 12:57:10 --> [DEPRECATED] preg_replace(): Passing null to parameter #3 ($subject) of type array|string is deprecated in APPPATH\Controllers\Ventas.php on line 68.
 1 APPPATH\Controllers\Ventas.php(68): preg_replace('/[\\$,]/', '', null)
 2 SYSTEMPATH\CodeIgniter.php(932): App\Controllers\Ventas->guarda()
 3 SYSTEMPATH\CodeIgniter.php(497): CodeIgniter\CodeIgniter->runController(Object(App\Controllers\Ventas))
 4 SYSTEMPATH\CodeIgniter.php(366): CodeIgniter\CodeIgniter->handleRequest(null, Object(Config\Cache), false)
 5 FCPATH\index.php(67): CodeIgniter\CodeIgniter->run()
CRITICAL - 2023-10-29 12:57:10 --> CodeIgniter\BaseModel::transformDataToArray(): Return value must be of type array, string returned
in SYSTEMPATH\BaseModel.php on line 1719.
 1 SYSTEMPATH\BaseModel.php(742): CodeIgniter\BaseModel->transformDataToArray('\'653e5659a3466\'', 'insert')
 2 SYSTEMPATH\Model.php(730): CodeIgniter\BaseModel->insert('\'653e5659a3466\'', true)
 3 APPPATH\Models\VentasModel.php(58): CodeIgniter\Model->insert('\'653e5659a3466\'')
 4 APPPATH\Controllers\Ventas.php(74): App\Models\VentasModel->insertarVenta('\'653e5659a3466\'', '', null, null)
 5 SYSTEMPATH\CodeIgniter.php(932): App\Controllers\Ventas->guarda()
 6 SYSTEMPATH\CodeIgniter.php(497): CodeIgniter\CodeIgniter->runController(Object(App\Controllers\Ventas))
 7 SYSTEMPATH\CodeIgniter.php(366): CodeIgniter\CodeIgniter->handleRequest(null, Object(Config\Cache), false)
 8 FCPATH\index.php(67): CodeIgniter\CodeIgniter->run()
INFO - 2023-10-29 12:57:18 --> Session: Class initialized using 'CodeIgniter\Session\Handlers\FileHandler' driver.
INFO - 2023-10-29 13:02:48 --> Session: Class initialized using 'CodeIgniter\Session\Handlers\FileHandler' driver.
INFO - 2023-10-29 13:14:32 --> Session: Class initialized using 'CodeIgniter\Session\Handlers\FileHandler' driver.
INFO - 2023-10-29 13:15:29 --> Session: Class initialized using 'CodeIgniter\Session\Handlers\FileHandler' driver.
INFO - 2023-10-29 14:13:21 --> Session: Class initialized using 'CodeIgniter\Session\Handlers\FileHandler' driver.
CRITICAL - 2023-10-29 14:19:33 --> Cannot access offset of type string on string
in APPPATH\Controllers\Usuarios.php on line 231.
 1 SYSTEMPATH\CodeIgniter.php(932): App\Controllers\Usuarios->valida()
 2 SYSTEMPATH\CodeIgniter.php(497): CodeIgniter\CodeIgniter->runController(Object(App\Controllers\Usuarios))
 3 SYSTEMPATH\CodeIgniter.php(366): CodeIgniter\CodeIgniter->handleRequest(null, Object(Config\Cache), false)
 4 FCPATH\index.php(67): CodeIgniter\CodeIgniter->run()
CRITICAL - 2023-10-29 15:26:56 --> syntax error, unexpected token "}", expecting "," or ";"
in APPPATH\Controllers\Usuarios.php on line 424.
 1 SYSTEMPATH\Router\Router.php(510): CodeIgniter\Router\AutoRouter->getRoute('usuarios', 'get')
 2 SYSTEMPATH\Router\Router.php(208): CodeIgniter\Router\Router->autoRoute('usuarios')
 3 SYSTEMPATH\CodeIgniter.php(813): CodeIgniter\Router\Router->handle('usuarios')
 4 SYSTEMPATH\CodeIgniter.php(447): CodeIgniter\CodeIgniter->tryToRouteIt(Object(CodeIgniter\Router\RouteCollection))
 5 SYSTEMPATH\CodeIgniter.php(366): CodeIgniter\CodeIgniter->handleRequest(null, Object(Config\Cache), false)
 6 FCPATH\index.php(67): CodeIgniter\CodeIgniter->run()
INFO - 2023-10-29 15:30:59 --> Session: Class initialized using 'CodeIgniter\Session\Handlers\FileHandler' driver.
INFO - 2023-10-29 15:31:28 --> Session: Class initialized using 'CodeIgniter\Session\Handlers\FileHandler' driver.
INFO - 2023-10-29 15:34:01 --> Session: Class initialized using 'CodeIgniter\Session\Handlers\FileHandler' driver.
INFO - 2023-10-29 15:34:06 --> Session: Class initialized using 'CodeIgniter\Session\Handlers\FileHandler' driver.
CRITICAL - 2023-10-29 15:39:48 --> Unterminated comment starting line 250
in APPPATH\Views\encabezado.php on line 250.
 1 SYSTEMPATH\View\View.php(227): CodeIgniter\View\View->CodeIgniter\View\{closure}()
 2 SYSTEMPATH\Common.php(1176): CodeIgniter\View\View->render('encabezado', [], true)
 3 APPPATH\Controllers\Usuarios.php(69): view('encabezado')
 4 SYSTEMPATH\CodeIgniter.php(932): App\Controllers\Usuarios->index()
 5 SYSTEMPATH\CodeIgniter.php(497): CodeIgniter\CodeIgniter->runController(Object(App\Controllers\Usuarios))
 6 SYSTEMPATH\CodeIgniter.php(366): CodeIgniter\CodeIgniter->handleRequest(null, Object(Config\Cache), false)
 7 FCPATH\index.php(67): CodeIgniter\CodeIgniter->run()
INFO - 2023-10-29 15:40:50 --> Session: Class initialized using 'CodeIgniter\Session\Handlers\FileHandler' driver.
INFO - 2023-10-29 15:41:57 --> Session: Class initialized using 'CodeIgniter\Session\Handlers\FileHandler' driver.
INFO - 2023-10-29 15:46:56 --> Session: Class initialized using 'CodeIgniter\Session\Handlers\FileHandler' driver.
INFO - 2023-10-29 15:47:39 --> Session: Class initialized using 'CodeIgniter\Session\Handlers\FileHandler' driver.
INFO - 2023-10-29 15:47:51 --> Session: Class initialized using 'CodeIgniter\Session\Handlers\FileHandler' driver.
INFO - 2023-10-29 20:19:29 --> Session: Class initialized using 'CodeIgniter\Session\Handlers\FileHandler' driver.
INFO - 2023-10-29 20:54:35 --> Session: Class initialized using 'CodeIgniter\Session\Handlers\FileHandler' driver.
